---------------------------------------------------------------
[ 2018-09-06T19:39:46+08:00 ] 127.0.0.1 GET /index/goods/brand_list
[ info ] www.ecshop4.com/index/goods/brand_list [运行时间：0.113501s][吞吐率：8.81req/s] [内存消耗：2,450.51kb] [文件加载：44]
[ info ] [ LANG ] C:\Users\Shinelon\Desktop\ecshop\ThinkPHP\thinkphp\lang\zh-cn.php
[ info ] [ ROUTE ] array (
  'type' => 'module',
  'module' => 
  array (
    0 => 'index',
    1 => 'goods',
    2 => 'brand_list',
  ),
)
[ info ] [ HEADER ] array (
  'host' => 'www.ecshop4.com',
  'connection' => 'keep-alive',
  'upgrade-insecure-requests' => '1',
  'user-agent' => 'Mozilla/5.0 (Windows NT 10.0; Win64; x64) AppleWebKit/537.36 (KHTML, like Gecko) Chrome/68.0.3440.106 Safari/537.36',
  'accept' => 'text/html,application/xhtml+xml,application/xml;q=0.9,image/webp,image/apng,*/*;q=0.8',
  'referer' => 'http://www.ecshop4.com/index/Index/menu',
  'accept-encoding' => 'gzip, deflate',
  'accept-language' => 'zh-CN,zh;q=0.9',
  'cookie' => 'ECS_LastCheckOrder=Thu%2C%2006%20Sep%202018%2011%3A39%3A14%20GMT',
)
[ info ] [ PARAM ] array (
)
[ info ] [ RUN ] app\index\controller\Goods->brand_list[ C:\Users\Shinelon\Desktop\ecshop\ThinkPHP\application\index\controller\Goods.php ]
[ info ] [ DB ] INIT mysql
[ info ] [ VIEW ] C:\Users\Shinelon\Desktop\ecshop\ThinkPHP\public/../application/index\view\goods\brand_list.html [ array (
  0 => 'arr',
) ]
[ info ] [ LOG ] INIT File
[ sql ] [ DB ] CONNECT:[ UseTime:0.011003s ] mysql:host=127.0.0.1;port=3306;dbname=ecsp;charset=utf8
[ sql ] [ SQL ] SHOW COLUMNS FROM `brand` [ RunTime:0.030031s ]
[ sql ] [ SQL ] SELECT * FROM `brand` [ RunTime:0.000496s ]
[ error ] [0]类的属性不存在:app\index\model\Brand->order_sort[C:\Users\Shinelon\Desktop\ecshop\ThinkPHP\thinkphp\library\think\Model.php:624]
---------------------------------------------------------------
[ 2018-09-06T19:40:27+08:00 ] 127.0.0.1 GET /index/goods/brand_list
[ info ] www.ecshop4.com/index/goods/brand_list [运行时间：0.094001s][吞吐率：10.64req/s] [内存消耗：2,450.41kb] [文件加载：44]
[ info ] [ LANG ] C:\Users\Shinelon\Desktop\ecshop\ThinkPHP\thinkphp\lang\zh-cn.php
[ info ] [ ROUTE ] array (
  'type' => 'module',
  'module' => 
  array (
    0 => 'index',
    1 => 'goods',
    2 => 'brand_list',
  ),
)
[ info ] [ HEADER ] array (
  'host' => 'www.ecshop4.com',
  'connection' => 'keep-alive',
  'upgrade-insecure-requests' => '1',
  'user-agent' => 'Mozilla/5.0 (Windows NT 10.0; Win64; x64) AppleWebKit/537.36 (KHTML, like Gecko) Chrome/68.0.3440.106 Safari/537.36',
  'accept' => 'text/html,application/xhtml+xml,application/xml;q=0.9,image/webp,image/apng,*/*;q=0.8',
  'referer' => 'http://www.ecshop4.com/index/Index/menu',
  'accept-encoding' => 'gzip, deflate',
  'accept-language' => 'zh-CN,zh;q=0.9',
  'cookie' => 'ECS_LastCheckOrder=Thu%2C%2006%20Sep%202018%2011%3A39%3A14%20GMT',
)
[ info ] [ PARAM ] array (
)
[ info ] [ RUN ] app\index\controller\Goods->brand_list[ C:\Users\Shinelon\Desktop\ecshop\ThinkPHP\application\index\controller\Goods.php ]
[ info ] [ DB ] INIT mysql
[ info ] [ VIEW ] C:\Users\Shinelon\Desktop\ecshop\ThinkPHP\public/../application/index\view\goods\brand_list.html [ array (
  0 => 'arr',
) ]
[ info ] [ LOG ] INIT File
[ sql ] [ DB ] CONNECT:[ UseTime:0.001495s ] mysql:host=127.0.0.1;port=3306;dbname=ecsp;charset=utf8
[ sql ] [ SQL ] SHOW COLUMNS FROM `brand` [ RunTime:0.023004s ]
[ sql ] [ SQL ] SELECT * FROM `brand` [ RunTime:0.000503s ]
[ error ] [0]类的属性不存在:app\index\model\Brand->order_sort[C:\Users\Shinelon\Desktop\ecshop\ThinkPHP\thinkphp\library\think\Model.php:624]
---------------------------------------------------------------
[ 2018-09-06T19:40:43+08:00 ] 127.0.0.1 GET /static/images/nav/email.on.png
[ info ] www.ecshop4.com/static/images/nav/email.on.png [运行时间：0.041501s][吞吐率：24.10req/s] [内存消耗：1,049.96kb] [文件加载：28]
[ info ] [ LANG ] C:\Users\Shinelon\Desktop\ecshop\ThinkPHP\thinkphp\lang\zh-cn.php
[ info ] [ ROUTE ] array (
  'type' => 'module',
  'module' => 
  array (
    0 => 'static',
    1 => 'images',
    2 => 'nav',
  ),
)
[ info ] [ HEADER ] array (
  'host' => 'www.ecshop4.com',
  'connection' => 'keep-alive',
  'user-agent' => 'Mozilla/5.0 (Windows NT 10.0; Win64; x64) AppleWebKit/537.36 (KHTML, like Gecko) Chrome/68.0.3440.106 Safari/537.36',
  'accept' => 'image/webp,image/apng,image/*,*/*;q=0.8',
  'referer' => 'http://www.ecshop4.com/static/css/nav.css',
  'accept-encoding' => 'gzip, deflate',
  'accept-language' => 'zh-CN,zh;q=0.9',
)
[ info ] [ PARAM ] array (
)
[ info ] [ LOG ] INIT File
---------------------------------------------------------------
[ 2018-09-06T19:40:43+08:00 ] 127.0.0.1 GET /static/images/nav/lead.on.png
[ info ] www.ecshop4.com/static/images/nav/lead.on.png [运行时间：0.038498s][吞吐率：25.98req/s] [内存消耗：1,049.95kb] [文件加载：28]
[ info ] [ LANG ] C:\Users\Shinelon\Desktop\ecshop\ThinkPHP\thinkphp\lang\zh-cn.php
[ info ] [ ROUTE ] array (
  'type' => 'module',
  'module' => 
  array (
    0 => 'static',
    1 => 'images',
    2 => 'nav',
  ),
)
[ info ] [ HEADER ] array (
  'host' => 'www.ecshop4.com',
  'connection' => 'keep-alive',
  'user-agent' => 'Mozilla/5.0 (Windows NT 10.0; Win64; x64) AppleWebKit/537.36 (KHTML, like Gecko) Chrome/68.0.3440.106 Safari/537.36',
  'accept' => 'image/webp,image/apng,image/*,*/*;q=0.8',
  'referer' => 'http://www.ecshop4.com/static/css/nav.css',
  'accept-encoding' => 'gzip, deflate',
  'accept-language' => 'zh-CN,zh;q=0.9',
)
[ info ] [ PARAM ] array (
)
[ info ] [ LOG ] INIT File
---------------------------------------------------------------
[ 2018-09-06T19:41:35+08:00 ] 127.0.0.1 GET /static/images/nav/banner.on.png
[ info ] www.ecshop4.com/static/images/nav/banner.on.png [运行时间：0.049973s][吞吐率：20.01req/s] [内存消耗：1,050.04kb] [文件加载：28]
[ info ] [ LANG ] C:\Users\Shinelon\Desktop\ecshop\ThinkPHP\thinkphp\lang\zh-cn.php
[ info ] [ ROUTE ] array (
  'type' => 'module',
  'module' => 
  array (
    0 => 'static',
    1 => 'images',
    2 => 'nav',
  ),
)
[ info ] [ HEADER ] array (
  'host' => 'www.ecshop4.com',
  'connection' => 'keep-alive',
  'user-agent' => 'Mozilla/5.0 (Windows NT 10.0; Win64; x64) AppleWebKit/537.36 (KHTML, like Gecko) Chrome/68.0.3440.106 Safari/537.36',
  'accept' => 'image/webp,image/apng,image/*,*/*;q=0.8',
  'referer' => 'http://www.ecshop4.com/static/css/nav.css',
  'accept-encoding' => 'gzip, deflate',
  'accept-language' => 'zh-CN,zh;q=0.9',
)
[ info ] [ PARAM ] array (
)
[ info ] [ LOG ] INIT File
---------------------------------------------------------------
[ 2018-09-06T19:41:35+08:00 ] 127.0.0.1 GET /index/goods/brand_list
[ info ] www.ecshop4.com/index/goods/brand_list [运行时间：0.090501s][吞吐率：11.05req/s] [内存消耗：2,579.13kb] [文件加载：44]
[ info ] [ LANG ] C:\Users\Shinelon\Desktop\ecshop\ThinkPHP\thinkphp\lang\zh-cn.php
[ info ] [ ROUTE ] array (
  'type' => 'module',
  'module' => 
  array (
    0 => 'index',
    1 => 'goods',
    2 => 'brand_list',
  ),
)
[ info ] [ HEADER ] array (
  'host' => 'www.ecshop4.com',
  'connection' => 'keep-alive',
  'upgrade-insecure-requests' => '1',
  'user-agent' => 'Mozilla/5.0 (Windows NT 10.0; Win64; x64) AppleWebKit/537.36 (KHTML, like Gecko) Chrome/68.0.3440.106 Safari/537.36',
  'accept' => 'text/html,application/xhtml+xml,application/xml;q=0.9,image/webp,image/apng,*/*;q=0.8',
  'referer' => 'http://www.ecshop4.com/index/Index/menu',
  'accept-encoding' => 'gzip, deflate',
  'accept-language' => 'zh-CN,zh;q=0.9',
  'cookie' => 'ECS_LastCheckOrder=Thu%2C%2006%20Sep%202018%2011%3A39%3A14%20GMT',
)
[ info ] [ PARAM ] array (
)
[ info ] [ RUN ] app\index\controller\Goods->brand_list[ C:\Users\Shinelon\Desktop\ecshop\ThinkPHP\application\index\controller\Goods.php ]
[ info ] [ DB ] INIT mysql
[ info ] [ VIEW ] C:\Users\Shinelon\Desktop\ecshop\ThinkPHP\public/../application/index\view\goods\brand_list.html [ array (
  0 => 'arr',
) ]
[ info ] [ LOG ] INIT File
[ sql ] [ DB ] CONNECT:[ UseTime:0.000999s ] mysql:host=127.0.0.1;port=3306;dbname=ecsp;charset=utf8
[ sql ] [ SQL ] SHOW COLUMNS FROM `brand` [ RunTime:0.019505s ]
[ sql ] [ SQL ] SELECT * FROM `brand` [ RunTime:0.000503s ]
---------------------------------------------------------------
[ 2018-09-06T19:41:37+08:00 ] 127.0.0.1 GET /index/goods/brand_add
[ info ] www.ecshop4.com/index/goods/brand_add [运行时间：0.040998s][吞吐率：24.39req/s] [内存消耗：1,317.62kb] [文件加载：34]
[ info ] [ LANG ] C:\Users\Shinelon\Desktop\ecshop\ThinkPHP\thinkphp\lang\zh-cn.php
[ info ] [ ROUTE ] array (
  'type' => 'module',
  'module' => 
  array (
    0 => 'index',
    1 => 'goods',
    2 => 'brand_add',
  ),
)
[ info ] [ HEADER ] array (
  'host' => 'www.ecshop4.com',
  'connection' => 'keep-alive',
  'upgrade-insecure-requests' => '1',
  'user-agent' => 'Mozilla/5.0 (Windows NT 10.0; Win64; x64) AppleWebKit/537.36 (KHTML, like Gecko) Chrome/68.0.3440.106 Safari/537.36',
  'accept' => 'text/html,application/xhtml+xml,application/xml;q=0.9,image/webp,image/apng,*/*;q=0.8',
  'referer' => 'http://www.ecshop4.com/index/goods/brand_list',
  'accept-encoding' => 'gzip, deflate',
  'accept-language' => 'zh-CN,zh;q=0.9',
  'cookie' => 'ECS_LastCheckOrder=Thu%2C%2006%20Sep%202018%2011%3A39%3A14%20GMT',
)
[ info ] [ PARAM ] array (
)
[ info ] [ RUN ] app\index\controller\Goods->brand_add[ C:\Users\Shinelon\Desktop\ecshop\ThinkPHP\application\index\controller\Goods.php ]
[ info ] [ VIEW ] C:\Users\Shinelon\Desktop\ecshop\ThinkPHP\public/../application/index\view\goods\brand_add.html [ array (
) ]
[ info ] [ LOG ] INIT File
---------------------------------------------------------------
[ 2018-09-06T19:41:38+08:00 ] 127.0.0.1 GET /index/goods/brand_list
[ info ] www.ecshop4.com/index/goods/brand_list [运行时间：0.090483s][吞吐率：11.05req/s] [内存消耗：2,417.27kb] [文件加载：42]
[ info ] [ LANG ] C:\Users\Shinelon\Desktop\ecshop\ThinkPHP\thinkphp\lang\zh-cn.php
[ info ] [ ROUTE ] array (
  'type' => 'module',
  'module' => 
  array (
    0 => 'index',
    1 => 'goods',
    2 => 'brand_list',
  ),
)
[ info ] [ HEADER ] array (
  'host' => 'www.ecshop4.com',
  'connection' => 'keep-alive',
  'upgrade-insecure-requests' => '1',
  'user-agent' => 'Mozilla/5.0 (Windows NT 10.0; Win64; x64) AppleWebKit/537.36 (KHTML, like Gecko) Chrome/68.0.3440.106 Safari/537.36',
  'accept' => 'text/html,application/xhtml+xml,application/xml;q=0.9,image/webp,image/apng,*/*;q=0.8',
  'referer' => 'http://www.ecshop4.com/index/goods/brand_add',
  'accept-encoding' => 'gzip, deflate',
  'accept-language' => 'zh-CN,zh;q=0.9',
  'cookie' => 'ECS_LastCheckOrder=Thu%2C%2006%20Sep%202018%2011%3A39%3A14%20GMT',
)
[ info ] [ PARAM ] array (
)
[ info ] [ RUN ] app\index\controller\Goods->brand_list[ C:\Users\Shinelon\Desktop\ecshop\ThinkPHP\application\index\controller\Goods.php ]
[ info ] [ DB ] INIT mysql
[ info ] [ VIEW ] C:\Users\Shinelon\Desktop\ecshop\ThinkPHP\public/../application/index\view\goods\brand_list.html [ array (
  0 => 'arr',
) ]
[ info ] [ LOG ] INIT File
[ sql ] [ DB ] CONNECT:[ UseTime:0.000996s ] mysql:host=127.0.0.1;port=3306;dbname=ecsp;charset=utf8
[ sql ] [ SQL ] SHOW COLUMNS FROM `brand` [ RunTime:0.030007s ]
[ sql ] [ SQL ] SELECT * FROM `brand` [ RunTime:0.000498s ]
