---------------------------------------------------------------
[ 2018-09-09T15:21:50+08:00 ] 127.0.0.1 GET /ThinkPHP/public/
[ info ] www.xiaozu.com/ThinkPHP/public/ [运行时间：0.140985s][吞吐率：7.09req/s] [内存消耗：1,053.82kb] [文件加载：33]
[ info ] [ LANG ] D:\phpStudy\PHPTutorial\WWW\da1\ecshop\ThinkPHP\thinkphp\lang\zh-cn.php
[ info ] [ ROUTE ] array (
  'type' => 'module',
  'module' => 
  array (
    0 => '',
    1 => NULL,
    2 => NULL,
  ),
)
[ info ] [ HEADER ] array (
  'accept-language' => 'zh-CN,zh;q=0.9',
  'accept-encoding' => 'gzip, deflate',
  'referer' => 'http://www.xiaozu.com/ThinkPHP/',
  'accept' => 'text/html,application/xhtml+xml,application/xml;q=0.9,image/webp,image/apng,*/*;q=0.8',
  'user-agent' => 'Mozilla/5.0 (Windows NT 10.0; WOW64) AppleWebKit/537.36 (KHTML, like Gecko) Chrome/65.0.3325.181 Safari/537.36',
  'upgrade-insecure-requests' => '1',
  'connection' => 'close',
  'host' => 'www.xiaozu.com',
)
[ info ] [ PARAM ] array (
)
[ info ] [ RUN ] app\index\controller\Index->index[ D:\phpStudy\PHPTutorial\WWW\da1\ecshop\ThinkPHP\application\index\controller\Index.php ]
[ info ] [ VIEW ] D:\phpStudy\PHPTutorial\WWW\da1\ecshop\ThinkPHP\public/../application/index\view\index\index.html [ array (
) ]
[ info ] [ LOG ] INIT File
---------------------------------------------------------------
[ 2018-09-09T15:21:51+08:00 ] 0.0.0.0 GET /da1/ecshop/ThinkPHP/public/index.php/index/index/main
[ info ] localhost/da1/ecshop/ThinkPHP/public/index.php/index/index/main [运行时间：0.118882s][吞吐率：8.41req/s] [内存消耗：1,022.21kb] [文件加载：32]
[ info ] [ LANG ] D:\phpStudy\PHPTutorial\WWW\da1\ecshop\ThinkPHP\thinkphp\lang\zh-cn.php
[ info ] [ ROUTE ] array (
  'type' => 'module',
  'module' => 
  array (
    0 => 'index',
    1 => 'index',
    2 => 'main',
  ),
)
[ info ] [ HEADER ] array (
  'cookie' => 'ECS_LastCheckOrder=Sat%2C%2008%20Sep%202018%2002%3A33%3A06%20GMT; pgv_pvi=2977658880; ECS_ID=90f383c42f31bc491ede452211fc98981410a9ca; ECS[visit_times]=3; ECSCP_ID=a528896fb54332ee112e883d1fb75d0bfecc2d5c',
  'accept-language' => 'zh-CN,zh;q=0.9',
  'accept-encoding' => 'gzip, deflate, br',
  'referer' => 'http://www.xiaozu.com/ThinkPHP/public/',
  'accept' => 'text/html,application/xhtml+xml,application/xml;q=0.9,image/webp,image/apng,*/*;q=0.8',
  'user-agent' => 'Mozilla/5.0 (Windows NT 10.0; WOW64) AppleWebKit/537.36 (KHTML, like Gecko) Chrome/65.0.3325.181 Safari/537.36',
  'upgrade-insecure-requests' => '1',
  'connection' => 'close',
  'host' => 'localhost',
)
[ info ] [ PARAM ] array (
)
[ info ] [ RUN ] app\index\controller\Index->main[ D:\phpStudy\PHPTutorial\WWW\da1\ecshop\ThinkPHP\application\index\controller\Index.php ]
[ info ] [ VIEW ] D:\phpStudy\PHPTutorial\WWW\da1\ecshop\ThinkPHP\public/../application/index\view\index\index_main.html [ array (
) ]
[ info ] [ LOG ] INIT File
---------------------------------------------------------------
[ 2018-09-09T15:21:51+08:00 ] 0.0.0.0 GET /da1/ecshop/ThinkPHP/public/index.php/index/index/top
[ info ] localhost/da1/ecshop/ThinkPHP/public/index.php/index/index/top [运行时间：0.044669s][吞吐率：22.39req/s] [内存消耗：1,006.79kb] [文件加载：32]
[ info ] [ LANG ] D:\phpStudy\PHPTutorial\WWW\da1\ecshop\ThinkPHP\thinkphp\lang\zh-cn.php
[ info ] [ ROUTE ] array (
  'type' => 'module',
  'module' => 
  array (
    0 => 'index',
    1 => 'index',
    2 => 'top',
  ),
)
[ info ] [ HEADER ] array (
  'cookie' => 'ECS_LastCheckOrder=Sat%2C%2008%20Sep%202018%2002%3A33%3A06%20GMT; pgv_pvi=2977658880; ECS_ID=90f383c42f31bc491ede452211fc98981410a9ca; ECS[visit_times]=3; ECSCP_ID=a528896fb54332ee112e883d1fb75d0bfecc2d5c',
  'accept-language' => 'zh-CN,zh;q=0.9',
  'accept-encoding' => 'gzip, deflate, br',
  'referer' => 'http://www.xiaozu.com/ThinkPHP/public/',
  'accept' => 'text/html,application/xhtml+xml,application/xml;q=0.9,image/webp,image/apng,*/*;q=0.8',
  'user-agent' => 'Mozilla/5.0 (Windows NT 10.0; WOW64) AppleWebKit/537.36 (KHTML, like Gecko) Chrome/65.0.3325.181 Safari/537.36',
  'upgrade-insecure-requests' => '1',
  'connection' => 'close',
  'host' => 'localhost',
)
[ info ] [ PARAM ] array (
)
[ info ] [ RUN ] app\index\controller\Index->top[ D:\phpStudy\PHPTutorial\WWW\da1\ecshop\ThinkPHP\application\index\controller\Index.php ]
[ info ] [ VIEW ] D:\phpStudy\PHPTutorial\WWW\da1\ecshop\ThinkPHP\public/../application/index\view\index\index_top.html [ array (
) ]
[ info ] [ LOG ] INIT File
---------------------------------------------------------------
[ 2018-09-09T15:21:51+08:00 ] 0.0.0.0 GET /da1/ecshop/ThinkPHP/public/index.php/index/index/menu
[ info ] localhost/da1/ecshop/ThinkPHP/public/index.php/index/index/menu [运行时间：0.227032s][吞吐率：4.40req/s] [内存消耗：1,071.12kb] [文件加载：33]
[ info ] [ LANG ] D:\phpStudy\PHPTutorial\WWW\da1\ecshop\ThinkPHP\thinkphp\lang\zh-cn.php
[ info ] [ ROUTE ] array (
  'type' => 'module',
  'module' => 
  array (
    0 => 'index',
    1 => 'index',
    2 => 'menu',
  ),
)
[ info ] [ HEADER ] array (
  'cookie' => 'ECS_LastCheckOrder=Sat%2C%2008%20Sep%202018%2002%3A33%3A06%20GMT; pgv_pvi=2977658880; ECS_ID=90f383c42f31bc491ede452211fc98981410a9ca; ECS[visit_times]=3; ECSCP_ID=a528896fb54332ee112e883d1fb75d0bfecc2d5c',
  'accept-language' => 'zh-CN,zh;q=0.9',
  'accept-encoding' => 'gzip, deflate, br',
  'referer' => 'http://www.xiaozu.com/ThinkPHP/public/',
  'accept' => 'text/html,application/xhtml+xml,application/xml;q=0.9,image/webp,image/apng,*/*;q=0.8',
  'user-agent' => 'Mozilla/5.0 (Windows NT 10.0; WOW64) AppleWebKit/537.36 (KHTML, like Gecko) Chrome/65.0.3325.181 Safari/537.36',
  'upgrade-insecure-requests' => '1',
  'connection' => 'close',
  'host' => 'localhost',
)
[ info ] [ PARAM ] array (
)
[ info ] [ RUN ] app\index\controller\Index->menu[ D:\phpStudy\PHPTutorial\WWW\da1\ecshop\ThinkPHP\application\index\controller\Index.php ]
[ info ] [ VIEW ] D:\phpStudy\PHPTutorial\WWW\da1\ecshop\ThinkPHP\public/../application/index\view\index\index_menu.html [ array (
) ]
[ info ] [ LOG ] INIT File
---------------------------------------------------------------
[ 2018-09-09T15:21:52+08:00 ] 0.0.0.0 GET /da1/ecshop/ThinkPHP/public/index.php/index/index/images/online.swf
[ info ] localhost/da1/ecshop/ThinkPHP/public/index.php/index/index/images/online.swf [运行时间：0.091184s][吞吐率：10.97req/s] [内存消耗：839.48kb] [文件加载：29]
[ info ] [ LANG ] D:\phpStudy\PHPTutorial\WWW\da1\ecshop\ThinkPHP\thinkphp\lang\zh-cn.php
[ info ] [ ROUTE ] array (
  'type' => 'module',
  'module' => 
  array (
    0 => 'index',
    1 => 'index',
    2 => 'images',
  ),
)
[ info ] [ HEADER ] array (
  'cookie' => 'ECS_LastCheckOrder=Sat%2C%2008%20Sep%202018%2002%3A33%3A06%20GMT; pgv_pvi=2977658880; ECS_ID=90f383c42f31bc491ede452211fc98981410a9ca; ECS[visit_times]=3; ECSCP_ID=a528896fb54332ee112e883d1fb75d0bfecc2d5c',
  'accept-language' => 'zh-CN,zh;q=0.9',
  'accept-encoding' => 'gzip, deflate, br',
  'referer' => 'http://localhost/da1/ecshop/ThinkPHP/public/index.php/index/index/main',
  'accept' => '*/*',
  'x-requested-with' => 'ShockwaveFlash/24.0.0.186',
  'user-agent' => 'Mozilla/5.0 (Windows NT 10.0; WOW64) AppleWebKit/537.36 (KHTML, like Gecko) Chrome/65.0.3325.181 Safari/537.36',
  'connection' => 'close',
  'host' => 'localhost',
)
[ info ] [ PARAM ] array (
)
[ info ] [ LOG ] INIT File
---------------------------------------------------------------
[ 2018-09-09T15:21:55+08:00 ] 127.0.0.1 GET /ThinkPHP/public/index.php/index/privilege/privilege
[ info ] www.xiaozu.com/ThinkPHP/public/index.php/index/privilege/privilege [运行时间：0.546856s][吞吐率：1.83req/s] [内存消耗：1,756.66kb] [文件加载：41]
[ info ] [ LANG ] D:\phpStudy\PHPTutorial\WWW\da1\ecshop\ThinkPHP\thinkphp\lang\zh-cn.php
[ info ] [ ROUTE ] array (
  'type' => 'module',
  'module' => 
  array (
    0 => 'index',
    1 => 'privilege',
    2 => 'privilege',
  ),
)
[ info ] [ HEADER ] array (
  'accept-language' => 'zh-CN,zh;q=0.9',
  'accept-encoding' => 'gzip, deflate',
  'accept' => 'text/html,application/xhtml+xml,application/xml;q=0.9,image/webp,image/apng,*/*;q=0.8',
  'user-agent' => 'Mozilla/5.0 (Windows NT 10.0; WOW64) AppleWebKit/537.36 (KHTML, like Gecko) Chrome/65.0.3325.181 Safari/537.36',
  'upgrade-insecure-requests' => '1',
  'connection' => 'close',
  'host' => 'www.xiaozu.com',
)
[ info ] [ PARAM ] array (
)
[ info ] [ RUN ] app\index\controller\Privilege->privilege[ D:\phpStudy\PHPTutorial\WWW\da1\ecshop\ThinkPHP\application\index\controller\Privilege.php ]
[ info ] [ DB ] INIT mysql
[ info ] [ VIEW ] D:\phpStudy\PHPTutorial\WWW\da1\ecshop\ThinkPHP\public/../application/index\view\privilege\privilege.html [ array (
  0 => 'res',
) ]
[ info ] [ LOG ] INIT File
[ sql ] [ DB ] CONNECT:[ UseTime:0.023749s ] mysql:host=127.0.0.1;dbname=ecsp;charset=utf8
[ sql ] [ SQL ] SHOW COLUMNS FROM `user` [ RunTime:0.130767s ]
[ sql ] [ SQL ] SELECT * FROM `user` [ RunTime:0.043025s ]
---------------------------------------------------------------
[ 2018-09-09T15:21:57+08:00 ] 127.0.0.1 GET /ThinkPHP/public/index.php/index/privilege/add_power.html
[ info ] www.xiaozu.com/ThinkPHP/public/index.php/index/privilege/add_power.html [运行时间：0.037384s][吞吐率：26.75req/s] [内存消耗：1,050.79kb] [文件加载：34]
[ info ] [ LANG ] D:\phpStudy\PHPTutorial\WWW\da1\ecshop\ThinkPHP\thinkphp\lang\zh-cn.php
[ info ] [ ROUTE ] array (
  'type' => 'module',
  'module' => 
  array (
    0 => 'index',
    1 => 'privilege',
    2 => 'add_power',
  ),
)
[ info ] [ HEADER ] array (
  'accept-language' => 'zh-CN,zh;q=0.9',
  'accept-encoding' => 'gzip, deflate',
  'referer' => 'http://www.xiaozu.com/ThinkPHP/public/index.php/index/privilege/privilege',
  'accept' => 'text/html,application/xhtml+xml,application/xml;q=0.9,image/webp,image/apng,*/*;q=0.8',
  'user-agent' => 'Mozilla/5.0 (Windows NT 10.0; WOW64) AppleWebKit/537.36 (KHTML, like Gecko) Chrome/65.0.3325.181 Safari/537.36',
  'upgrade-insecure-requests' => '1',
  'connection' => 'close',
  'host' => 'www.xiaozu.com',
)
[ info ] [ PARAM ] array (
)
[ info ] [ RUN ] app\index\controller\Privilege->add_power[ D:\phpStudy\PHPTutorial\WWW\da1\ecshop\ThinkPHP\application\index\controller\Privilege.php ]
[ info ] [ VIEW ] D:\phpStudy\PHPTutorial\WWW\da1\ecshop\ThinkPHP\public/../application/index\view\privilege\add_power.html [ array (
) ]
[ info ] [ LOG ] INIT File
---------------------------------------------------------------
[ 2018-09-09T15:21:59+08:00 ] 127.0.0.1 GET /ThinkPHP/public/index.php/index/privilege/admin_logs.html
[ info ] www.xiaozu.com/ThinkPHP/public/index.php/index/privilege/admin_logs.html [运行时间：0.070319s][吞吐率：14.22req/s] [内存消耗：1,214.66kb] [文件加载：36]
[ info ] [ LANG ] D:\phpStudy\PHPTutorial\WWW\da1\ecshop\ThinkPHP\thinkphp\lang\zh-cn.php
[ info ] [ ROUTE ] array (
  'type' => 'module',
  'module' => 
  array (
    0 => 'index',
    1 => 'privilege',
    2 => 'admin_logs',
  ),
)
[ info ] [ HEADER ] array (
  'accept-language' => 'zh-CN,zh;q=0.9',
  'accept-encoding' => 'gzip, deflate',
  'referer' => 'http://www.xiaozu.com/ThinkPHP/public/index.php/index/privilege/privilege',
  'accept' => 'text/html,application/xhtml+xml,application/xml;q=0.9,image/webp,image/apng,*/*;q=0.8',
  'user-agent' => 'Mozilla/5.0 (Windows NT 10.0; WOW64) AppleWebKit/537.36 (KHTML, like Gecko) Chrome/65.0.3325.181 Safari/537.36',
  'upgrade-insecure-requests' => '1',
  'connection' => 'close',
  'host' => 'www.xiaozu.com',
)
[ info ] [ PARAM ] array (
)
[ info ] [ RUN ] app\index\controller\Privilege->admin_logs[ D:\phpStudy\PHPTutorial\WWW\da1\ecshop\ThinkPHP\application\index\controller\Privilege.php ]
[ info ] [ VIEW ] D:\phpStudy\PHPTutorial\WWW\da1\ecshop\ThinkPHP\public/../application/index\view\privilege\admin_logs.html [ array (
) ]
[ info ] [ LOG ] INIT File
---------------------------------------------------------------
[ 2018-09-09T15:22:01+08:00 ] 127.0.0.1 GET /ThinkPHP/public/index.php/index/privilege/add_power.html
[ info ] www.xiaozu.com/ThinkPHP/public/index.php/index/privilege/add_power.html [运行时间：0.032581s][吞吐率：30.69req/s] [内存消耗：1,050.79kb] [文件加载：34]
[ info ] [ LANG ] D:\phpStudy\PHPTutorial\WWW\da1\ecshop\ThinkPHP\thinkphp\lang\zh-cn.php
[ info ] [ ROUTE ] array (
  'type' => 'module',
  'module' => 
  array (
    0 => 'index',
    1 => 'privilege',
    2 => 'add_power',
  ),
)
[ info ] [ HEADER ] array (
  'accept-language' => 'zh-CN,zh;q=0.9',
  'accept-encoding' => 'gzip, deflate',
  'referer' => 'http://www.xiaozu.com/ThinkPHP/public/index.php/index/privilege/privilege',
  'accept' => 'text/html,application/xhtml+xml,application/xml;q=0.9,image/webp,image/apng,*/*;q=0.8',
  'user-agent' => 'Mozilla/5.0 (Windows NT 10.0; WOW64) AppleWebKit/537.36 (KHTML, like Gecko) Chrome/65.0.3325.181 Safari/537.36',
  'upgrade-insecure-requests' => '1',
  'connection' => 'close',
  'host' => 'www.xiaozu.com',
)
[ info ] [ PARAM ] array (
)
[ info ] [ RUN ] app\index\controller\Privilege->add_power[ D:\phpStudy\PHPTutorial\WWW\da1\ecshop\ThinkPHP\application\index\controller\Privilege.php ]
[ info ] [ VIEW ] D:\phpStudy\PHPTutorial\WWW\da1\ecshop\ThinkPHP\public/../application/index\view\privilege\add_power.html [ array (
) ]
[ info ] [ LOG ] INIT File
---------------------------------------------------------------
[ 2018-09-09T18:58:37+08:00 ] 127.0.0.1 GET /ThinkPHP/public/index.php/index/privilege/add_power.html
[ info ] www.xiaozu.com/ThinkPHP/public/index.php/index/privilege/add_power.html [运行时间：0.066387s][吞吐率：15.06req/s] [内存消耗：1,051.47kb] [文件加载：34]
[ info ] [ LANG ] D:\phpStudy\PHPTutorial\WWW\da1\ecshop\ThinkPHP\thinkphp\lang\zh-cn.php
[ info ] [ ROUTE ] array (
  'type' => 'module',
  'module' => 
  array (
    0 => 'index',
    1 => 'privilege',
    2 => 'add_power',
  ),
)
[ info ] [ HEADER ] array (
  'accept-language' => 'zh-CN,zh;q=0.9',
  'accept-encoding' => 'gzip, deflate',
  'referer' => 'http://www.xiaozu.com/ThinkPHP/public/index.php/index/privilege/privilege',
  'accept' => 'text/html,application/xhtml+xml,application/xml;q=0.9,image/webp,image/apng,*/*;q=0.8',
  'user-agent' => 'Mozilla/5.0 (Windows NT 10.0; WOW64) AppleWebKit/537.36 (KHTML, like Gecko) Chrome/65.0.3325.181 Safari/537.36',
  'upgrade-insecure-requests' => '1',
  'connection' => 'close',
  'host' => 'www.xiaozu.com',
)
[ info ] [ PARAM ] array (
)
[ info ] [ RUN ] app\index\controller\Privilege->add_power[ D:\phpStudy\PHPTutorial\WWW\da1\ecshop\ThinkPHP\application\index\controller\Privilege.php ]
[ info ] [ VIEW ] D:\phpStudy\PHPTutorial\WWW\da1\ecshop\ThinkPHP\public/../application/index\view\privilege\add_power.html [ array (
) ]
[ info ] [ LOG ] INIT File
---------------------------------------------------------------
[ 2018-09-09T19:04:01+08:00 ] 127.0.0.1 GET /ThinkPHP/public/index.php/index/privilege/privilege
[ info ] www.xiaozu.com/ThinkPHP/public/index.php/index/privilege/privilege [运行时间：0.141678s][吞吐率：7.06req/s] [内存消耗：1,756.91kb] [文件加载：41]
[ info ] [ LANG ] D:\phpStudy\PHPTutorial\WWW\da1\ecshop\ThinkPHP\thinkphp\lang\zh-cn.php
[ info ] [ ROUTE ] array (
  'type' => 'module',
  'module' => 
  array (
    0 => 'index',
    1 => 'privilege',
    2 => 'privilege',
  ),
)
[ info ] [ HEADER ] array (
  'accept-language' => 'zh-CN,zh;q=0.9',
  'accept-encoding' => 'gzip, deflate',
  'accept' => 'text/html,application/xhtml+xml,application/xml;q=0.9,image/webp,image/apng,*/*;q=0.8',
  'user-agent' => 'Mozilla/5.0 (Windows NT 10.0; WOW64) AppleWebKit/537.36 (KHTML, like Gecko) Chrome/65.0.3325.181 Safari/537.36',
  'upgrade-insecure-requests' => '1',
  'cache-control' => 'max-age=0',
  'connection' => 'close',
  'host' => 'www.xiaozu.com',
)
[ info ] [ PARAM ] array (
)
[ info ] [ RUN ] app\index\controller\Privilege->privilege[ D:\phpStudy\PHPTutorial\WWW\da1\ecshop\ThinkPHP\application\index\controller\Privilege.php ]
[ info ] [ DB ] INIT mysql
[ info ] [ VIEW ] D:\phpStudy\PHPTutorial\WWW\da1\ecshop\ThinkPHP\public/../application/index\view\privilege\privilege.html [ array (
  0 => 'res',
) ]
[ info ] [ LOG ] INIT File
[ sql ] [ DB ] CONNECT:[ UseTime:0.003202s ] mysql:host=127.0.0.1;dbname=ecsp;charset=utf8
[ sql ] [ SQL ] SHOW COLUMNS FROM `user` [ RunTime:0.014061s ]
[ sql ] [ SQL ] SELECT * FROM `user` [ RunTime:0.002313s ]
---------------------------------------------------------------
[ 2018-09-09T19:04:03+08:00 ] 127.0.0.1 GET /ThinkPHP/public/index.php/index/privilege/admin_logs.html
[ info ] www.xiaozu.com/ThinkPHP/public/index.php/index/privilege/admin_logs.html [运行时间：0.063764s][吞吐率：15.68req/s] [内存消耗：1,066.83kb] [文件加载：34]
[ info ] [ LANG ] D:\phpStudy\PHPTutorial\WWW\da1\ecshop\ThinkPHP\thinkphp\lang\zh-cn.php
[ info ] [ ROUTE ] array (
  'type' => 'module',
  'module' => 
  array (
    0 => 'index',
    1 => 'privilege',
    2 => 'admin_logs',
  ),
)
[ info ] [ HEADER ] array (
  'accept-language' => 'zh-CN,zh;q=0.9',
  'accept-encoding' => 'gzip, deflate',
  'referer' => 'http://www.xiaozu.com/ThinkPHP/public/index.php/index/privilege/privilege',
  'accept' => 'text/html,application/xhtml+xml,application/xml;q=0.9,image/webp,image/apng,*/*;q=0.8',
  'user-agent' => 'Mozilla/5.0 (Windows NT 10.0; WOW64) AppleWebKit/537.36 (KHTML, like Gecko) Chrome/65.0.3325.181 Safari/537.36',
  'upgrade-insecure-requests' => '1',
  'connection' => 'close',
  'host' => 'www.xiaozu.com',
)
[ info ] [ PARAM ] array (
)
[ info ] [ RUN ] app\index\controller\Privilege->admin_logs[ D:\phpStudy\PHPTutorial\WWW\da1\ecshop\ThinkPHP\application\index\controller\Privilege.php ]
[ info ] [ VIEW ] D:\phpStudy\PHPTutorial\WWW\da1\ecshop\ThinkPHP\public/../application/index\view\privilege\admin_logs.html [ array (
) ]
[ info ] [ LOG ] INIT File
---------------------------------------------------------------
[ 2018-09-09T19:04:05+08:00 ] 127.0.0.1 GET /ThinkPHP/public/index.php/index/privilege/add_power.html
[ info ] www.xiaozu.com/ThinkPHP/public/index.php/index/privilege/add_power.html [运行时间：0.090701s][吞吐率：11.03req/s] [内存消耗：1,162.57kb] [文件加载：36]
[ info ] [ LANG ] D:\phpStudy\PHPTutorial\WWW\da1\ecshop\ThinkPHP\thinkphp\lang\zh-cn.php
[ info ] [ ROUTE ] array (
  'type' => 'module',
  'module' => 
  array (
    0 => 'index',
    1 => 'privilege',
    2 => 'add_power',
  ),
)
[ info ] [ HEADER ] array (
  'accept-language' => 'zh-CN,zh;q=0.9',
  'accept-encoding' => 'gzip, deflate',
  'referer' => 'http://www.xiaozu.com/ThinkPHP/public/index.php/index/privilege/privilege',
  'accept' => 'text/html,application/xhtml+xml,application/xml;q=0.9,image/webp,image/apng,*/*;q=0.8',
  'user-agent' => 'Mozilla/5.0 (Windows NT 10.0; WOW64) AppleWebKit/537.36 (KHTML, like Gecko) Chrome/65.0.3325.181 Safari/537.36',
  'upgrade-insecure-requests' => '1',
  'connection' => 'close',
  'host' => 'www.xiaozu.com',
)
[ info ] [ PARAM ] array (
)
[ info ] [ RUN ] app\index\controller\Privilege->add_power[ D:\phpStudy\PHPTutorial\WWW\da1\ecshop\ThinkPHP\application\index\controller\Privilege.php ]
[ info ] [ VIEW ] D:\phpStudy\PHPTutorial\WWW\da1\ecshop\ThinkPHP\public/../application/index\view\privilege\add_power.html [ array (
) ]
[ info ] [ LOG ] INIT File
---------------------------------------------------------------
[ 2018-09-09T19:14:51+08:00 ] 127.0.0.1 GET /ThinkPHP/public/index.php/index/privilege/add_power.html
[ info ] www.xiaozu.com/ThinkPHP/public/index.php/index/privilege/add_power.html [运行时间：0.037782s][吞吐率：26.47req/s] [内存消耗：1,051.60kb] [文件加载：34]
[ info ] [ LANG ] D:\phpStudy\PHPTutorial\WWW\da1\ecshop\ThinkPHP\thinkphp\lang\zh-cn.php
[ info ] [ ROUTE ] array (
  'type' => 'module',
  'module' => 
  array (
    0 => 'index',
    1 => 'privilege',
    2 => 'add_power',
  ),
)
[ info ] [ HEADER ] array (
  'accept-language' => 'zh-CN,zh;q=0.9',
  'accept-encoding' => 'gzip, deflate',
  'referer' => 'http://www.xiaozu.com/ThinkPHP/public/index.php/index/privilege/privilege',
  'accept' => 'text/html,application/xhtml+xml,application/xml;q=0.9,image/webp,image/apng,*/*;q=0.8',
  'user-agent' => 'Mozilla/5.0 (Windows NT 10.0; WOW64) AppleWebKit/537.36 (KHTML, like Gecko) Chrome/65.0.3325.181 Safari/537.36',
  'upgrade-insecure-requests' => '1',
  'cache-control' => 'max-age=0',
  'connection' => 'close',
  'host' => 'www.xiaozu.com',
)
[ info ] [ PARAM ] array (
)
[ info ] [ RUN ] app\index\controller\Privilege->add_power[ D:\phpStudy\PHPTutorial\WWW\da1\ecshop\ThinkPHP\application\index\controller\Privilege.php ]
[ info ] [ VIEW ] D:\phpStudy\PHPTutorial\WWW\da1\ecshop\ThinkPHP\public/../application/index\view\privilege\add_power.html [ array (
) ]
[ info ] [ LOG ] INIT File
---------------------------------------------------------------
[ 2018-09-09T19:15:38+08:00 ] 127.0.0.1 GET /ThinkPHP/public/index.php/index/privilege/add_power.html
[ info ] www.xiaozu.com/ThinkPHP/public/index.php/index/privilege/add_power.html [运行时间：0.028941s][吞吐率：34.55req/s] [内存消耗：1,334.02kb] [文件加载：37]
[ info ] [ LANG ] D:\phpStudy\PHPTutorial\WWW\da1\ecshop\ThinkPHP\thinkphp\lang\zh-cn.php
[ info ] [ ROUTE ] array (
  'type' => 'module',
  'module' => 
  array (
    0 => 'index',
    1 => 'privilege',
    2 => 'add_power',
  ),
)
[ info ] [ HEADER ] array (
  'accept-language' => 'zh-CN,zh;q=0.9',
  'accept-encoding' => 'gzip, deflate',
  'referer' => 'http://www.xiaozu.com/ThinkPHP/public/index.php/index/privilege/privilege',
  'accept' => 'text/html,application/xhtml+xml,application/xml;q=0.9,image/webp,image/apng,*/*;q=0.8',
  'user-agent' => 'Mozilla/5.0 (Windows NT 10.0; WOW64) AppleWebKit/537.36 (KHTML, like Gecko) Chrome/65.0.3325.181 Safari/537.36',
  'upgrade-insecure-requests' => '1',
  'cache-control' => 'max-age=0',
  'connection' => 'close',
  'host' => 'www.xiaozu.com',
)
[ info ] [ PARAM ] array (
)
[ info ] [ RUN ] app\index\controller\Privilege->add_power[ D:\phpStudy\PHPTutorial\WWW\da1\ecshop\ThinkPHP\application\index\controller\Privilege.php ]
[ info ] [ VIEW ] D:\phpStudy\PHPTutorial\WWW\da1\ecshop\ThinkPHP\public/../application/index\view\privilege\add_power.html [ array (
) ]
[ info ] [ LOG ] INIT File
---------------------------------------------------------------
[ 2018-09-09T19:15:43+08:00 ] 127.0.0.1 GET /ThinkPHP/public/index.php/index/privilege/add_power.html
[ info ] www.xiaozu.com/ThinkPHP/public/index.php/index/privilege/add_power.html [运行时间：0.063688s][吞吐率：15.70req/s] [内存消耗：1,333.40kb] [文件加载：37]
[ info ] [ LANG ] D:\phpStudy\PHPTutorial\WWW\da1\ecshop\ThinkPHP\thinkphp\lang\zh-cn.php
[ info ] [ ROUTE ] array (
  'type' => 'module',
  'module' => 
  array (
    0 => 'index',
    1 => 'privilege',
    2 => 'add_power',
  ),
)
[ info ] [ HEADER ] array (
  'accept-language' => 'zh-CN,zh;q=0.9',
  'accept-encoding' => 'gzip, deflate',
  'referer' => 'http://www.xiaozu.com/ThinkPHP/public/index.php/index/privilege/privilege',
  'accept' => 'text/html,application/xhtml+xml,application/xml;q=0.9,image/webp,image/apng,*/*;q=0.8',
  'user-agent' => 'Mozilla/5.0 (Windows NT 10.0; WOW64) AppleWebKit/537.36 (KHTML, like Gecko) Chrome/65.0.3325.181 Safari/537.36',
  'upgrade-insecure-requests' => '1',
  'cache-control' => 'max-age=0',
  'connection' => 'close',
  'host' => 'www.xiaozu.com',
)
[ info ] [ PARAM ] array (
)
[ info ] [ RUN ] app\index\controller\Privilege->add_power[ D:\phpStudy\PHPTutorial\WWW\da1\ecshop\ThinkPHP\application\index\controller\Privilege.php ]
[ info ] [ VIEW ] D:\phpStudy\PHPTutorial\WWW\da1\ecshop\ThinkPHP\public/../application/index\view\privilege\add_power.html [ array (
) ]
[ info ] [ LOG ] INIT File
---------------------------------------------------------------
[ 2018-09-09T19:15:47+08:00 ] 127.0.0.1 GET /ThinkPHP/public/index.php/index/privilege/add_power.html
[ info ] www.xiaozu.com/ThinkPHP/public/index.php/index/privilege/add_power.html [运行时间：0.037439s][吞吐率：26.71req/s] [内存消耗：1,131.29kb] [文件加载：35]
[ info ] [ LANG ] D:\phpStudy\PHPTutorial\WWW\da1\ecshop\ThinkPHP\thinkphp\lang\zh-cn.php
[ info ] [ ROUTE ] array (
  'type' => 'module',
  'module' => 
  array (
    0 => 'index',
    1 => 'privilege',
    2 => 'add_power',
  ),
)
[ info ] [ HEADER ] array (
  'accept-language' => 'zh-CN,zh;q=0.9',
  'accept-encoding' => 'gzip, deflate',
  'referer' => 'http://www.xiaozu.com/ThinkPHP/public/index.php/index/privilege/privilege',
  'accept' => 'text/html,application/xhtml+xml,application/xml;q=0.9,image/webp,image/apng,*/*;q=0.8',
  'user-agent' => 'Mozilla/5.0 (Windows NT 10.0; WOW64) AppleWebKit/537.36 (KHTML, like Gecko) Chrome/65.0.3325.181 Safari/537.36',
  'upgrade-insecure-requests' => '1',
  'connection' => 'close',
  'host' => 'www.xiaozu.com',
)
[ info ] [ PARAM ] array (
)
[ info ] [ RUN ] app\index\controller\Privilege->add_power[ D:\phpStudy\PHPTutorial\WWW\da1\ecshop\ThinkPHP\application\index\controller\Privilege.php ]
[ info ] [ VIEW ] D:\phpStudy\PHPTutorial\WWW\da1\ecshop\ThinkPHP\public/../application/index\view\privilege\add_power.html [ array (
) ]
[ info ] [ LOG ] INIT File
---------------------------------------------------------------
[ 2018-09-09T19:15:58+08:00 ] 127.0.0.1 GET /ThinkPHP/public/index.php/index/privilege/add_power.html
[ info ] www.xiaozu.com/ThinkPHP/public/index.php/index/privilege/add_power.html [运行时间：0.033254s][吞吐率：30.07req/s] [内存消耗：1,163.38kb] [文件加载：36]
[ info ] [ LANG ] D:\phpStudy\PHPTutorial\WWW\da1\ecshop\ThinkPHP\thinkphp\lang\zh-cn.php
[ info ] [ ROUTE ] array (
  'type' => 'module',
  'module' => 
  array (
    0 => 'index',
    1 => 'privilege',
    2 => 'add_power',
  ),
)
[ info ] [ HEADER ] array (
  'accept-language' => 'zh-CN,zh;q=0.9',
  'accept-encoding' => 'gzip, deflate',
  'referer' => 'http://www.xiaozu.com/ThinkPHP/public/index.php/index/privilege/privilege',
  'accept' => 'text/html,application/xhtml+xml,application/xml;q=0.9,image/webp,image/apng,*/*;q=0.8',
  'user-agent' => 'Mozilla/5.0 (Windows NT 10.0; WOW64) AppleWebKit/537.36 (KHTML, like Gecko) Chrome/65.0.3325.181 Safari/537.36',
  'upgrade-insecure-requests' => '1',
  'cache-control' => 'max-age=0',
  'connection' => 'close',
  'host' => 'www.xiaozu.com',
)
[ info ] [ PARAM ] array (
)
[ info ] [ RUN ] app\index\controller\Privilege->add_power[ D:\phpStudy\PHPTutorial\WWW\da1\ecshop\ThinkPHP\application\index\controller\Privilege.php ]
[ info ] [ VIEW ] D:\phpStudy\PHPTutorial\WWW\da1\ecshop\ThinkPHP\public/../application/index\view\privilege\add_power.html [ array (
) ]
[ info ] [ LOG ] INIT File
---------------------------------------------------------------
[ 2018-09-09T19:24:40+08:00 ] 127.0.0.1 GET /ThinkPHP/public/index.php/index/privilege/add_power.html
[ info ] www.xiaozu.com/ThinkPHP/public/index.php/index/privilege/add_power.html [运行时间：0.033196s][吞吐率：30.12req/s] [内存消耗：1,051.17kb] [文件加载：34]
[ info ] [ LANG ] D:\phpStudy\PHPTutorial\WWW\da1\ecshop\ThinkPHP\thinkphp\lang\zh-cn.php
[ info ] [ ROUTE ] array (
  'type' => 'module',
  'module' => 
  array (
    0 => 'index',
    1 => 'privilege',
    2 => 'add_power',
  ),
)
[ info ] [ HEADER ] array (
  'accept-language' => 'zh-CN,zh;q=0.9',
  'accept-encoding' => 'gzip, deflate',
  'accept' => 'text/html,application/xhtml+xml,application/xml;q=0.9,image/webp,image/apng,*/*;q=0.8',
  'user-agent' => 'Mozilla/5.0 (Windows NT 10.0; WOW64) AppleWebKit/537.36 (KHTML, like Gecko) Chrome/65.0.3325.181 Safari/537.36',
  'upgrade-insecure-requests' => '1',
  'cache-control' => 'max-age=0',
  'connection' => 'close',
  'host' => 'www.xiaozu.com',
)
[ info ] [ PARAM ] array (
)
[ info ] [ RUN ] app\index\controller\Privilege->add_power[ D:\phpStudy\PHPTutorial\WWW\da1\ecshop\ThinkPHP\application\index\controller\Privilege.php ]
[ info ] [ VIEW ] D:\phpStudy\PHPTutorial\WWW\da1\ecshop\ThinkPHP\public/../application/index\view\privilege\add_power.html [ array (
) ]
[ info ] [ LOG ] INIT File
---------------------------------------------------------------
[ 2018-09-09T21:01:50+08:00 ] 127.0.0.1 GET /ThinkPHP/public/
[ info ] www.xiaozu.com/ThinkPHP/public/ [运行时间：0.058056s][吞吐率：17.22req/s] [内存消耗：1,053.27kb] [文件加载：33]
[ info ] [ LANG ] D:\phpStudy\PHPTutorial\WWW\da1\ecshop\ThinkPHP\thinkphp\lang\zh-cn.php
[ info ] [ ROUTE ] array (
  'type' => 'module',
  'module' => 
  array (
    0 => '',
    1 => NULL,
    2 => NULL,
  ),
)
[ info ] [ HEADER ] array (
  'accept-language' => 'zh-CN,zh;q=0.9',
  'accept-encoding' => 'gzip, deflate',
  'referer' => 'http://www.xiaozu.com/ThinkPHP/',
  'accept' => 'text/html,application/xhtml+xml,application/xml;q=0.9,image/webp,image/apng,*/*;q=0.8',
  'user-agent' => 'Mozilla/5.0 (Windows NT 10.0; WOW64) AppleWebKit/537.36 (KHTML, like Gecko) Chrome/65.0.3325.181 Safari/537.36',
  'upgrade-insecure-requests' => '1',
  'connection' => 'close',
  'host' => 'www.xiaozu.com',
)
[ info ] [ PARAM ] array (
)
[ info ] [ RUN ] app\index\controller\Index->index[ D:\phpStudy\PHPTutorial\WWW\da1\ecshop\ThinkPHP\application\index\controller\Index.php ]
[ info ] [ VIEW ] D:\phpStudy\PHPTutorial\WWW\da1\ecshop\ThinkPHP\public/../application/index\view\index\index.html [ array (
) ]
[ info ] [ LOG ] INIT File
---------------------------------------------------------------
[ 2018-09-09T21:01:50+08:00 ] 0.0.0.0 GET /da1/ecshop/ThinkPHP/public/index.php/index/index/menu
[ info ] localhost/da1/ecshop/ThinkPHP/public/index.php/index/index/menu [运行时间：0.051968s][吞吐率：19.24req/s] [内存消耗：1,069.91kb] [文件加载：33]
[ info ] [ LANG ] D:\phpStudy\PHPTutorial\WWW\da1\ecshop\ThinkPHP\thinkphp\lang\zh-cn.php
[ info ] [ ROUTE ] array (
  'type' => 'module',
  'module' => 
  array (
    0 => 'index',
    1 => 'index',
    2 => 'menu',
  ),
)
[ info ] [ HEADER ] array (
  'cookie' => 'ECSCP_ID=cae935e5a31c9c717defc44ad21d127f1df3796b',
  'accept-language' => 'zh-CN,zh;q=0.9',
  'accept-encoding' => 'gzip, deflate, br',
  'referer' => 'http://www.xiaozu.com/ThinkPHP/public/',
  'accept' => 'text/html,application/xhtml+xml,application/xml;q=0.9,image/webp,image/apng,*/*;q=0.8',
  'user-agent' => 'Mozilla/5.0 (Windows NT 10.0; WOW64) AppleWebKit/537.36 (KHTML, like Gecko) Chrome/65.0.3325.181 Safari/537.36',
  'upgrade-insecure-requests' => '1',
  'connection' => 'close',
  'host' => 'localhost',
)
[ info ] [ PARAM ] array (
)
[ info ] [ RUN ] app\index\controller\Index->menu[ D:\phpStudy\PHPTutorial\WWW\da1\ecshop\ThinkPHP\application\index\controller\Index.php ]
[ info ] [ VIEW ] D:\phpStudy\PHPTutorial\WWW\da1\ecshop\ThinkPHP\public/../application/index\view\index\index_menu.html [ array (
) ]
[ info ] [ LOG ] INIT File
---------------------------------------------------------------
[ 2018-09-09T21:01:51+08:00 ] 0.0.0.0 GET /da1/ecshop/ThinkPHP/public/index.php/index/index/top
[ info ] localhost/da1/ecshop/ThinkPHP/public/index.php/index/index/top [运行时间：0.049246s][吞吐率：20.31req/s] [内存消耗：1,005.61kb] [文件加载：32]
[ info ] [ LANG ] D:\phpStudy\PHPTutorial\WWW\da1\ecshop\ThinkPHP\thinkphp\lang\zh-cn.php
[ info ] [ ROUTE ] array (
  'type' => 'module',
  'module' => 
  array (
    0 => 'index',
    1 => 'index',
    2 => 'top',
  ),
)
[ info ] [ HEADER ] array (
  'cookie' => 'ECSCP_ID=cae935e5a31c9c717defc44ad21d127f1df3796b',
  'accept-language' => 'zh-CN,zh;q=0.9',
  'accept-encoding' => 'gzip, deflate, br',
  'referer' => 'http://www.xiaozu.com/ThinkPHP/public/',
  'accept' => 'text/html,application/xhtml+xml,application/xml;q=0.9,image/webp,image/apng,*/*;q=0.8',
  'user-agent' => 'Mozilla/5.0 (Windows NT 10.0; WOW64) AppleWebKit/537.36 (KHTML, like Gecko) Chrome/65.0.3325.181 Safari/537.36',
  'upgrade-insecure-requests' => '1',
  'connection' => 'close',
  'host' => 'localhost',
)
[ info ] [ PARAM ] array (
)
[ info ] [ RUN ] app\index\controller\Index->top[ D:\phpStudy\PHPTutorial\WWW\da1\ecshop\ThinkPHP\application\index\controller\Index.php ]
[ info ] [ VIEW ] D:\phpStudy\PHPTutorial\WWW\da1\ecshop\ThinkPHP\public/../application/index\view\index\index_top.html [ array (
) ]
[ info ] [ LOG ] INIT File
---------------------------------------------------------------
[ 2018-09-09T21:01:51+08:00 ] 0.0.0.0 GET /da1/ecshop/ThinkPHP/public/index.php/index/index/main
[ info ] localhost/da1/ecshop/ThinkPHP/public/index.php/index/index/main [运行时间：0.050486s][吞吐率：19.81req/s] [内存消耗：1,022.24kb] [文件加载：32]
[ info ] [ LANG ] D:\phpStudy\PHPTutorial\WWW\da1\ecshop\ThinkPHP\thinkphp\lang\zh-cn.php
[ info ] [ ROUTE ] array (
  'type' => 'module',
  'module' => 
  array (
    0 => 'index',
    1 => 'index',
    2 => 'main',
  ),
)
[ info ] [ HEADER ] array (
  'cookie' => 'ECSCP_ID=cae935e5a31c9c717defc44ad21d127f1df3796b',
  'accept-language' => 'zh-CN,zh;q=0.9',
  'accept-encoding' => 'gzip, deflate, br',
  'referer' => 'http://www.xiaozu.com/ThinkPHP/public/',
  'accept' => 'text/html,application/xhtml+xml,application/xml;q=0.9,image/webp,image/apng,*/*;q=0.8',
  'user-agent' => 'Mozilla/5.0 (Windows NT 10.0; WOW64) AppleWebKit/537.36 (KHTML, like Gecko) Chrome/65.0.3325.181 Safari/537.36',
  'upgrade-insecure-requests' => '1',
  'connection' => 'close',
  'host' => 'localhost',
)
[ info ] [ PARAM ] array (
)
[ info ] [ RUN ] app\index\controller\Index->main[ D:\phpStudy\PHPTutorial\WWW\da1\ecshop\ThinkPHP\application\index\controller\Index.php ]
[ info ] [ VIEW ] D:\phpStudy\PHPTutorial\WWW\da1\ecshop\ThinkPHP\public/../application/index\view\index\index_main.html [ array (
) ]
[ info ] [ LOG ] INIT File
---------------------------------------------------------------
[ 2018-09-09T21:01:51+08:00 ] 0.0.0.0 GET /da1/ecshop/ThinkPHP/public/index.php/index/index/images/online.swf
[ info ] localhost/da1/ecshop/ThinkPHP/public/index.php/index/index/images/online.swf [运行时间：0.018396s][吞吐率：54.36req/s] [内存消耗：838.91kb] [文件加载：29]
[ info ] [ LANG ] D:\phpStudy\PHPTutorial\WWW\da1\ecshop\ThinkPHP\thinkphp\lang\zh-cn.php
[ info ] [ ROUTE ] array (
  'type' => 'module',
  'module' => 
  array (
    0 => 'index',
    1 => 'index',
    2 => 'images',
  ),
)
[ info ] [ HEADER ] array (
  'cookie' => 'ECSCP_ID=cae935e5a31c9c717defc44ad21d127f1df3796b',
  'accept-language' => 'zh-CN,zh;q=0.9',
  'accept-encoding' => 'gzip, deflate, br',
  'referer' => 'http://localhost/da1/ecshop/ThinkPHP/public/index.php/index/index/main',
  'accept' => '*/*',
  'x-requested-with' => 'ShockwaveFlash/24.0.0.186',
  'user-agent' => 'Mozilla/5.0 (Windows NT 10.0; WOW64) AppleWebKit/537.36 (KHTML, like Gecko) Chrome/65.0.3325.181 Safari/537.36',
  'connection' => 'close',
  'host' => 'localhost',
)
[ info ] [ PARAM ] array (
)
[ info ] [ LOG ] INIT File
---------------------------------------------------------------
[ 2018-09-09T21:01:56+08:00 ] 127.0.0.1 GET /ThinkPHP/public/index.php/index/privilege/add_power.html
[ info ] www.xiaozu.com/ThinkPHP/public/index.php/index/privilege/add_power.html [运行时间：0.024744s][吞吐率：40.41req/s] [内存消耗：1,050.89kb] [文件加载：34]
[ info ] [ LANG ] D:\phpStudy\PHPTutorial\WWW\da1\ecshop\ThinkPHP\thinkphp\lang\zh-cn.php
[ info ] [ ROUTE ] array (
  'type' => 'module',
  'module' => 
  array (
    0 => 'index',
    1 => 'privilege',
    2 => 'add_power',
  ),
)
[ info ] [ HEADER ] array (
  'accept-language' => 'zh-CN,zh;q=0.9',
  'accept-encoding' => 'gzip, deflate',
  'accept' => 'text/html,application/xhtml+xml,application/xml;q=0.9,image/webp,image/apng,*/*;q=0.8',
  'user-agent' => 'Mozilla/5.0 (Windows NT 10.0; WOW64) AppleWebKit/537.36 (KHTML, like Gecko) Chrome/65.0.3325.181 Safari/537.36',
  'upgrade-insecure-requests' => '1',
  'connection' => 'close',
  'host' => 'www.xiaozu.com',
)
[ info ] [ PARAM ] array (
)
[ info ] [ RUN ] app\index\controller\Privilege->add_power[ D:\phpStudy\PHPTutorial\WWW\da1\ecshop\ThinkPHP\application\index\controller\Privilege.php ]
[ info ] [ VIEW ] D:\phpStudy\PHPTutorial\WWW\da1\ecshop\ThinkPHP\public/../application/index\view\privilege\add_power.html [ array (
) ]
[ info ] [ LOG ] INIT File
---------------------------------------------------------------
[ 2018-09-09T21:02:07+08:00 ] 127.0.0.1 GET /ThinkPHP/public/index.php/index/privilege/privilege
[ info ] www.xiaozu.com/ThinkPHP/public/index.php/index/privilege/privilege [运行时间：0.119603s][吞吐率：8.36req/s] [内存消耗：1,757.17kb] [文件加载：41]
[ info ] [ LANG ] D:\phpStudy\PHPTutorial\WWW\da1\ecshop\ThinkPHP\thinkphp\lang\zh-cn.php
[ info ] [ ROUTE ] array (
  'type' => 'module',
  'module' => 
  array (
    0 => 'index',
    1 => 'privilege',
    2 => 'privilege',
  ),
)
[ info ] [ HEADER ] array (
  'accept-language' => 'zh-CN,zh;q=0.9',
  'accept-encoding' => 'gzip, deflate',
  'accept' => 'text/html,application/xhtml+xml,application/xml;q=0.9,image/webp,image/apng,*/*;q=0.8',
  'user-agent' => 'Mozilla/5.0 (Windows NT 10.0; WOW64) AppleWebKit/537.36 (KHTML, like Gecko) Chrome/65.0.3325.181 Safari/537.36',
  'upgrade-insecure-requests' => '1',
  'connection' => 'close',
  'host' => 'www.xiaozu.com',
)
[ info ] [ PARAM ] array (
)
[ info ] [ RUN ] app\index\controller\Privilege->privilege[ D:\phpStudy\PHPTutorial\WWW\da1\ecshop\ThinkPHP\application\index\controller\Privilege.php ]
[ info ] [ DB ] INIT mysql
[ info ] [ VIEW ] D:\phpStudy\PHPTutorial\WWW\da1\ecshop\ThinkPHP\public/../application/index\view\privilege\privilege.html [ array (
  0 => 'res',
) ]
[ info ] [ LOG ] INIT File
[ sql ] [ DB ] CONNECT:[ UseTime:0.011248s ] mysql:host=127.0.0.1;dbname=ecsp;charset=utf8
[ sql ] [ SQL ] SHOW COLUMNS FROM `user` [ RunTime:0.071316s ]
[ sql ] [ SQL ] SELECT * FROM `user` [ RunTime:0.000759s ]
---------------------------------------------------------------
[ 2018-09-09T21:02:09+08:00 ] 127.0.0.1 GET /ThinkPHP/public/index.php/index/privilege/add_power.html
[ info ] www.xiaozu.com/ThinkPHP/public/index.php/index/privilege/add_power.html [运行时间：0.031573s][吞吐率：31.67req/s] [内存消耗：1,051.28kb] [文件加载：34]
[ info ] [ LANG ] D:\phpStudy\PHPTutorial\WWW\da1\ecshop\ThinkPHP\thinkphp\lang\zh-cn.php
[ info ] [ ROUTE ] array (
  'type' => 'module',
  'module' => 
  array (
    0 => 'index',
    1 => 'privilege',
    2 => 'add_power',
  ),
)
[ info ] [ HEADER ] array (
  'accept-language' => 'zh-CN,zh;q=0.9',
  'accept-encoding' => 'gzip, deflate',
  'referer' => 'http://www.xiaozu.com/ThinkPHP/public/index.php/index/privilege/privilege',
  'accept' => 'text/html,application/xhtml+xml,application/xml;q=0.9,image/webp,image/apng,*/*;q=0.8',
  'user-agent' => 'Mozilla/5.0 (Windows NT 10.0; WOW64) AppleWebKit/537.36 (KHTML, like Gecko) Chrome/65.0.3325.181 Safari/537.36',
  'upgrade-insecure-requests' => '1',
  'connection' => 'close',
  'host' => 'www.xiaozu.com',
)
[ info ] [ PARAM ] array (
)
[ info ] [ RUN ] app\index\controller\Privilege->add_power[ D:\phpStudy\PHPTutorial\WWW\da1\ecshop\ThinkPHP\application\index\controller\Privilege.php ]
[ info ] [ VIEW ] D:\phpStudy\PHPTutorial\WWW\da1\ecshop\ThinkPHP\public/../application/index\view\privilege\add_power.html [ array (
) ]
[ info ] [ LOG ] INIT File
---------------------------------------------------------------
[ 2018-09-09T21:02:27+08:00 ] 127.0.0.1 GET /ThinkPHP/public/index.php/index/privilege/admin_logs.html
[ info ] www.xiaozu.com/ThinkPHP/public/index.php/index/privilege/admin_logs.html [运行时间：0.032743s][吞吐率：30.54req/s] [内存消耗：1,067.33kb] [文件加载：34]
[ info ] [ LANG ] D:\phpStudy\PHPTutorial\WWW\da1\ecshop\ThinkPHP\thinkphp\lang\zh-cn.php
[ info ] [ ROUTE ] array (
  'type' => 'module',
  'module' => 
  array (
    0 => 'index',
    1 => 'privilege',
    2 => 'admin_logs',
  ),
)
[ info ] [ HEADER ] array (
  'accept-language' => 'zh-CN,zh;q=0.9',
  'accept-encoding' => 'gzip, deflate',
  'referer' => 'http://www.xiaozu.com/ThinkPHP/public/index.php/index/privilege/privilege',
  'accept' => 'text/html,application/xhtml+xml,application/xml;q=0.9,image/webp,image/apng,*/*;q=0.8',
  'user-agent' => 'Mozilla/5.0 (Windows NT 10.0; WOW64) AppleWebKit/537.36 (KHTML, like Gecko) Chrome/65.0.3325.181 Safari/537.36',
  'upgrade-insecure-requests' => '1',
  'connection' => 'close',
  'host' => 'www.xiaozu.com',
)
[ info ] [ PARAM ] array (
)
[ info ] [ RUN ] app\index\controller\Privilege->admin_logs[ D:\phpStudy\PHPTutorial\WWW\da1\ecshop\ThinkPHP\application\index\controller\Privilege.php ]
[ info ] [ VIEW ] D:\phpStudy\PHPTutorial\WWW\da1\ecshop\ThinkPHP\public/../application/index\view\privilege\admin_logs.html [ array (
) ]
[ info ] [ LOG ] INIT File
---------------------------------------------------------------
[ 2018-09-09T21:09:35+08:00 ] 127.0.0.1 GET /ThinkPHP/public/index.php/index/privilege/privilege
[ info ] www.xiaozu.com/ThinkPHP/public/index.php/index/privilege/privilege [运行时间：0.045031s][吞吐率：22.21req/s] [内存消耗：1,757.88kb] [文件加载：41]
[ info ] [ LANG ] D:\phpStudy\PHPTutorial\WWW\da1\ecshop\ThinkPHP\thinkphp\lang\zh-cn.php
[ info ] [ ROUTE ] array (
  'type' => 'module',
  'module' => 
  array (
    0 => 'index',
    1 => 'privilege',
    2 => 'privilege',
  ),
)
[ info ] [ HEADER ] array (
  'accept-language' => 'zh-CN,zh;q=0.9',
  'accept-encoding' => 'gzip, deflate',
  'accept' => 'text/html,application/xhtml+xml,application/xml;q=0.9,image/webp,image/apng,*/*;q=0.8',
  'user-agent' => 'Mozilla/5.0 (Windows NT 10.0; WOW64) AppleWebKit/537.36 (KHTML, like Gecko) Chrome/65.0.3325.181 Safari/537.36',
  'upgrade-insecure-requests' => '1',
  'cache-control' => 'max-age=0',
  'connection' => 'close',
  'host' => 'www.xiaozu.com',
)
[ info ] [ PARAM ] array (
)
[ info ] [ RUN ] app\index\controller\Privilege->privilege[ D:\phpStudy\PHPTutorial\WWW\da1\ecshop\ThinkPHP\application\index\controller\Privilege.php ]
[ info ] [ DB ] INIT mysql
[ info ] [ VIEW ] D:\phpStudy\PHPTutorial\WWW\da1\ecshop\ThinkPHP\public/../application/index\view\privilege\privilege.html [ array (
  0 => 'res',
) ]
[ info ] [ LOG ] INIT File
[ sql ] [ DB ] CONNECT:[ UseTime:0.001394s ] mysql:host=127.0.0.1;dbname=ecsp;charset=utf8
[ sql ] [ SQL ] SHOW COLUMNS FROM `user` [ RunTime:0.010612s ]
[ sql ] [ SQL ] SELECT * FROM `user` [ RunTime:0.000590s ]
---------------------------------------------------------------
[ 2018-09-09T21:09:36+08:00 ] 127.0.0.1 GET /ThinkPHP/public/index.php/index/privilege/add_power.html
[ info ] www.xiaozu.com/ThinkPHP/public/index.php/index/privilege/add_power.html [运行时间：0.027496s][吞吐率：36.37req/s] [内存消耗：1,063.49kb] [文件加载：35]
[ info ] [ LANG ] D:\phpStudy\PHPTutorial\WWW\da1\ecshop\ThinkPHP\thinkphp\lang\zh-cn.php
[ info ] [ ROUTE ] array (
  'type' => 'module',
  'module' => 
  array (
    0 => 'index',
    1 => 'privilege',
    2 => 'add_power',
  ),
)
[ info ] [ HEADER ] array (
  'accept-language' => 'zh-CN,zh;q=0.9',
  'accept-encoding' => 'gzip, deflate',
  'referer' => 'http://www.xiaozu.com/ThinkPHP/public/index.php/index/privilege/privilege',
  'accept' => 'text/html,application/xhtml+xml,application/xml;q=0.9,image/webp,image/apng,*/*;q=0.8',
  'user-agent' => 'Mozilla/5.0 (Windows NT 10.0; WOW64) AppleWebKit/537.36 (KHTML, like Gecko) Chrome/65.0.3325.181 Safari/537.36',
  'upgrade-insecure-requests' => '1',
  'connection' => 'close',
  'host' => 'www.xiaozu.com',
)
[ info ] [ PARAM ] array (
)
[ info ] [ LOG ] INIT File
---------------------------------------------------------------
[ 2018-09-09T21:09:54+08:00 ] 127.0.0.1 GET /ThinkPHP/public/index.php/index/privilege/add_power.html
[ info ] www.xiaozu.com/ThinkPHP/public/index.php/index/privilege/add_power.html [运行时间：0.024275s][吞吐率：41.19req/s] [内存消耗：1,063.77kb] [文件加载：35]
[ info ] [ LANG ] D:\phpStudy\PHPTutorial\WWW\da1\ecshop\ThinkPHP\thinkphp\lang\zh-cn.php
[ info ] [ ROUTE ] array (
  'type' => 'module',
  'module' => 
  array (
    0 => 'index',
    1 => 'privilege',
    2 => 'add_power',
  ),
)
[ info ] [ HEADER ] array (
  'accept-language' => 'zh-CN,zh;q=0.9',
  'accept-encoding' => 'gzip, deflate',
  'referer' => 'http://www.xiaozu.com/ThinkPHP/public/index.php/index/privilege/privilege',
  'accept' => 'text/html,application/xhtml+xml,application/xml;q=0.9,image/webp,image/apng,*/*;q=0.8',
  'user-agent' => 'Mozilla/5.0 (Windows NT 10.0; WOW64) AppleWebKit/537.36 (KHTML, like Gecko) Chrome/65.0.3325.181 Safari/537.36',
  'upgrade-insecure-requests' => '1',
  'cache-control' => 'max-age=0',
  'connection' => 'close',
  'host' => 'www.xiaozu.com',
)
[ info ] [ PARAM ] array (
)
[ info ] [ LOG ] INIT File
---------------------------------------------------------------
[ 2018-09-09T21:09:56+08:00 ] 127.0.0.1 GET /ThinkPHP/public/index.php/index/privilege/add_power.html
[ info ] www.xiaozu.com/ThinkPHP/public/index.php/index/privilege/add_power.html [运行时间：0.025263s][吞吐率：39.58req/s] [内存消耗：1,063.77kb] [文件加载：35]
[ info ] [ LANG ] D:\phpStudy\PHPTutorial\WWW\da1\ecshop\ThinkPHP\thinkphp\lang\zh-cn.php
[ info ] [ ROUTE ] array (
  'type' => 'module',
  'module' => 
  array (
    0 => 'index',
    1 => 'privilege',
    2 => 'add_power',
  ),
)
[ info ] [ HEADER ] array (
  'accept-language' => 'zh-CN,zh;q=0.9',
  'accept-encoding' => 'gzip, deflate',
  'referer' => 'http://www.xiaozu.com/ThinkPHP/public/index.php/index/privilege/privilege',
  'accept' => 'text/html,application/xhtml+xml,application/xml;q=0.9,image/webp,image/apng,*/*;q=0.8',
  'user-agent' => 'Mozilla/5.0 (Windows NT 10.0; WOW64) AppleWebKit/537.36 (KHTML, like Gecko) Chrome/65.0.3325.181 Safari/537.36',
  'upgrade-insecure-requests' => '1',
  'cache-control' => 'max-age=0',
  'connection' => 'close',
  'host' => 'www.xiaozu.com',
)
[ info ] [ PARAM ] array (
)
[ info ] [ LOG ] INIT File
---------------------------------------------------------------
[ 2018-09-09T21:10:00+08:00 ] 127.0.0.1 GET /ThinkPHP/public/index.php/index/privilege/power.html
[ info ] www.xiaozu.com/ThinkPHP/public/index.php/index/privilege/power.html [运行时间：0.121361s][吞吐率：8.24req/s] [内存消耗：1,286.13kb] [文件加载：36]
[ info ] [ LANG ] D:\phpStudy\PHPTutorial\WWW\da1\ecshop\ThinkPHP\thinkphp\lang\zh-cn.php
[ info ] [ ROUTE ] array (
  'type' => 'module',
  'module' => 
  array (
    0 => 'index',
    1 => 'privilege',
    2 => 'power',
  ),
)
[ info ] [ HEADER ] array (
  'accept-language' => 'zh-CN,zh;q=0.9',
  'accept-encoding' => 'gzip, deflate',
  'accept' => 'text/html,application/xhtml+xml,application/xml;q=0.9,image/webp,image/apng,*/*;q=0.8',
  'user-agent' => 'Mozilla/5.0 (Windows NT 10.0; WOW64) AppleWebKit/537.36 (KHTML, like Gecko) Chrome/65.0.3325.181 Safari/537.36',
  'upgrade-insecure-requests' => '1',
  'connection' => 'close',
  'host' => 'www.xiaozu.com',
)
[ info ] [ PARAM ] array (
)
[ info ] [ RUN ] app\index\controller\Privilege->power[ D:\phpStudy\PHPTutorial\WWW\da1\ecshop\ThinkPHP\application\index\controller\Privilege.php ]
[ info ] [ VIEW ] D:\phpStudy\PHPTutorial\WWW\da1\ecshop\ThinkPHP\public/../application/index\view\privilege\power.html [ array (
) ]
[ info ] [ LOG ] INIT File
---------------------------------------------------------------
[ 2018-09-09T21:10:00+08:00 ] 127.0.0.1 GET /ThinkPHP/public/index.php/index/privilege/static/css/general.css
[ info ] www.xiaozu.com/ThinkPHP/public/index.php/index/privilege/static/css/general.css [运行时间：0.029235s][吞吐率：34.21req/s] [内存消耗：1,063.38kb] [文件加载：35]
[ info ] [ LANG ] D:\phpStudy\PHPTutorial\WWW\da1\ecshop\ThinkPHP\thinkphp\lang\zh-cn.php
[ info ] [ ROUTE ] array (
  'type' => 'module',
  'module' => 
  array (
    0 => 'index',
    1 => 'privilege',
    2 => 'static',
  ),
)
[ info ] [ HEADER ] array (
  'accept-language' => 'zh-CN,zh;q=0.9',
  'accept-encoding' => 'gzip, deflate',
  'referer' => 'http://www.xiaozu.com/ThinkPHP/public/index.php/index/privilege/power.html',
  'accept' => 'text/css,*/*;q=0.1',
  'user-agent' => 'Mozilla/5.0 (Windows NT 10.0; WOW64) AppleWebKit/537.36 (KHTML, like Gecko) Chrome/65.0.3325.181 Safari/537.36',
  'connection' => 'close',
  'host' => 'www.xiaozu.com',
)
[ info ] [ PARAM ] array (
  'css' => 'general.css',
)
[ info ] [ LOG ] INIT File
---------------------------------------------------------------
[ 2018-09-09T21:10:01+08:00 ] 127.0.0.1 GET /ThinkPHP/public/index.php/index/privilege/static/js/transport.js
[ info ] www.xiaozu.com/ThinkPHP/public/index.php/index/privilege/static/js/transport.js [运行时间：0.036453s][吞吐率：27.43req/s] [内存消耗：1,063.30kb] [文件加载：35]
[ info ] [ LANG ] D:\phpStudy\PHPTutorial\WWW\da1\ecshop\ThinkPHP\thinkphp\lang\zh-cn.php
[ info ] [ ROUTE ] array (
  'type' => 'module',
  'module' => 
  array (
    0 => 'index',
    1 => 'privilege',
    2 => 'static',
  ),
)
[ info ] [ HEADER ] array (
  'accept-language' => 'zh-CN,zh;q=0.9',
  'accept-encoding' => 'gzip, deflate',
  'referer' => 'http://www.xiaozu.com/ThinkPHP/public/index.php/index/privilege/power.html',
  'accept' => '*/*',
  'user-agent' => 'Mozilla/5.0 (Windows NT 10.0; WOW64) AppleWebKit/537.36 (KHTML, like Gecko) Chrome/65.0.3325.181 Safari/537.36',
  'connection' => 'close',
  'host' => 'www.xiaozu.com',
)
[ info ] [ PARAM ] array (
  'js' => 'transport.js',
)
[ info ] [ LOG ] INIT File
---------------------------------------------------------------
[ 2018-09-09T21:10:01+08:00 ] 127.0.0.1 GET /ThinkPHP/public/index.php/index/privilege/static/js/common.js
[ info ] www.xiaozu.com/ThinkPHP/public/index.php/index/privilege/static/js/common.js [运行时间：0.030740s][吞吐率：32.53req/s] [内存消耗：1,063.95kb] [文件加载：35]
[ info ] [ LANG ] D:\phpStudy\PHPTutorial\WWW\da1\ecshop\ThinkPHP\thinkphp\lang\zh-cn.php
[ info ] [ ROUTE ] array (
  'type' => 'module',
  'module' => 
  array (
    0 => 'index',
    1 => 'privilege',
    2 => 'static',
  ),
)
[ info ] [ HEADER ] array (
  'accept-language' => 'zh-CN,zh;q=0.9',
  'accept-encoding' => 'gzip, deflate',
  'referer' => 'http://www.xiaozu.com/ThinkPHP/public/index.php/index/privilege/power.html',
  'accept' => '*/*',
  'user-agent' => 'Mozilla/5.0 (Windows NT 10.0; WOW64) AppleWebKit/537.36 (KHTML, like Gecko) Chrome/65.0.3325.181 Safari/537.36',
  'connection' => 'close',
  'host' => 'www.xiaozu.com',
)
[ info ] [ PARAM ] array (
  'js' => 'common.js',
)
[ info ] [ LOG ] INIT File
---------------------------------------------------------------
[ 2018-09-09T21:10:01+08:00 ] 127.0.0.1 GET /ThinkPHP/public/index.php/index/privilege/static/css/main.css
[ info ] www.xiaozu.com/ThinkPHP/public/index.php/index/privilege/static/css/main.css [运行时间：0.031556s][吞吐率：31.69req/s] [内存消耗：1,064.09kb] [文件加载：35]
[ info ] [ LANG ] D:\phpStudy\PHPTutorial\WWW\da1\ecshop\ThinkPHP\thinkphp\lang\zh-cn.php
[ info ] [ ROUTE ] array (
  'type' => 'module',
  'module' => 
  array (
    0 => 'index',
    1 => 'privilege',
    2 => 'static',
  ),
)
[ info ] [ HEADER ] array (
  'accept-language' => 'zh-CN,zh;q=0.9',
  'accept-encoding' => 'gzip, deflate',
  'referer' => 'http://www.xiaozu.com/ThinkPHP/public/index.php/index/privilege/power.html',
  'accept' => 'text/css,*/*;q=0.1',
  'user-agent' => 'Mozilla/5.0 (Windows NT 10.0; WOW64) AppleWebKit/537.36 (KHTML, like Gecko) Chrome/65.0.3325.181 Safari/537.36',
  'connection' => 'close',
  'host' => 'www.xiaozu.com',
)
[ info ] [ PARAM ] array (
  'css' => 'main.css',
)
[ info ] [ LOG ] INIT File
---------------------------------------------------------------
[ 2018-09-09T21:10:02+08:00 ] 127.0.0.1 GET /ThinkPHP/public/index.php/index/privilege/static/js/utils.js
[ info ] www.xiaozu.com/ThinkPHP/public/index.php/index/privilege/static/js/utils.js [运行时间：0.031679s][吞吐率：31.57req/s] [内存消耗：1,063.94kb] [文件加载：35]
[ info ] [ LANG ] D:\phpStudy\PHPTutorial\WWW\da1\ecshop\ThinkPHP\thinkphp\lang\zh-cn.php
[ info ] [ ROUTE ] array (
  'type' => 'module',
  'module' => 
  array (
    0 => 'index',
    1 => 'privilege',
    2 => 'static',
  ),
)
[ info ] [ HEADER ] array (
  'accept-language' => 'zh-CN,zh;q=0.9',
  'accept-encoding' => 'gzip, deflate',
  'referer' => 'http://www.xiaozu.com/ThinkPHP/public/index.php/index/privilege/power.html',
  'accept' => '*/*',
  'user-agent' => 'Mozilla/5.0 (Windows NT 10.0; WOW64) AppleWebKit/537.36 (KHTML, like Gecko) Chrome/65.0.3325.181 Safari/537.36',
  'connection' => 'close',
  'host' => 'www.xiaozu.com',
)
[ info ] [ PARAM ] array (
  'js' => 'utils.js',
)
[ info ] [ LOG ] INIT File
---------------------------------------------------------------
[ 2018-09-09T21:10:02+08:00 ] 127.0.0.1 GET /ThinkPHP/public/index.php/index/privilege/static/js/common.js
[ info ] www.xiaozu.com/ThinkPHP/public/index.php/index/privilege/static/js/common.js [运行时间：0.022477s][吞吐率：44.49req/s] [内存消耗：1,063.41kb] [文件加载：35]
[ info ] [ LANG ] D:\phpStudy\PHPTutorial\WWW\da1\ecshop\ThinkPHP\thinkphp\lang\zh-cn.php
[ info ] [ ROUTE ] array (
  'type' => 'module',
  'module' => 
  array (
    0 => 'index',
    1 => 'privilege',
    2 => 'static',
  ),
)
[ info ] [ HEADER ] array (
  'accept-language' => 'zh-CN,zh;q=0.9',
  'accept-encoding' => 'gzip, deflate',
  'referer' => 'http://www.xiaozu.com/ThinkPHP/public/index.php/index/privilege/power.html',
  'accept' => '*/*',
  'user-agent' => 'Mozilla/5.0 (Windows NT 10.0; WOW64) AppleWebKit/537.36 (KHTML, like Gecko) Chrome/65.0.3325.181 Safari/537.36',
  'connection' => 'close',
  'host' => 'www.xiaozu.com',
)
[ info ] [ PARAM ] array (
  'js' => 'common.js',
)
[ info ] [ LOG ] INIT File
---------------------------------------------------------------
[ 2018-09-09T21:10:02+08:00 ] 127.0.0.1 GET /ThinkPHP/public/index.php/index/privilege/static/js/utils.js
[ info ] www.xiaozu.com/ThinkPHP/public/index.php/index/privilege/static/js/utils.js [运行时间：0.037398s][吞吐率：26.74req/s] [内存消耗：1,063.36kb] [文件加载：35]
[ info ] [ LANG ] D:\phpStudy\PHPTutorial\WWW\da1\ecshop\ThinkPHP\thinkphp\lang\zh-cn.php
[ info ] [ ROUTE ] array (
  'type' => 'module',
  'module' => 
  array (
    0 => 'index',
    1 => 'privilege',
    2 => 'static',
  ),
)
[ info ] [ HEADER ] array (
  'accept-language' => 'zh-CN,zh;q=0.9',
  'accept-encoding' => 'gzip, deflate',
  'referer' => 'http://www.xiaozu.com/ThinkPHP/public/index.php/index/privilege/power.html',
  'accept' => '*/*',
  'user-agent' => 'Mozilla/5.0 (Windows NT 10.0; WOW64) AppleWebKit/537.36 (KHTML, like Gecko) Chrome/65.0.3325.181 Safari/537.36',
  'connection' => 'close',
  'host' => 'www.xiaozu.com',
)
[ info ] [ PARAM ] array (
  'js' => 'utils.js',
)
[ info ] [ LOG ] INIT File
---------------------------------------------------------------
[ 2018-09-09T21:10:02+08:00 ] 127.0.0.1 GET /ThinkPHP/public/index.php/index/privilege/images/online.swf
[ info ] www.xiaozu.com/ThinkPHP/public/index.php/index/privilege/images/online.swf [运行时间：0.025007s][吞吐率：39.99req/s] [内存消耗：1,063.29kb] [文件加载：35]
[ info ] [ LANG ] D:\phpStudy\PHPTutorial\WWW\da1\ecshop\ThinkPHP\thinkphp\lang\zh-cn.php
[ info ] [ ROUTE ] array (
  'type' => 'module',
  'module' => 
  array (
    0 => 'index',
    1 => 'privilege',
    2 => 'images',
  ),
)
[ info ] [ HEADER ] array (
  'accept-language' => 'zh-CN,zh;q=0.9',
  'accept-encoding' => 'gzip, deflate',
  'referer' => 'http://www.xiaozu.com/ThinkPHP/public/index.php/index/privilege/power.html',
  'accept' => '*/*',
  'x-requested-with' => 'ShockwaveFlash/24.0.0.186',
  'user-agent' => 'Mozilla/5.0 (Windows NT 10.0; WOW64) AppleWebKit/537.36 (KHTML, like Gecko) Chrome/65.0.3325.181 Safari/537.36',
  'connection' => 'close',
  'host' => 'www.xiaozu.com',
)
[ info ] [ PARAM ] array (
)
[ info ] [ LOG ] INIT File
---------------------------------------------------------------
[ 2018-09-09T21:11:09+08:00 ] 127.0.0.1 GET /ThinkPHP/public/index.php/index/privilege/power.html
[ info ] www.xiaozu.com/ThinkPHP/public/index.php/index/privilege/power.html [运行时间：0.035092s][吞吐率：28.50req/s] [内存消耗：1,286.42kb] [文件加载：36]
[ info ] [ LANG ] D:\phpStudy\PHPTutorial\WWW\da1\ecshop\ThinkPHP\thinkphp\lang\zh-cn.php
[ info ] [ ROUTE ] array (
  'type' => 'module',
  'module' => 
  array (
    0 => 'index',
    1 => 'privilege',
    2 => 'power',
  ),
)
[ info ] [ HEADER ] array (
  'accept-language' => 'zh-CN,zh;q=0.9',
  'accept-encoding' => 'gzip, deflate',
  'accept' => 'text/html,application/xhtml+xml,application/xml;q=0.9,image/webp,image/apng,*/*;q=0.8',
  'user-agent' => 'Mozilla/5.0 (Windows NT 10.0; WOW64) AppleWebKit/537.36 (KHTML, like Gecko) Chrome/65.0.3325.181 Safari/537.36',
  'upgrade-insecure-requests' => '1',
  'cache-control' => 'max-age=0',
  'connection' => 'close',
  'host' => 'www.xiaozu.com',
)
[ info ] [ PARAM ] array (
)
[ info ] [ RUN ] app\index\controller\Privilege->power[ D:\phpStudy\PHPTutorial\WWW\da1\ecshop\ThinkPHP\application\index\controller\Privilege.php ]
[ info ] [ VIEW ] D:\phpStudy\PHPTutorial\WWW\da1\ecshop\ThinkPHP\public/../application/index\view\privilege\power.html [ array (
) ]
[ info ] [ LOG ] INIT File
---------------------------------------------------------------
[ 2018-09-09T21:11:09+08:00 ] 127.0.0.1 GET /ThinkPHP/public/index.php/index/privilege/static/js/common.js
[ info ] www.xiaozu.com/ThinkPHP/public/index.php/index/privilege/static/js/common.js [运行时间：0.030767s][吞吐率：32.50req/s] [内存消耗：1,063.41kb] [文件加载：35]
[ info ] [ LANG ] D:\phpStudy\PHPTutorial\WWW\da1\ecshop\ThinkPHP\thinkphp\lang\zh-cn.php
[ info ] [ ROUTE ] array (
  'type' => 'module',
  'module' => 
  array (
    0 => 'index',
    1 => 'privilege',
    2 => 'static',
  ),
)
[ info ] [ HEADER ] array (
  'accept-language' => 'zh-CN,zh;q=0.9',
  'accept-encoding' => 'gzip, deflate',
  'referer' => 'http://www.xiaozu.com/ThinkPHP/public/index.php/index/privilege/power.html',
  'accept' => '*/*',
  'user-agent' => 'Mozilla/5.0 (Windows NT 10.0; WOW64) AppleWebKit/537.36 (KHTML, like Gecko) Chrome/65.0.3325.181 Safari/537.36',
  'connection' => 'close',
  'host' => 'www.xiaozu.com',
)
[ info ] [ PARAM ] array (
  'js' => 'common.js',
)
[ info ] [ LOG ] INIT File
---------------------------------------------------------------
[ 2018-09-09T21:11:09+08:00 ] 127.0.0.1 GET /ThinkPHP/public/index.php/index/privilege/static/css/general.css
[ info ] www.xiaozu.com/ThinkPHP/public/index.php/index/privilege/static/css/general.css [运行时间：0.031863s][吞吐率：31.38req/s] [内存消耗：1,063.38kb] [文件加载：35]
[ info ] [ LANG ] D:\phpStudy\PHPTutorial\WWW\da1\ecshop\ThinkPHP\thinkphp\lang\zh-cn.php
[ info ] [ ROUTE ] array (
  'type' => 'module',
  'module' => 
  array (
    0 => 'index',
    1 => 'privilege',
    2 => 'static',
  ),
)
[ info ] [ HEADER ] array (
  'accept-language' => 'zh-CN,zh;q=0.9',
  'accept-encoding' => 'gzip, deflate',
  'referer' => 'http://www.xiaozu.com/ThinkPHP/public/index.php/index/privilege/power.html',
  'accept' => 'text/css,*/*;q=0.1',
  'user-agent' => 'Mozilla/5.0 (Windows NT 10.0; WOW64) AppleWebKit/537.36 (KHTML, like Gecko) Chrome/65.0.3325.181 Safari/537.36',
  'connection' => 'close',
  'host' => 'www.xiaozu.com',
)
[ info ] [ PARAM ] array (
  'css' => 'general.css',
)
[ info ] [ LOG ] INIT File
---------------------------------------------------------------
[ 2018-09-09T21:11:09+08:00 ] 127.0.0.1 GET /ThinkPHP/public/index.php/index/privilege/static/js/transport.js
[ info ] www.xiaozu.com/ThinkPHP/public/index.php/index/privilege/static/js/transport.js [运行时间：0.033398s][吞吐率：29.94req/s] [内存消耗：1,063.30kb] [文件加载：35]
[ info ] [ LANG ] D:\phpStudy\PHPTutorial\WWW\da1\ecshop\ThinkPHP\thinkphp\lang\zh-cn.php
[ info ] [ ROUTE ] array (
  'type' => 'module',
  'module' => 
  array (
    0 => 'index',
    1 => 'privilege',
    2 => 'static',
  ),
)
[ info ] [ HEADER ] array (
  'accept-language' => 'zh-CN,zh;q=0.9',
  'accept-encoding' => 'gzip, deflate',
  'referer' => 'http://www.xiaozu.com/ThinkPHP/public/index.php/index/privilege/power.html',
  'accept' => '*/*',
  'user-agent' => 'Mozilla/5.0 (Windows NT 10.0; WOW64) AppleWebKit/537.36 (KHTML, like Gecko) Chrome/65.0.3325.181 Safari/537.36',
  'connection' => 'close',
  'host' => 'www.xiaozu.com',
)
[ info ] [ PARAM ] array (
  'js' => 'transport.js',
)
[ info ] [ LOG ] INIT File
---------------------------------------------------------------
[ 2018-09-09T21:11:09+08:00 ] 127.0.0.1 GET /ThinkPHP/public/index.php/index/privilege/static/js/utils.js
[ info ] www.xiaozu.com/ThinkPHP/public/index.php/index/privilege/static/js/utils.js [运行时间：0.042563s][吞吐率：23.49req/s] [内存消耗：1,063.36kb] [文件加载：35]
[ info ] [ LANG ] D:\phpStudy\PHPTutorial\WWW\da1\ecshop\ThinkPHP\thinkphp\lang\zh-cn.php
[ info ] [ ROUTE ] array (
  'type' => 'module',
  'module' => 
  array (
    0 => 'index',
    1 => 'privilege',
    2 => 'static',
  ),
)
[ info ] [ HEADER ] array (
  'accept-language' => 'zh-CN,zh;q=0.9',
  'accept-encoding' => 'gzip, deflate',
  'referer' => 'http://www.xiaozu.com/ThinkPHP/public/index.php/index/privilege/power.html',
  'accept' => '*/*',
  'user-agent' => 'Mozilla/5.0 (Windows NT 10.0; WOW64) AppleWebKit/537.36 (KHTML, like Gecko) Chrome/65.0.3325.181 Safari/537.36',
  'connection' => 'close',
  'host' => 'www.xiaozu.com',
)
[ info ] [ PARAM ] array (
  'js' => 'utils.js',
)
[ info ] [ LOG ] INIT File
---------------------------------------------------------------
[ 2018-09-09T21:11:10+08:00 ] 127.0.0.1 GET /ThinkPHP/public/index.php/index/privilege/static/css/main.css
[ info ] www.xiaozu.com/ThinkPHP/public/index.php/index/privilege/static/css/main.css [运行时间：0.021327s][吞吐率：46.89req/s] [内存消耗：1,063.35kb] [文件加载：35]
[ info ] [ LANG ] D:\phpStudy\PHPTutorial\WWW\da1\ecshop\ThinkPHP\thinkphp\lang\zh-cn.php
[ info ] [ ROUTE ] array (
  'type' => 'module',
  'module' => 
  array (
    0 => 'index',
    1 => 'privilege',
    2 => 'static',
  ),
)
[ info ] [ HEADER ] array (
  'accept-language' => 'zh-CN,zh;q=0.9',
  'accept-encoding' => 'gzip, deflate',
  'referer' => 'http://www.xiaozu.com/ThinkPHP/public/index.php/index/privilege/power.html',
  'accept' => 'text/css,*/*;q=0.1',
  'user-agent' => 'Mozilla/5.0 (Windows NT 10.0; WOW64) AppleWebKit/537.36 (KHTML, like Gecko) Chrome/65.0.3325.181 Safari/537.36',
  'connection' => 'close',
  'host' => 'www.xiaozu.com',
)
[ info ] [ PARAM ] array (
  'css' => 'main.css',
)
[ info ] [ LOG ] INIT File
---------------------------------------------------------------
[ 2018-09-09T21:11:10+08:00 ] 127.0.0.1 GET /ThinkPHP/public/index.php/index/privilege/static/js/common.js
[ info ] www.xiaozu.com/ThinkPHP/public/index.php/index/privilege/static/js/common.js [运行时间：0.021030s][吞吐率：47.55req/s] [内存消耗：1,063.41kb] [文件加载：35]
[ info ] [ LANG ] D:\phpStudy\PHPTutorial\WWW\da1\ecshop\ThinkPHP\thinkphp\lang\zh-cn.php
[ info ] [ ROUTE ] array (
  'type' => 'module',
  'module' => 
  array (
    0 => 'index',
    1 => 'privilege',
    2 => 'static',
  ),
)
[ info ] [ HEADER ] array (
  'accept-language' => 'zh-CN,zh;q=0.9',
  'accept-encoding' => 'gzip, deflate',
  'referer' => 'http://www.xiaozu.com/ThinkPHP/public/index.php/index/privilege/power.html',
  'accept' => '*/*',
  'user-agent' => 'Mozilla/5.0 (Windows NT 10.0; WOW64) AppleWebKit/537.36 (KHTML, like Gecko) Chrome/65.0.3325.181 Safari/537.36',
  'connection' => 'close',
  'host' => 'www.xiaozu.com',
)
[ info ] [ PARAM ] array (
  'js' => 'common.js',
)
[ info ] [ LOG ] INIT File
---------------------------------------------------------------
[ 2018-09-09T21:11:10+08:00 ] 127.0.0.1 GET /ThinkPHP/public/index.php/index/privilege/static/js/utils.js
[ info ] www.xiaozu.com/ThinkPHP/public/index.php/index/privilege/static/js/utils.js [运行时间：0.023353s][吞吐率：42.82req/s] [内存消耗：1,063.36kb] [文件加载：35]
[ info ] [ LANG ] D:\phpStudy\PHPTutorial\WWW\da1\ecshop\ThinkPHP\thinkphp\lang\zh-cn.php
[ info ] [ ROUTE ] array (
  'type' => 'module',
  'module' => 
  array (
    0 => 'index',
    1 => 'privilege',
    2 => 'static',
  ),
)
[ info ] [ HEADER ] array (
  'accept-language' => 'zh-CN,zh;q=0.9',
  'accept-encoding' => 'gzip, deflate',
  'referer' => 'http://www.xiaozu.com/ThinkPHP/public/index.php/index/privilege/power.html',
  'accept' => '*/*',
  'user-agent' => 'Mozilla/5.0 (Windows NT 10.0; WOW64) AppleWebKit/537.36 (KHTML, like Gecko) Chrome/65.0.3325.181 Safari/537.36',
  'connection' => 'close',
  'host' => 'www.xiaozu.com',
)
[ info ] [ PARAM ] array (
  'js' => 'utils.js',
)
[ info ] [ LOG ] INIT File
---------------------------------------------------------------
[ 2018-09-09T21:11:10+08:00 ] 127.0.0.1 GET /ThinkPHP/public/index.php/index/privilege/images/online.swf
[ info ] www.xiaozu.com/ThinkPHP/public/index.php/index/privilege/images/online.swf [运行时间：0.037174s][吞吐率：26.90req/s] [内存消耗：1,063.29kb] [文件加载：35]
[ info ] [ LANG ] D:\phpStudy\PHPTutorial\WWW\da1\ecshop\ThinkPHP\thinkphp\lang\zh-cn.php
[ info ] [ ROUTE ] array (
  'type' => 'module',
  'module' => 
  array (
    0 => 'index',
    1 => 'privilege',
    2 => 'images',
  ),
)
[ info ] [ HEADER ] array (
  'accept-language' => 'zh-CN,zh;q=0.9',
  'accept-encoding' => 'gzip, deflate',
  'referer' => 'http://www.xiaozu.com/ThinkPHP/public/index.php/index/privilege/power.html',
  'accept' => '*/*',
  'x-requested-with' => 'ShockwaveFlash/24.0.0.186',
  'user-agent' => 'Mozilla/5.0 (Windows NT 10.0; WOW64) AppleWebKit/537.36 (KHTML, like Gecko) Chrome/65.0.3325.181 Safari/537.36',
  'connection' => 'close',
  'host' => 'www.xiaozu.com',
)
[ info ] [ PARAM ] array (
)
[ info ] [ LOG ] INIT File
---------------------------------------------------------------
[ 2018-09-09T21:16:14+08:00 ] 127.0.0.1 GET /ThinkPHP/public/index.php/index/privilege/privilege
[ info ] www.xiaozu.com/ThinkPHP/public/index.php/index/privilege/privilege [运行时间：0.167681s][吞吐率：5.96req/s] [内存消耗：1,907.70kb] [文件加载：43]
[ info ] [ LANG ] D:\phpStudy\PHPTutorial\WWW\da1\ecshop\ThinkPHP\thinkphp\lang\zh-cn.php
[ info ] [ ROUTE ] array (
  'type' => 'module',
  'module' => 
  array (
    0 => 'index',
    1 => 'privilege',
    2 => 'privilege',
  ),
)
[ info ] [ HEADER ] array (
  'accept-language' => 'zh-CN,zh;q=0.9',
  'accept-encoding' => 'gzip, deflate',
  'accept' => 'text/html,application/xhtml+xml,application/xml;q=0.9,image/webp,image/apng,*/*;q=0.8',
  'user-agent' => 'Mozilla/5.0 (Windows NT 10.0; WOW64) AppleWebKit/537.36 (KHTML, like Gecko) Chrome/65.0.3325.181 Safari/537.36',
  'upgrade-insecure-requests' => '1',
  'connection' => 'close',
  'host' => 'www.xiaozu.com',
)
[ info ] [ PARAM ] array (
)
[ info ] [ RUN ] app\index\controller\Privilege->privilege[ D:\phpStudy\PHPTutorial\WWW\da1\ecshop\ThinkPHP\application\index\controller\Privilege.php ]
[ info ] [ DB ] INIT mysql
[ info ] [ VIEW ] D:\phpStudy\PHPTutorial\WWW\da1\ecshop\ThinkPHP\public/../application/index\view\privilege\privilege.html [ array (
  0 => 'res',
) ]
[ info ] [ LOG ] INIT File
[ sql ] [ DB ] CONNECT:[ UseTime:0.011220s ] mysql:host=127.0.0.1;dbname=ecsp;charset=utf8
[ sql ] [ SQL ] SHOW COLUMNS FROM `user` [ RunTime:0.074184s ]
[ sql ] [ SQL ] SELECT * FROM `user` [ RunTime:0.002071s ]
---------------------------------------------------------------
[ 2018-09-09T21:16:23+08:00 ] 127.0.0.1 GET /ThinkPHP/public/index.php/index/privilege/power.html
[ info ] www.xiaozu.com/ThinkPHP/public/index.php/index/privilege/power.html [运行时间：0.033305s][吞吐率：30.03req/s] [内存消耗：1,286.61kb] [文件加载：36]
[ info ] [ LANG ] D:\phpStudy\PHPTutorial\WWW\da1\ecshop\ThinkPHP\thinkphp\lang\zh-cn.php
[ info ] [ ROUTE ] array (
  'type' => 'module',
  'module' => 
  array (
    0 => 'index',
    1 => 'privilege',
    2 => 'power',
  ),
)
[ info ] [ HEADER ] array (
  'accept-language' => 'zh-CN,zh;q=0.9',
  'accept-encoding' => 'gzip, deflate',
  'referer' => 'http://www.xiaozu.com/ThinkPHP/public/index.php/index/privilege/privilege',
  'accept' => 'text/html,application/xhtml+xml,application/xml;q=0.9,image/webp,image/apng,*/*;q=0.8',
  'user-agent' => 'Mozilla/5.0 (Windows NT 10.0; WOW64) AppleWebKit/537.36 (KHTML, like Gecko) Chrome/65.0.3325.181 Safari/537.36',
  'upgrade-insecure-requests' => '1',
  'connection' => 'close',
  'host' => 'www.xiaozu.com',
)
[ info ] [ PARAM ] array (
)
[ info ] [ RUN ] app\index\controller\Privilege->power[ D:\phpStudy\PHPTutorial\WWW\da1\ecshop\ThinkPHP\application\index\controller\Privilege.php ]
[ info ] [ VIEW ] D:\phpStudy\PHPTutorial\WWW\da1\ecshop\ThinkPHP\public/../application/index\view\privilege\power.html [ array (
) ]
[ info ] [ LOG ] INIT File
---------------------------------------------------------------
[ 2018-09-09T21:16:23+08:00 ] 127.0.0.1 GET /ThinkPHP/public/index.php/index/privilege/static/css/general.css
[ info ] www.xiaozu.com/ThinkPHP/public/index.php/index/privilege/static/css/general.css [运行时间：0.027503s][吞吐率：36.36req/s] [内存消耗：1,063.38kb] [文件加载：35]
[ info ] [ LANG ] D:\phpStudy\PHPTutorial\WWW\da1\ecshop\ThinkPHP\thinkphp\lang\zh-cn.php
[ info ] [ ROUTE ] array (
  'type' => 'module',
  'module' => 
  array (
    0 => 'index',
    1 => 'privilege',
    2 => 'static',
  ),
)
[ info ] [ HEADER ] array (
  'accept-language' => 'zh-CN,zh;q=0.9',
  'accept-encoding' => 'gzip, deflate',
  'referer' => 'http://www.xiaozu.com/ThinkPHP/public/index.php/index/privilege/power.html',
  'accept' => 'text/css,*/*;q=0.1',
  'user-agent' => 'Mozilla/5.0 (Windows NT 10.0; WOW64) AppleWebKit/537.36 (KHTML, like Gecko) Chrome/65.0.3325.181 Safari/537.36',
  'connection' => 'close',
  'host' => 'www.xiaozu.com',
)
[ info ] [ PARAM ] array (
  'css' => 'general.css',
)
[ info ] [ LOG ] INIT File
---------------------------------------------------------------
[ 2018-09-09T21:16:23+08:00 ] 127.0.0.1 GET /ThinkPHP/public/index.php/index/privilege/static/js/transport.js
[ info ] www.xiaozu.com/ThinkPHP/public/index.php/index/privilege/static/js/transport.js [运行时间：0.029164s][吞吐率：34.29req/s] [内存消耗：1,063.30kb] [文件加载：35]
[ info ] [ LANG ] D:\phpStudy\PHPTutorial\WWW\da1\ecshop\ThinkPHP\thinkphp\lang\zh-cn.php
[ info ] [ ROUTE ] array (
  'type' => 'module',
  'module' => 
  array (
    0 => 'index',
    1 => 'privilege',
    2 => 'static',
  ),
)
[ info ] [ HEADER ] array (
  'accept-language' => 'zh-CN,zh;q=0.9',
  'accept-encoding' => 'gzip, deflate',
  'referer' => 'http://www.xiaozu.com/ThinkPHP/public/index.php/index/privilege/power.html',
  'accept' => '*/*',
  'user-agent' => 'Mozilla/5.0 (Windows NT 10.0; WOW64) AppleWebKit/537.36 (KHTML, like Gecko) Chrome/65.0.3325.181 Safari/537.36',
  'connection' => 'close',
  'host' => 'www.xiaozu.com',
)
[ info ] [ PARAM ] array (
  'js' => 'transport.js',
)
[ info ] [ LOG ] INIT File
---------------------------------------------------------------
[ 2018-09-09T21:16:23+08:00 ] 127.0.0.1 GET /ThinkPHP/public/index.php/index/privilege/static/css/main.css
[ info ] www.xiaozu.com/ThinkPHP/public/index.php/index/privilege/static/css/main.css [运行时间：0.031536s][吞吐率：31.71req/s] [内存消耗：1,063.35kb] [文件加载：35]
[ info ] [ LANG ] D:\phpStudy\PHPTutorial\WWW\da1\ecshop\ThinkPHP\thinkphp\lang\zh-cn.php
[ info ] [ ROUTE ] array (
  'type' => 'module',
  'module' => 
  array (
    0 => 'index',
    1 => 'privilege',
    2 => 'static',
  ),
)
[ info ] [ HEADER ] array (
  'accept-language' => 'zh-CN,zh;q=0.9',
  'accept-encoding' => 'gzip, deflate',
  'referer' => 'http://www.xiaozu.com/ThinkPHP/public/index.php/index/privilege/power.html',
  'accept' => 'text/css,*/*;q=0.1',
  'user-agent' => 'Mozilla/5.0 (Windows NT 10.0; WOW64) AppleWebKit/537.36 (KHTML, like Gecko) Chrome/65.0.3325.181 Safari/537.36',
  'connection' => 'close',
  'host' => 'www.xiaozu.com',
)
[ info ] [ PARAM ] array (
  'css' => 'main.css',
)
[ info ] [ LOG ] INIT File
---------------------------------------------------------------
[ 2018-09-09T21:16:23+08:00 ] 127.0.0.1 GET /ThinkPHP/public/index.php/index/privilege/static/js/common.js
[ info ] www.xiaozu.com/ThinkPHP/public/index.php/index/privilege/static/js/common.js [运行时间：0.042425s][吞吐率：23.57req/s] [内存消耗：1,063.41kb] [文件加载：35]
[ info ] [ LANG ] D:\phpStudy\PHPTutorial\WWW\da1\ecshop\ThinkPHP\thinkphp\lang\zh-cn.php
[ info ] [ ROUTE ] array (
  'type' => 'module',
  'module' => 
  array (
    0 => 'index',
    1 => 'privilege',
    2 => 'static',
  ),
)
[ info ] [ HEADER ] array (
  'accept-language' => 'zh-CN,zh;q=0.9',
  'accept-encoding' => 'gzip, deflate',
  'referer' => 'http://www.xiaozu.com/ThinkPHP/public/index.php/index/privilege/power.html',
  'accept' => '*/*',
  'user-agent' => 'Mozilla/5.0 (Windows NT 10.0; WOW64) AppleWebKit/537.36 (KHTML, like Gecko) Chrome/65.0.3325.181 Safari/537.36',
  'connection' => 'close',
  'host' => 'www.xiaozu.com',
)
[ info ] [ PARAM ] array (
  'js' => 'common.js',
)
[ info ] [ LOG ] INIT File
---------------------------------------------------------------
[ 2018-09-09T21:16:24+08:00 ] 127.0.0.1 GET /ThinkPHP/public/index.php/index/privilege/static/js/utils.js
[ info ] www.xiaozu.com/ThinkPHP/public/index.php/index/privilege/static/js/utils.js [运行时间：0.041931s][吞吐率：23.85req/s] [内存消耗：1,063.36kb] [文件加载：35]
[ info ] [ LANG ] D:\phpStudy\PHPTutorial\WWW\da1\ecshop\ThinkPHP\thinkphp\lang\zh-cn.php
[ info ] [ ROUTE ] array (
  'type' => 'module',
  'module' => 
  array (
    0 => 'index',
    1 => 'privilege',
    2 => 'static',
  ),
)
[ info ] [ HEADER ] array (
  'accept-language' => 'zh-CN,zh;q=0.9',
  'accept-encoding' => 'gzip, deflate',
  'referer' => 'http://www.xiaozu.com/ThinkPHP/public/index.php/index/privilege/power.html',
  'accept' => '*/*',
  'user-agent' => 'Mozilla/5.0 (Windows NT 10.0; WOW64) AppleWebKit/537.36 (KHTML, like Gecko) Chrome/65.0.3325.181 Safari/537.36',
  'connection' => 'close',
  'host' => 'www.xiaozu.com',
)
[ info ] [ PARAM ] array (
  'js' => 'utils.js',
)
[ info ] [ LOG ] INIT File
---------------------------------------------------------------
[ 2018-09-09T21:16:24+08:00 ] 127.0.0.1 GET /ThinkPHP/public/index.php/index/privilege/images/online.swf
[ info ] www.xiaozu.com/ThinkPHP/public/index.php/index/privilege/images/online.swf [运行时间：0.031945s][吞吐率：31.30req/s] [内存消耗：1,063.29kb] [文件加载：35]
[ info ] [ LANG ] D:\phpStudy\PHPTutorial\WWW\da1\ecshop\ThinkPHP\thinkphp\lang\zh-cn.php
[ info ] [ ROUTE ] array (
  'type' => 'module',
  'module' => 
  array (
    0 => 'index',
    1 => 'privilege',
    2 => 'images',
  ),
)
[ info ] [ HEADER ] array (
  'accept-language' => 'zh-CN,zh;q=0.9',
  'accept-encoding' => 'gzip, deflate',
  'referer' => 'http://www.xiaozu.com/ThinkPHP/public/index.php/index/privilege/power.html',
  'accept' => '*/*',
  'x-requested-with' => 'ShockwaveFlash/24.0.0.186',
  'user-agent' => 'Mozilla/5.0 (Windows NT 10.0; WOW64) AppleWebKit/537.36 (KHTML, like Gecko) Chrome/65.0.3325.181 Safari/537.36',
  'connection' => 'close',
  'host' => 'www.xiaozu.com',
)
[ info ] [ PARAM ] array (
)
[ info ] [ LOG ] INIT File
---------------------------------------------------------------
[ 2018-09-09T21:16:32+08:00 ] 127.0.0.1 POST /ThinkPHP/public/index.php/index/privilege/role.php
[ info ] www.xiaozu.com/ThinkPHP/public/index.php/index/privilege/role.php [运行时间：0.046812s][吞吐率：21.36req/s] [内存消耗：1,077.53kb] [文件加载：35]
[ info ] [ LANG ] D:\phpStudy\PHPTutorial\WWW\da1\ecshop\ThinkPHP\thinkphp\lang\zh-cn.php
[ info ] [ ROUTE ] array (
  'type' => 'module',
  'module' => 
  array (
    0 => 'index',
    1 => 'privilege',
    2 => 'role.php',
  ),
)
[ info ] [ HEADER ] array (
  'accept-language' => 'zh-CN,zh;q=0.9',
  'accept-encoding' => 'gzip, deflate',
  'referer' => 'http://www.xiaozu.com/ThinkPHP/public/index.php/index/privilege/power.html',
  'accept' => 'text/html,application/xhtml+xml,application/xml;q=0.9,image/webp,image/apng,*/*;q=0.8',
  'user-agent' => 'Mozilla/5.0 (Windows NT 10.0; WOW64) AppleWebKit/537.36 (KHTML, like Gecko) Chrome/65.0.3325.181 Safari/537.36',
  'content-type' => 'application/x-www-form-urlencoded',
  'upgrade-insecure-requests' => '1',
  'origin' => 'http://www.xiaozu.com',
  'cache-control' => 'max-age=0',
  'content-length' => '3425',
  'connection' => 'close',
  'host' => 'www.xiaozu.com',
)
[ info ] [ PARAM ] array (
  'user_name' => 'admin',
  'role_describe' => '管理管理员',
  'action_code' => 
  array (
    0 => 'goods_manage',
    1 => 'remove_back',
    2 => 'cat_manage',
    3 => 'cat_drop',
    4 => 'attr_manage',
    5 => 'brand_manage',
    6 => 'comment_priv',
    7 => 'tag_manage',
    8 => 'goods_type',
    9 => 'goods_auto',
    10 => 'virualcard',
    11 => 'picture_batch',
    12 => 'goods_export',
    13 => 'goods_batch',
    14 => 'gen_goods_script',
    15 => 'article_cat',
    16 => 'article_manage',
    17 => 'shopinfo_manage',
    18 => 'shophelp_manage',
    19 => 'vote_priv',
    20 => 'article_auto',
    21 => 'feedback_priv',
    22 => 'integrate_users',
    23 => 'sync_users',
    24 => 'users_manage',
    25 => 'users_drop',
    26 => 'user_rank',
    27 => 'surplus_manage',
    28 => 'account_manage',
    29 => 'template_manage',
    30 => 'admin_manage',
    31 => 'admin_drop',
    32 => 'allot_priv',
    33 => 'logs_manage',
    34 => 'logs_drop',
    35 => 'agency_manage',
    36 => 'suppliers_manage',
    37 => 'role_manage',
    38 => 'shop_config',
    39 => 'ship_manage',
    40 => 'payment',
    41 => 'shiparea_manage',
    42 => 'area_manage',
    43 => 'friendlink',
    44 => 'db_backup',
    45 => 'db_renew',
    46 => 'flash_manage',
    47 => 'navigator',
    48 => 'cron',
    49 => 'affiliate',
    50 => 'affiliate_ck',
    51 => 'sitemap',
    52 => 'file_priv',
    53 => 'file_check',
    54 => 'reg_fields',
    55 => 'shop_authorized',
    56 => 'webcollect_manage',
    57 => 'order_os_edit',
    58 => 'order_ps_edit',
    59 => 'order_ss_edit',
    60 => 'order_edit',
    61 => 'order_view',
    62 => 'order_view_finished',
    63 => 'repay_manage',
    64 => 'booking',
    65 => 'sale_order_stats',
    66 => 'client_flow_stats',
    67 => 'delivery_view',
    68 => 'back_view',
    69 => 'topic_manage',
    70 => 'snatch_manage',
    71 => 'ad_manage',
    72 => 'gift_manage',
    73 => 'card_manage',
    74 => 'pack',
    75 => 'bonus_manage',
    76 => 'auction',
    77 => 'group_by',
    78 => 'favourable',
    79 => 'whole_sale',
    80 => 'package_manage',
    81 => 'exchange_goods',
    82 => 'attention_list',
    83 => 'email_list',
    84 => 'magazine_list',
    85 => 'view_sendlist',
    86 => 'template_select',
    87 => 'template_setup',
    88 => 'library_manage',
    89 => 'lang_edit',
    90 => 'backup_setting',
    91 => 'mail_template',
    92 => 'db_backup',
    93 => 'db_renew',
    94 => 'db_optimize',
    95 => 'sql_query',
    96 => 'convert',
    97 => 'sms_send',
    98 => 'sms_sign',
    99 => 'banner_mobile',
    100 => 'lead',
    101 => 'mobile_setting',
    102 => 'h5_setting',
    103 => 'leancloud',
    104 => 'wxa_setting',
    105 => 'certificate',
    106 => 'service_market',
    107 => 'sms_resource',
    108 => 'logistic_tracking',
  ),
  'Submit' => ' 保存 ',
  'id' => '1',
  'act' => 'update',
)
[ info ] [ LOG ] INIT File
---------------------------------------------------------------
[ 2018-09-09T21:16:35+08:00 ] 127.0.0.1 GET /ThinkPHP/public/index.php/index/privilege/static/css/general.css
[ info ] www.xiaozu.com/ThinkPHP/public/index.php/index/privilege/static/css/general.css [运行时间：0.026004s][吞吐率：38.46req/s] [内存消耗：1,063.38kb] [文件加载：35]
[ info ] [ LANG ] D:\phpStudy\PHPTutorial\WWW\da1\ecshop\ThinkPHP\thinkphp\lang\zh-cn.php
[ info ] [ ROUTE ] array (
  'type' => 'module',
  'module' => 
  array (
    0 => 'index',
    1 => 'privilege',
    2 => 'static',
  ),
)
[ info ] [ HEADER ] array (
  'accept-language' => 'zh-CN,zh;q=0.9',
  'accept-encoding' => 'gzip, deflate',
  'referer' => 'http://www.xiaozu.com/ThinkPHP/public/index.php/index/privilege/power.html',
  'accept' => 'text/css,*/*;q=0.1',
  'user-agent' => 'Mozilla/5.0 (Windows NT 10.0; WOW64) AppleWebKit/537.36 (KHTML, like Gecko) Chrome/65.0.3325.181 Safari/537.36',
  'connection' => 'close',
  'host' => 'www.xiaozu.com',
)
[ info ] [ PARAM ] array (
  'css' => 'general.css',
)
[ info ] [ LOG ] INIT File
---------------------------------------------------------------
[ 2018-09-09T21:16:36+08:00 ] 127.0.0.1 GET /ThinkPHP/public/index.php/index/privilege/static/js/common.js
[ info ] www.xiaozu.com/ThinkPHP/public/index.php/index/privilege/static/js/common.js [运行时间：0.029101s][吞吐率：34.36req/s] [内存消耗：1,063.41kb] [文件加载：35]
[ info ] [ LANG ] D:\phpStudy\PHPTutorial\WWW\da1\ecshop\ThinkPHP\thinkphp\lang\zh-cn.php
[ info ] [ ROUTE ] array (
  'type' => 'module',
  'module' => 
  array (
    0 => 'index',
    1 => 'privilege',
    2 => 'static',
  ),
)
[ info ] [ HEADER ] array (
  'accept-language' => 'zh-CN,zh;q=0.9',
  'accept-encoding' => 'gzip, deflate',
  'referer' => 'http://www.xiaozu.com/ThinkPHP/public/index.php/index/privilege/power.html',
  'accept' => '*/*',
  'user-agent' => 'Mozilla/5.0 (Windows NT 10.0; WOW64) AppleWebKit/537.36 (KHTML, like Gecko) Chrome/65.0.3325.181 Safari/537.36',
  'connection' => 'close',
  'host' => 'www.xiaozu.com',
)
[ info ] [ PARAM ] array (
  'js' => 'common.js',
)
[ info ] [ LOG ] INIT File
---------------------------------------------------------------
[ 2018-09-09T21:16:36+08:00 ] 127.0.0.1 GET /ThinkPHP/public/index.php/index/privilege/static/css/main.css
[ info ] www.xiaozu.com/ThinkPHP/public/index.php/index/privilege/static/css/main.css [运行时间：0.024775s][吞吐率：40.36req/s] [内存消耗：1,064.09kb] [文件加载：35]
[ info ] [ LANG ] D:\phpStudy\PHPTutorial\WWW\da1\ecshop\ThinkPHP\thinkphp\lang\zh-cn.php
[ info ] [ ROUTE ] array (
  'type' => 'module',
  'module' => 
  array (
    0 => 'index',
    1 => 'privilege',
    2 => 'static',
  ),
)
[ info ] [ HEADER ] array (
  'accept-language' => 'zh-CN,zh;q=0.9',
  'accept-encoding' => 'gzip, deflate',
  'referer' => 'http://www.xiaozu.com/ThinkPHP/public/index.php/index/privilege/power.html',
  'accept' => 'text/css,*/*;q=0.1',
  'user-agent' => 'Mozilla/5.0 (Windows NT 10.0; WOW64) AppleWebKit/537.36 (KHTML, like Gecko) Chrome/65.0.3325.181 Safari/537.36',
  'connection' => 'close',
  'host' => 'www.xiaozu.com',
)
[ info ] [ PARAM ] array (
  'css' => 'main.css',
)
[ info ] [ LOG ] INIT File
---------------------------------------------------------------
[ 2018-09-09T21:16:36+08:00 ] 127.0.0.1 GET /ThinkPHP/public/index.php/index/privilege/static/js/utils.js
[ info ] www.xiaozu.com/ThinkPHP/public/index.php/index/privilege/static/js/utils.js [运行时间：0.027643s][吞吐率：36.18req/s] [内存消耗：1,063.94kb] [文件加载：35]
[ info ] [ LANG ] D:\phpStudy\PHPTutorial\WWW\da1\ecshop\ThinkPHP\thinkphp\lang\zh-cn.php
[ info ] [ ROUTE ] array (
  'type' => 'module',
  'module' => 
  array (
    0 => 'index',
    1 => 'privilege',
    2 => 'static',
  ),
)
[ info ] [ HEADER ] array (
  'accept-language' => 'zh-CN,zh;q=0.9',
  'accept-encoding' => 'gzip, deflate',
  'referer' => 'http://www.xiaozu.com/ThinkPHP/public/index.php/index/privilege/power.html',
  'accept' => '*/*',
  'user-agent' => 'Mozilla/5.0 (Windows NT 10.0; WOW64) AppleWebKit/537.36 (KHTML, like Gecko) Chrome/65.0.3325.181 Safari/537.36',
  'connection' => 'close',
  'host' => 'www.xiaozu.com',
)
[ info ] [ PARAM ] array (
  'js' => 'utils.js',
)
[ info ] [ LOG ] INIT File
---------------------------------------------------------------
[ 2018-09-09T21:16:36+08:00 ] 127.0.0.1 GET /ThinkPHP/public/index.php/index/privilege/static/js/common.js
[ info ] www.xiaozu.com/ThinkPHP/public/index.php/index/privilege/static/js/common.js [运行时间：0.022839s][吞吐率：43.78req/s] [内存消耗：1,063.41kb] [文件加载：35]
[ info ] [ LANG ] D:\phpStudy\PHPTutorial\WWW\da1\ecshop\ThinkPHP\thinkphp\lang\zh-cn.php
[ info ] [ ROUTE ] array (
  'type' => 'module',
  'module' => 
  array (
    0 => 'index',
    1 => 'privilege',
    2 => 'static',
  ),
)
[ info ] [ HEADER ] array (
  'accept-language' => 'zh-CN,zh;q=0.9',
  'accept-encoding' => 'gzip, deflate',
  'referer' => 'http://www.xiaozu.com/ThinkPHP/public/index.php/index/privilege/power.html',
  'accept' => '*/*',
  'user-agent' => 'Mozilla/5.0 (Windows NT 10.0; WOW64) AppleWebKit/537.36 (KHTML, like Gecko) Chrome/65.0.3325.181 Safari/537.36',
  'connection' => 'close',
  'host' => 'www.xiaozu.com',
)
[ info ] [ PARAM ] array (
  'js' => 'common.js',
)
[ info ] [ LOG ] INIT File
---------------------------------------------------------------
[ 2018-09-09T21:16:36+08:00 ] 127.0.0.1 GET /ThinkPHP/public/index.php/index/privilege/static/js/utils.js
[ info ] www.xiaozu.com/ThinkPHP/public/index.php/index/privilege/static/js/utils.js [运行时间：0.035988s][吞吐率：27.79req/s] [内存消耗：1,063.36kb] [文件加载：35]
[ info ] [ LANG ] D:\phpStudy\PHPTutorial\WWW\da1\ecshop\ThinkPHP\thinkphp\lang\zh-cn.php
[ info ] [ ROUTE ] array (
  'type' => 'module',
  'module' => 
  array (
    0 => 'index',
    1 => 'privilege',
    2 => 'static',
  ),
)
[ info ] [ HEADER ] array (
  'accept-language' => 'zh-CN,zh;q=0.9',
  'accept-encoding' => 'gzip, deflate',
  'referer' => 'http://www.xiaozu.com/ThinkPHP/public/index.php/index/privilege/power.html',
  'accept' => '*/*',
  'user-agent' => 'Mozilla/5.0 (Windows NT 10.0; WOW64) AppleWebKit/537.36 (KHTML, like Gecko) Chrome/65.0.3325.181 Safari/537.36',
  'connection' => 'close',
  'host' => 'www.xiaozu.com',
)
[ info ] [ PARAM ] array (
  'js' => 'utils.js',
)
[ info ] [ LOG ] INIT File
---------------------------------------------------------------
[ 2018-09-09T21:16:36+08:00 ] 127.0.0.1 GET /ThinkPHP/public/index.php/index/privilege/images/online.swf
[ info ] www.xiaozu.com/ThinkPHP/public/index.php/index/privilege/images/online.swf [运行时间：0.028477s][吞吐率：35.12req/s] [内存消耗：1,063.29kb] [文件加载：35]
[ info ] [ LANG ] D:\phpStudy\PHPTutorial\WWW\da1\ecshop\ThinkPHP\thinkphp\lang\zh-cn.php
[ info ] [ ROUTE ] array (
  'type' => 'module',
  'module' => 
  array (
    0 => 'index',
    1 => 'privilege',
    2 => 'images',
  ),
)
[ info ] [ HEADER ] array (
  'accept-language' => 'zh-CN,zh;q=0.9',
  'accept-encoding' => 'gzip, deflate',
  'referer' => 'http://www.xiaozu.com/ThinkPHP/public/index.php/index/privilege/power.html',
  'accept' => '*/*',
  'x-requested-with' => 'ShockwaveFlash/24.0.0.186',
  'user-agent' => 'Mozilla/5.0 (Windows NT 10.0; WOW64) AppleWebKit/537.36 (KHTML, like Gecko) Chrome/65.0.3325.181 Safari/537.36',
  'connection' => 'close',
  'host' => 'www.xiaozu.com',
)
[ info ] [ PARAM ] array (
)
[ info ] [ LOG ] INIT File
