---------------------------------------------------------------
[ 2018-09-16T19:32:27+08:00 ] 127.0.0.1 GET /
[ info ] www.perject.com/ [运行时间：0.089413s][吞吐率：11.18req/s] [内存消耗：1,120.22kb] [文件加载：33]
[ info ] [ LANG ] G:\CodeFile\WWW\month12\perject\ecshop\ThinkPHP\thinkphp\lang\zh-cn.php
[ info ] [ ROUTE ] array (
  'type' => 'module',
  'module' => 
  array (
    0 => '',
    1 => NULL,
    2 => NULL,
  ),
)
[ info ] [ HEADER ] array (
  'host' => 'www.perject.com',
  'connection' => 'keep-alive',
  'cache-control' => 'max-age=0',
  'upgrade-insecure-requests' => '1',
  'user-agent' => 'Mozilla/5.0 (Windows NT 10.0; Win64; x64) AppleWebKit/537.36 (KHTML, like Gecko) Chrome/68.0.3440.106 Safari/537.36 OPR/55.0.2994.56',
  'accept' => 'text/html,application/xhtml+xml,application/xml;q=0.9,image/webp,image/apng,*/*;q=0.8',
  'accept-encoding' => 'gzip, deflate',
  'accept-language' => 'zh-CN,zh;q=0.9',
  'cookie' => 'pgv_pvi=1980837888; pgv_si=s4963795968; PHPSESSID=206fdppq7pqjqom3kkm43b80t1',
)
[ info ] [ PARAM ] array (
)
[ info ] [ LOG ] INIT File
[ error ] [2048]Declaration of app\index\controller\Index::success() should be compatible with think\Controller::success($msg = '', $url = NULL, $data = '', $wait = 3, array $header = Array)[G:\CodeFile\WWW\month12\perject\ecshop\ThinkPHP\application\index\controller\Index.php:9]
