---------------------------------------------------------------
[ 2018-09-20T08:32:02+08:00 ] 127.0.0.1 GET /
[ info ] www.perject.com/ [运行时间：0.626380s][吞吐率：1.60req/s] [内存消耗：2,612.83kb] [文件加载：44]
[ info ] [ LANG ] G:\CodeFile\WWW\month12\perject\ecshop\ThinkPHP\thinkphp\lang\zh-cn.php
[ info ] [ ROUTE ] array (
  'type' => 'module',
  'module' => 
  array (
    0 => '',
    1 => NULL,
    2 => NULL,
  ),
)
[ info ] [ HEADER ] array (
  'host' => 'www.perject.com',
  'connection' => 'keep-alive',
  'upgrade-insecure-requests' => '1',
  'user-agent' => 'Mozilla/5.0 (Windows NT 10.0; Win64; x64) AppleWebKit/537.36 (KHTML, like Gecko) Chrome/68.0.3440.106 Safari/537.36 OPR/55.0.2994.61',
  'accept' => 'text/html,application/xhtml+xml,application/xml;q=0.9,image/webp,image/apng,*/*;q=0.8',
  'accept-encoding' => 'gzip, deflate',
  'accept-language' => 'zh-CN,zh;q=0.9',
  'cookie' => 'PHPSESSID=qafc42nggc7dvq21m5kgdq7h41',
)
[ info ] [ PARAM ] array (
)
[ info ] [ RUN ] app\admin\controller\admin->index[ G:\CodeFile\WWW\month12\perject\ecshop\ThinkPHP\application\admin\controller\Admin.php ]
[ info ] [ DB ] INIT mysql
[ info ] [ VIEW ] G:\CodeFile\WWW\month12\perject\ecshop\ThinkPHP\public/../application/admin\view\admin\index.html [ array (
  0 => 'list',
  1 => 'goods',
  2 => 'goods1',
  3 => 'goods2',
  4 => 'goods_hot',
  5 => 'cat_data',
) ]
[ info ] [ LOG ] INIT File
[ sql ] [ DB ] CONNECT:[ UseTime:0.042007s ] mysql:host=127.0.0.1;dbname=ecsp;charset=utf8
[ sql ] [ SQL ] SHOW COLUMNS FROM `good` [ RunTime:0.215747s ]
[ sql ] [ SQL ] SELECT * FROM `good` WHERE  `b_id` = 4 LIMIT 8 [ RunTime:0.001771s ]
[ sql ] [ SQL ] SELECT * FROM `good` WHERE  `b_id` = 5 LIMIT 8 [ RunTime:0.000834s ]
[ sql ] [ SQL ] SELECT * FROM `good` WHERE  `b_id` = 11 LIMIT 8 [ RunTime:0.000868s ]
[ sql ] [ SQL ] SELECT * FROM `good` ORDER BY `is_hot` DESC LIMIT 5 [ RunTime:0.001986s ]
[ sql ] [ SQL ] SHOW COLUMNS FROM `ad` [ RunTime:0.081250s ]
[ sql ] [ SQL ] SELECT * FROM `ad` [ RunTime:0.002276s ]
[ sql ] [ SQL ] SHOW COLUMNS FROM `classify` [ RunTime:0.037024s ]
[ sql ] [ SQL ] SELECT * FROM `classify` [ RunTime:0.000850s ]
---------------------------------------------------------------
[ 2018-09-20T08:32:03+08:00 ] 127.0.0.1 GET /animated_favicon.gif
[ info ] www.perject.com/animated_favicon.gif [运行时间：0.154508s][吞吐率：6.47req/s] [内存消耗：1,050.69kb] [文件加载：28]
[ info ] [ LANG ] G:\CodeFile\WWW\month12\perject\ecshop\ThinkPHP\thinkphp\lang\zh-cn.php
[ info ] [ ROUTE ] array (
  'type' => 'module',
  'module' => 
  array (
    0 => 'animated_favicon.gif',
    1 => NULL,
    2 => NULL,
  ),
)
[ info ] [ HEADER ] array (
  'host' => 'www.perject.com',
  'connection' => 'keep-alive',
  'user-agent' => 'Mozilla/5.0 (Windows NT 10.0; Win64; x64) AppleWebKit/537.36 (KHTML, like Gecko) Chrome/68.0.3440.106 Safari/537.36 OPR/55.0.2994.61',
  'accept' => 'image/webp,image/apng,image/*,*/*;q=0.8',
  'referer' => 'http://www.perject.com/',
  'accept-encoding' => 'gzip, deflate',
  'accept-language' => 'zh-CN,zh;q=0.9',
  'cookie' => 'PHPSESSID=qafc42nggc7dvq21m5kgdq7h41',
)
[ info ] [ PARAM ] array (
)
[ info ] [ LOG ] INIT File
---------------------------------------------------------------
[ 2018-09-20T08:32:07+08:00 ] 127.0.0.1 GET /index.php/admin/admin/goods/id/14.html
[ info ] www.perject.com/index.php/admin/admin/goods/id/14.html [运行时间：0.245838s][吞吐率：4.07req/s] [内存消耗：2,398.38kb] [文件加载：44]
[ info ] [ LANG ] G:\CodeFile\WWW\month12\perject\ecshop\ThinkPHP\thinkphp\lang\zh-cn.php
[ info ] [ ROUTE ] array (
  'type' => 'module',
  'module' => 
  array (
    0 => 'admin',
    1 => 'admin',
    2 => 'goods',
  ),
)
[ info ] [ HEADER ] array (
  'host' => 'www.perject.com',
  'connection' => 'keep-alive',
  'upgrade-insecure-requests' => '1',
  'user-agent' => 'Mozilla/5.0 (Windows NT 10.0; Win64; x64) AppleWebKit/537.36 (KHTML, like Gecko) Chrome/68.0.3440.106 Safari/537.36 OPR/55.0.2994.61',
  'accept' => 'text/html,application/xhtml+xml,application/xml;q=0.9,image/webp,image/apng,*/*;q=0.8',
  'accept-encoding' => 'gzip, deflate',
  'accept-language' => 'zh-CN,zh;q=0.9',
  'cookie' => 'PHPSESSID=qafc42nggc7dvq21m5kgdq7h41',
)
[ info ] [ PARAM ] array (
  'id' => '14',
)
[ info ] [ RUN ] app\admin\controller\admin->goods[ G:\CodeFile\WWW\month12\perject\ecshop\ThinkPHP\application\admin\controller\Admin.php ]
[ info ] [ DB ] INIT mysql
[ info ] [ VIEW ] G:\CodeFile\WWW\month12\perject\ecshop\ThinkPHP\public/../application/admin\view\admin\goods.html [ array (
  0 => 'list',
) ]
[ info ] [ LOG ] INIT File
[ sql ] [ DB ] CONNECT:[ UseTime:0.002006s ] mysql:host=127.0.0.1;dbname=ecsp;charset=utf8
[ sql ] [ SQL ] SHOW COLUMNS FROM `good` [ RunTime:0.025603s ]
[ sql ] [ SQL ] SELECT * FROM `good` INNER JOIN `brand` ON `good`.`b_id`=`brand`.`b_id` INNER JOIN `classify` ON `good`.`cat_id`=`classify`.`cat_id` WHERE  `g_id` = 14 LIMIT 1 [ RunTime:0.070542s ]
---------------------------------------------------------------
[ 2018-09-20T08:57:32+08:00 ] 127.0.0.1 GET /admin/admin/goods/id/8.html
[ info ] www.perject.com/admin/admin/goods/id/8.html [运行时间：0.068735s][吞吐率：14.55req/s] [内存消耗：2,216.92kb] [文件加载：42]
[ info ] [ LANG ] G:\CodeFile\WWW\month12\perject\ecshop\ThinkPHP\thinkphp\lang\zh-cn.php
[ info ] [ ROUTE ] array (
  'type' => 'module',
  'module' => 
  array (
    0 => 'admin',
    1 => 'admin',
    2 => 'goods',
  ),
)
[ info ] [ HEADER ] array (
  'host' => 'www.perject.com',
  'connection' => 'keep-alive',
  'upgrade-insecure-requests' => '1',
  'user-agent' => 'Mozilla/5.0 (Windows NT 10.0; Win64; x64) AppleWebKit/537.36 (KHTML, like Gecko) Chrome/68.0.3440.106 Safari/537.36 OPR/55.0.2994.61',
  'accept' => 'text/html,application/xhtml+xml,application/xml;q=0.9,image/webp,image/apng,*/*;q=0.8',
  'referer' => 'http://www.perject.com/',
  'accept-encoding' => 'gzip, deflate',
  'accept-language' => 'zh-CN,zh;q=0.9',
  'cookie' => 'PHPSESSID=qafc42nggc7dvq21m5kgdq7h41',
)
[ info ] [ PARAM ] array (
  'id' => '8',
)
[ info ] [ RUN ] app\admin\controller\admin->goods[ G:\CodeFile\WWW\month12\perject\ecshop\ThinkPHP\application\admin\controller\Admin.php ]
[ info ] [ DB ] INIT mysql
[ info ] [ VIEW ] G:\CodeFile\WWW\month12\perject\ecshop\ThinkPHP\public/../application/admin\view\admin\goods.html [ array (
  0 => 'list',
) ]
[ info ] [ LOG ] INIT File
[ sql ] [ DB ] CONNECT:[ UseTime:0.002205s ] mysql:host=127.0.0.1;dbname=ecsp;charset=utf8
[ sql ] [ SQL ] SHOW COLUMNS FROM `good` [ RunTime:0.016387s ]
[ sql ] [ SQL ] SELECT * FROM `good` INNER JOIN `brand` ON `good`.`b_id`=`brand`.`b_id` INNER JOIN `classify` ON `good`.`cat_id`=`classify`.`cat_id` WHERE  `g_id` = 8 LIMIT 1 [ RunTime:0.002738s ]
---------------------------------------------------------------
[ 2018-09-20T08:57:36+08:00 ] 127.0.0.1 GET /admin/admin/goods/id/5.html
[ info ] www.perject.com/admin/admin/goods/id/5.html [运行时间：0.058239s][吞吐率：17.17req/s] [内存消耗：2,216.97kb] [文件加载：42]
[ info ] [ LANG ] G:\CodeFile\WWW\month12\perject\ecshop\ThinkPHP\thinkphp\lang\zh-cn.php
[ info ] [ ROUTE ] array (
  'type' => 'module',
  'module' => 
  array (
    0 => 'admin',
    1 => 'admin',
    2 => 'goods',
  ),
)
[ info ] [ HEADER ] array (
  'host' => 'www.perject.com',
  'connection' => 'keep-alive',
  'upgrade-insecure-requests' => '1',
  'user-agent' => 'Mozilla/5.0 (Windows NT 10.0; Win64; x64) AppleWebKit/537.36 (KHTML, like Gecko) Chrome/68.0.3440.106 Safari/537.36 OPR/55.0.2994.61',
  'accept' => 'text/html,application/xhtml+xml,application/xml;q=0.9,image/webp,image/apng,*/*;q=0.8',
  'referer' => 'http://www.perject.com/',
  'accept-encoding' => 'gzip, deflate',
  'accept-language' => 'zh-CN,zh;q=0.9',
  'cookie' => 'PHPSESSID=qafc42nggc7dvq21m5kgdq7h41',
)
[ info ] [ PARAM ] array (
  'id' => '5',
)
[ info ] [ RUN ] app\admin\controller\admin->goods[ G:\CodeFile\WWW\month12\perject\ecshop\ThinkPHP\application\admin\controller\Admin.php ]
[ info ] [ DB ] INIT mysql
[ info ] [ VIEW ] G:\CodeFile\WWW\month12\perject\ecshop\ThinkPHP\public/../application/admin\view\admin\goods.html [ array (
  0 => 'list',
) ]
[ info ] [ LOG ] INIT File
[ sql ] [ DB ] CONNECT:[ UseTime:0.002201s ] mysql:host=127.0.0.1;dbname=ecsp;charset=utf8
[ sql ] [ SQL ] SHOW COLUMNS FROM `good` [ RunTime:0.007704s ]
[ sql ] [ SQL ] SELECT * FROM `good` INNER JOIN `brand` ON `good`.`b_id`=`brand`.`b_id` INNER JOIN `classify` ON `good`.`cat_id`=`classify`.`cat_id` WHERE  `g_id` = 5 LIMIT 1 [ RunTime:0.000879s ]
---------------------------------------------------------------
[ 2018-09-20T09:04:59+08:00 ] 127.0.0.1 GET /index.php
[ info ] www.perject.com/index.php [运行时间：0.097097s][吞吐率：10.30req/s] [内存消耗：2,613.22kb] [文件加载：44]
[ info ] [ LANG ] G:\CodeFile\WWW\month12\perject\ecshop\ThinkPHP\thinkphp\lang\zh-cn.php
[ info ] [ ROUTE ] array (
  'type' => 'module',
  'module' => 
  array (
    0 => '',
    1 => NULL,
    2 => NULL,
  ),
)
[ info ] [ HEADER ] array (
  'host' => 'www.perject.com',
  'connection' => 'keep-alive',
  'upgrade-insecure-requests' => '1',
  'user-agent' => 'Mozilla/5.0 (Windows NT 10.0; Win64; x64) AppleWebKit/537.36 (KHTML, like Gecko) Chrome/68.0.3440.106 Safari/537.36 OPR/55.0.2994.61',
  'accept' => 'text/html,application/xhtml+xml,application/xml;q=0.9,image/webp,image/apng,*/*;q=0.8',
  'referer' => 'http://www.perject.com/admin/admin/goods/id/5.html',
  'accept-encoding' => 'gzip, deflate',
  'accept-language' => 'zh-CN,zh;q=0.9',
  'cookie' => 'PHPSESSID=qafc42nggc7dvq21m5kgdq7h41',
)
[ info ] [ PARAM ] array (
)
[ info ] [ RUN ] app\admin\controller\admin->index[ G:\CodeFile\WWW\month12\perject\ecshop\ThinkPHP\application\admin\controller\Admin.php ]
[ info ] [ DB ] INIT mysql
[ info ] [ VIEW ] G:\CodeFile\WWW\month12\perject\ecshop\ThinkPHP\public/../application/admin\view\admin\index.html [ array (
  0 => 'list',
  1 => 'goods',
  2 => 'goods1',
  3 => 'goods2',
  4 => 'goods_hot',
  5 => 'cat_data',
) ]
[ info ] [ LOG ] INIT File
[ sql ] [ DB ] CONNECT:[ UseTime:0.001933s ] mysql:host=127.0.0.1;dbname=ecsp;charset=utf8
[ sql ] [ SQL ] SHOW COLUMNS FROM `good` [ RunTime:0.017686s ]
[ sql ] [ SQL ] SELECT * FROM `good` WHERE  `b_id` = 4 LIMIT 8 [ RunTime:0.000692s ]
[ sql ] [ SQL ] SELECT * FROM `good` WHERE  `b_id` = 5 LIMIT 8 [ RunTime:0.000552s ]
[ sql ] [ SQL ] SELECT * FROM `good` WHERE  `b_id` = 11 LIMIT 8 [ RunTime:0.000582s ]
[ sql ] [ SQL ] SELECT * FROM `good` ORDER BY `is_hot` DESC LIMIT 5 [ RunTime:0.000626s ]
[ sql ] [ SQL ] SHOW COLUMNS FROM `ad` [ RunTime:0.007901s ]
[ sql ] [ SQL ] SELECT * FROM `ad` [ RunTime:0.000717s ]
[ sql ] [ SQL ] SHOW COLUMNS FROM `classify` [ RunTime:0.007467s ]
[ sql ] [ SQL ] SELECT * FROM `classify` [ RunTime:0.000534s ]
---------------------------------------------------------------
[ 2018-09-20T09:28:18+08:00 ] 127.0.0.1 GET /index.php/index
[ info ] www.perject.com/index.php/index [运行时间：0.035392s][吞吐率：28.25req/s] [内存消耗：1,056.75kb] [文件加载：29]
[ info ] [ LANG ] G:\CodeFile\WWW\month12\perject\ecshop\ThinkPHP\thinkphp\lang\zh-cn.php
[ info ] [ ROUTE ] array (
  'type' => 'module',
  'module' => 
  array (
    0 => 'index',
    1 => NULL,
    2 => NULL,
  ),
)
[ info ] [ HEADER ] array (
  'host' => 'www.perject.com',
  'connection' => 'keep-alive',
  'upgrade-insecure-requests' => '1',
  'user-agent' => 'Mozilla/5.0 (Windows NT 10.0; Win64; x64) AppleWebKit/537.36 (KHTML, like Gecko) Chrome/68.0.3440.106 Safari/537.36 OPR/55.0.2994.61',
  'accept' => 'text/html,application/xhtml+xml,application/xml;q=0.9,image/webp,image/apng,*/*;q=0.8',
  'accept-encoding' => 'gzip, deflate',
  'accept-language' => 'zh-CN,zh;q=0.9',
  'cookie' => 'PHPSESSID=qafc42nggc7dvq21m5kgdq7h41',
)
[ info ] [ PARAM ] array (
)
[ info ] [ LOG ] INIT File
---------------------------------------------------------------
[ 2018-09-20T09:28:54+08:00 ] 127.0.0.1 GET /inde/index
[ info ] www.perject.com/inde/index [运行时间：0.026782s][吞吐率：37.34req/s] [内存消耗：1,050.79kb] [文件加载：28]
[ info ] [ LANG ] G:\CodeFile\WWW\month12\perject\ecshop\ThinkPHP\thinkphp\lang\zh-cn.php
[ info ] [ ROUTE ] array (
  'type' => 'module',
  'module' => 
  array (
    0 => 'inde',
    1 => 'index',
    2 => NULL,
  ),
)
[ info ] [ HEADER ] array (
  'host' => 'www.perject.com',
  'connection' => 'keep-alive',
  'upgrade-insecure-requests' => '1',
  'user-agent' => 'Mozilla/5.0 (Windows NT 10.0; Win64; x64) AppleWebKit/537.36 (KHTML, like Gecko) Chrome/68.0.3440.106 Safari/537.36 OPR/55.0.2994.61',
  'accept' => 'text/html,application/xhtml+xml,application/xml;q=0.9,image/webp,image/apng,*/*;q=0.8',
  'accept-encoding' => 'gzip, deflate',
  'accept-language' => 'zh-CN,zh;q=0.9',
  'cookie' => 'PHPSESSID=qafc42nggc7dvq21m5kgdq7h41',
)
[ info ] [ PARAM ] array (
)
[ info ] [ LOG ] INIT File
---------------------------------------------------------------
[ 2018-09-20T09:29:04+08:00 ] 127.0.0.1 GET /inde/login
[ info ] www.perject.com/inde/login [运行时间：0.029769s][吞吐率：33.59req/s] [内存消耗：1,050.79kb] [文件加载：28]
[ info ] [ LANG ] G:\CodeFile\WWW\month12\perject\ecshop\ThinkPHP\thinkphp\lang\zh-cn.php
[ info ] [ ROUTE ] array (
  'type' => 'module',
  'module' => 
  array (
    0 => 'inde',
    1 => 'login',
    2 => NULL,
  ),
)
[ info ] [ HEADER ] array (
  'host' => 'www.perject.com',
  'connection' => 'keep-alive',
  'upgrade-insecure-requests' => '1',
  'user-agent' => 'Mozilla/5.0 (Windows NT 10.0; Win64; x64) AppleWebKit/537.36 (KHTML, like Gecko) Chrome/68.0.3440.106 Safari/537.36 OPR/55.0.2994.61',
  'accept' => 'text/html,application/xhtml+xml,application/xml;q=0.9,image/webp,image/apng,*/*;q=0.8',
  'accept-encoding' => 'gzip, deflate',
  'accept-language' => 'zh-CN,zh;q=0.9',
  'cookie' => 'PHPSESSID=qafc42nggc7dvq21m5kgdq7h41',
)
[ info ] [ PARAM ] array (
)
[ info ] [ LOG ] INIT File
---------------------------------------------------------------
[ 2018-09-20T09:29:15+08:00 ] 127.0.0.1 GET /inde/login/login
[ info ] www.perject.com/inde/login/login [运行时间：0.025790s][吞吐率：38.77req/s] [内存消耗：1,050.87kb] [文件加载：28]
[ info ] [ LANG ] G:\CodeFile\WWW\month12\perject\ecshop\ThinkPHP\thinkphp\lang\zh-cn.php
[ info ] [ ROUTE ] array (
  'type' => 'module',
  'module' => 
  array (
    0 => 'inde',
    1 => 'login',
    2 => 'login',
  ),
)
[ info ] [ HEADER ] array (
  'host' => 'www.perject.com',
  'connection' => 'keep-alive',
  'upgrade-insecure-requests' => '1',
  'user-agent' => 'Mozilla/5.0 (Windows NT 10.0; Win64; x64) AppleWebKit/537.36 (KHTML, like Gecko) Chrome/68.0.3440.106 Safari/537.36 OPR/55.0.2994.61',
  'accept' => 'text/html,application/xhtml+xml,application/xml;q=0.9,image/webp,image/apng,*/*;q=0.8',
  'accept-encoding' => 'gzip, deflate',
  'accept-language' => 'zh-CN,zh;q=0.9',
  'cookie' => 'PHPSESSID=qafc42nggc7dvq21m5kgdq7h41',
)
[ info ] [ PARAM ] array (
)
[ info ] [ LOG ] INIT File
---------------------------------------------------------------
[ 2018-09-20T09:29:29+08:00 ] 127.0.0.1 GET /index/login/login
[ info ] www.perject.com/index/login/login [运行时间：0.148771s][吞吐率：6.72req/s] [内存消耗：1,519.68kb] [文件加载：37]
[ info ] [ LANG ] G:\CodeFile\WWW\month12\perject\ecshop\ThinkPHP\thinkphp\lang\zh-cn.php
[ info ] [ ROUTE ] array (
  'type' => 'module',
  'module' => 
  array (
    0 => 'index',
    1 => 'login',
    2 => 'login',
  ),
)
[ info ] [ HEADER ] array (
  'host' => 'www.perject.com',
  'connection' => 'keep-alive',
  'upgrade-insecure-requests' => '1',
  'user-agent' => 'Mozilla/5.0 (Windows NT 10.0; Win64; x64) AppleWebKit/537.36 (KHTML, like Gecko) Chrome/68.0.3440.106 Safari/537.36 OPR/55.0.2994.61',
  'accept' => 'text/html,application/xhtml+xml,application/xml;q=0.9,image/webp,image/apng,*/*;q=0.8',
  'accept-encoding' => 'gzip, deflate',
  'accept-language' => 'zh-CN,zh;q=0.9',
  'cookie' => 'PHPSESSID=qafc42nggc7dvq21m5kgdq7h41',
)
[ info ] [ PARAM ] array (
)
[ info ] [ RUN ] app\index\controller\Login->login[ G:\CodeFile\WWW\month12\perject\ecshop\ThinkPHP\application\index\controller\Login.php ]
[ info ] [ VIEW ] G:\CodeFile\WWW\month12\perject\ecshop\ThinkPHP\public/../application/index\view\login\login.html [ array (
) ]
[ info ] [ LOG ] INIT File
---------------------------------------------------------------
[ 2018-09-20T09:35:08+08:00 ] 127.0.0.1 GET /index/login/login
[ info ] www.perject.com/index/login/login [运行时间：0.035271s][吞吐率：28.35req/s] [内存消耗：1,378.20kb] [文件加载：35]
[ info ] [ LANG ] G:\CodeFile\WWW\month12\perject\ecshop\ThinkPHP\thinkphp\lang\zh-cn.php
[ info ] [ ROUTE ] array (
  'type' => 'module',
  'module' => 
  array (
    0 => 'index',
    1 => 'login',
    2 => 'login',
  ),
)
[ info ] [ HEADER ] array (
  'host' => 'www.perject.com',
  'connection' => 'keep-alive',
  'pragma' => 'no-cache',
  'cache-control' => 'no-cache',
  'upgrade-insecure-requests' => '1',
  'user-agent' => 'Mozilla/5.0 (Windows NT 10.0; Win64; x64) AppleWebKit/537.36 (KHTML, like Gecko) Chrome/68.0.3440.106 Safari/537.36 OPR/55.0.2994.61',
  'accept' => 'text/html,application/xhtml+xml,application/xml;q=0.9,image/webp,image/apng,*/*;q=0.8',
  'accept-encoding' => 'gzip, deflate',
  'accept-language' => 'zh-CN,zh;q=0.9',
  'cookie' => 'PHPSESSID=qafc42nggc7dvq21m5kgdq7h41',
)
[ info ] [ PARAM ] array (
)
[ info ] [ RUN ] app\index\controller\Login->login[ G:\CodeFile\WWW\month12\perject\ecshop\ThinkPHP\application\index\controller\Login.php ]
[ info ] [ VIEW ] G:\CodeFile\WWW\month12\perject\ecshop\ThinkPHP\public/../application/index\view\login\login.html [ array (
) ]
[ info ] [ LOG ] INIT File
---------------------------------------------------------------
[ 2018-09-20T09:36:55+08:00 ] 127.0.0.1 POST /index/login/login_do.html
[ info ] www.perject.com/index/login/login_do.html [运行时间：0.485739s][吞吐率：2.06req/s] [内存消耗：2,098.07kb] [文件加载：40]
[ info ] [ LANG ] G:\CodeFile\WWW\month12\perject\ecshop\ThinkPHP\thinkphp\lang\zh-cn.php
[ info ] [ ROUTE ] array (
  'type' => 'module',
  'module' => 
  array (
    0 => 'index',
    1 => 'login',
    2 => 'login_do',
  ),
)
[ info ] [ HEADER ] array (
  'host' => 'www.perject.com',
  'connection' => 'keep-alive',
  'content-length' => '20',
  'accept' => 'application/json, text/javascript, */*; q=0.01',
  'origin' => 'http://www.perject.com',
  'x-requested-with' => 'XMLHttpRequest',
  'user-agent' => 'Mozilla/5.0 (Windows NT 10.0; Win64; x64) AppleWebKit/537.36 (KHTML, like Gecko) Chrome/68.0.3440.106 Safari/537.36 OPR/55.0.2994.61',
  'content-type' => 'application/x-www-form-urlencoded; charset=UTF-8',
  'referer' => 'http://www.perject.com/index/login/login',
  'accept-encoding' => 'gzip, deflate',
  'accept-language' => 'zh-CN,zh;q=0.9',
  'cookie' => 'PHPSESSID=qafc42nggc7dvq21m5kgdq7h41',
)
[ info ] [ PARAM ] array (
  'username' => '123',
  'pwd' => '123',
)
[ info ] [ RUN ] app\index\controller\Login->login_do[ G:\CodeFile\WWW\month12\perject\ecshop\ThinkPHP\application\index\controller\Login.php ]
[ info ] [ DB ] INIT mysql
[ info ] [ SESSION ] INIT array (
  'id' => '',
  'var_session_id' => '',
  'prefix' => 'think',
  'type' => '',
  'auto_start' => true,
)
[ info ] [ LOG ] INIT File
[ sql ] [ DB ] CONNECT:[ UseTime:0.011791s ] mysql:host=127.0.0.1;dbname=ecsp;charset=utf8
[ sql ] [ SQL ] SHOW COLUMNS FROM `login` [ RunTime:0.368423s ]
[ sql ] [ SQL ] SELECT * FROM `login` WHERE  `username` = '123' [ RunTime:0.001071s ]
---------------------------------------------------------------
[ 2018-09-20T09:36:55+08:00 ] 127.0.0.1 GET /index/index/index.html
[ info ] www.perject.com/index/index/index.html [运行时间：0.091750s][吞吐率：10.90req/s] [内存消耗：1,522.20kb] [文件加载：38]
[ info ] [ LANG ] G:\CodeFile\WWW\month12\perject\ecshop\ThinkPHP\thinkphp\lang\zh-cn.php
[ info ] [ ROUTE ] array (
  'type' => 'module',
  'module' => 
  array (
    0 => 'index',
    1 => 'index',
    2 => 'index',
  ),
)
[ info ] [ HEADER ] array (
  'host' => 'www.perject.com',
  'connection' => 'keep-alive',
  'upgrade-insecure-requests' => '1',
  'user-agent' => 'Mozilla/5.0 (Windows NT 10.0; Win64; x64) AppleWebKit/537.36 (KHTML, like Gecko) Chrome/68.0.3440.106 Safari/537.36 OPR/55.0.2994.61',
  'accept' => 'text/html,application/xhtml+xml,application/xml;q=0.9,image/webp,image/apng,*/*;q=0.8',
  'referer' => 'http://www.perject.com/index/login/login',
  'accept-encoding' => 'gzip, deflate',
  'accept-language' => 'zh-CN,zh;q=0.9',
  'cookie' => 'PHPSESSID=qafc42nggc7dvq21m5kgdq7h41',
)
[ info ] [ PARAM ] array (
)
[ info ] [ SESSION ] INIT array (
  'id' => '',
  'var_session_id' => '',
  'prefix' => 'think',
  'type' => '',
  'auto_start' => true,
)
[ info ] [ RUN ] app\index\controller\Index->index[ G:\CodeFile\WWW\month12\perject\ecshop\ThinkPHP\application\index\controller\Index.php ]
[ info ] [ VIEW ] G:\CodeFile\WWW\month12\perject\ecshop\ThinkPHP\public/../application/index\view\index\index.html [ array (
) ]
[ info ] [ LOG ] INIT File
---------------------------------------------------------------
[ 2018-09-20T09:36:55+08:00 ] 127.0.0.1 GET /index/index/menu.html
[ info ] www.perject.com/index/index/menu.html [运行时间：0.103978s][吞吐率：9.62req/s] [内存消耗：1,609.34kb] [文件加载：38]
[ info ] [ LANG ] G:\CodeFile\WWW\month12\perject\ecshop\ThinkPHP\thinkphp\lang\zh-cn.php
[ info ] [ ROUTE ] array (
  'type' => 'module',
  'module' => 
  array (
    0 => 'index',
    1 => 'index',
    2 => 'menu',
  ),
)
[ info ] [ HEADER ] array (
  'host' => 'www.perject.com',
  'connection' => 'keep-alive',
  'upgrade-insecure-requests' => '1',
  'user-agent' => 'Mozilla/5.0 (Windows NT 10.0; Win64; x64) AppleWebKit/537.36 (KHTML, like Gecko) Chrome/68.0.3440.106 Safari/537.36 OPR/55.0.2994.61',
  'accept' => 'text/html,application/xhtml+xml,application/xml;q=0.9,image/webp,image/apng,*/*;q=0.8',
  'referer' => 'http://www.perject.com/index/index/index.html',
  'accept-encoding' => 'gzip, deflate',
  'accept-language' => 'zh-CN,zh;q=0.9',
  'cookie' => 'PHPSESSID=qafc42nggc7dvq21m5kgdq7h41',
)
[ info ] [ PARAM ] array (
)
[ info ] [ SESSION ] INIT array (
  'id' => '',
  'var_session_id' => '',
  'prefix' => 'think',
  'type' => '',
  'auto_start' => true,
)
[ info ] [ RUN ] app\index\controller\Index->menu[ G:\CodeFile\WWW\month12\perject\ecshop\ThinkPHP\application\index\controller\Index.php ]
[ info ] [ VIEW ] G:\CodeFile\WWW\month12\perject\ecshop\ThinkPHP\public/../application/index\view\index\index_menu.html [ array (
) ]
[ info ] [ LOG ] INIT File
---------------------------------------------------------------
[ 2018-09-20T09:36:55+08:00 ] 127.0.0.1 GET /index/index/top.html
[ info ] www.perject.com/index/index/top.html [运行时间：0.110766s][吞吐率：9.03req/s] [内存消耗：1,532.29kb] [文件加载：38]
[ info ] [ LANG ] G:\CodeFile\WWW\month12\perject\ecshop\ThinkPHP\thinkphp\lang\zh-cn.php
[ info ] [ ROUTE ] array (
  'type' => 'module',
  'module' => 
  array (
    0 => 'index',
    1 => 'index',
    2 => 'top',
  ),
)
[ info ] [ HEADER ] array (
  'host' => 'www.perject.com',
  'connection' => 'keep-alive',
  'upgrade-insecure-requests' => '1',
  'user-agent' => 'Mozilla/5.0 (Windows NT 10.0; Win64; x64) AppleWebKit/537.36 (KHTML, like Gecko) Chrome/68.0.3440.106 Safari/537.36 OPR/55.0.2994.61',
  'accept' => 'text/html,application/xhtml+xml,application/xml;q=0.9,image/webp,image/apng,*/*;q=0.8',
  'referer' => 'http://www.perject.com/index/index/index.html',
  'accept-encoding' => 'gzip, deflate',
  'accept-language' => 'zh-CN,zh;q=0.9',
  'cookie' => 'PHPSESSID=qafc42nggc7dvq21m5kgdq7h41',
)
[ info ] [ PARAM ] array (
)
[ info ] [ SESSION ] INIT array (
  'id' => '',
  'var_session_id' => '',
  'prefix' => 'think',
  'type' => '',
  'auto_start' => true,
)
[ info ] [ RUN ] app\index\controller\Index->top[ G:\CodeFile\WWW\month12\perject\ecshop\ThinkPHP\application\index\controller\Index.php ]
[ info ] [ VIEW ] G:\CodeFile\WWW\month12\perject\ecshop\ThinkPHP\public/../application/index\view\index\index_top.html [ array (
) ]
[ info ] [ LOG ] INIT File
---------------------------------------------------------------
[ 2018-09-20T09:36:55+08:00 ] 127.0.0.1 GET /index/index/main.html
[ info ] www.perject.com/index/index/main.html [运行时间：0.131292s][吞吐率：7.62req/s] [内存消耗：1,509.63kb] [文件加载：37]
[ info ] [ LANG ] G:\CodeFile\WWW\month12\perject\ecshop\ThinkPHP\thinkphp\lang\zh-cn.php
[ info ] [ ROUTE ] array (
  'type' => 'module',
  'module' => 
  array (
    0 => 'index',
    1 => 'index',
    2 => 'main',
  ),
)
[ info ] [ HEADER ] array (
  'host' => 'www.perject.com',
  'connection' => 'keep-alive',
  'upgrade-insecure-requests' => '1',
  'user-agent' => 'Mozilla/5.0 (Windows NT 10.0; Win64; x64) AppleWebKit/537.36 (KHTML, like Gecko) Chrome/68.0.3440.106 Safari/537.36 OPR/55.0.2994.61',
  'accept' => 'text/html,application/xhtml+xml,application/xml;q=0.9,image/webp,image/apng,*/*;q=0.8',
  'referer' => 'http://www.perject.com/index/index/index.html',
  'accept-encoding' => 'gzip, deflate',
  'accept-language' => 'zh-CN,zh;q=0.9',
  'cookie' => 'PHPSESSID=qafc42nggc7dvq21m5kgdq7h41',
)
[ info ] [ PARAM ] array (
)
[ info ] [ SESSION ] INIT array (
  'id' => '',
  'var_session_id' => '',
  'prefix' => 'think',
  'type' => '',
  'auto_start' => true,
)
[ info ] [ RUN ] app\index\controller\Index->main[ G:\CodeFile\WWW\month12\perject\ecshop\ThinkPHP\application\index\controller\Index.php ]
[ info ] [ VIEW ] G:\CodeFile\WWW\month12\perject\ecshop\ThinkPHP\public/../application/index\view\index\index_main.html [ array (
) ]
[ info ] [ LOG ] INIT File
---------------------------------------------------------------
[ 2018-09-20T09:36:58+08:00 ] 127.0.0.1 GET /index/order/orders_list.html
[ info ] www.perject.com/index/order/orders_list.html [运行时间：0.086473s][吞吐率：11.56req/s] [内存消耗：2,226.66kb] [文件加载：47]
[ info ] [ LANG ] G:\CodeFile\WWW\month12\perject\ecshop\ThinkPHP\thinkphp\lang\zh-cn.php
[ info ] [ ROUTE ] array (
  'type' => 'module',
  'module' => 
  array (
    0 => 'index',
    1 => 'order',
    2 => 'orders_list',
  ),
)
[ info ] [ HEADER ] array (
  'host' => 'www.perject.com',
  'connection' => 'keep-alive',
  'upgrade-insecure-requests' => '1',
  'user-agent' => 'Mozilla/5.0 (Windows NT 10.0; Win64; x64) AppleWebKit/537.36 (KHTML, like Gecko) Chrome/68.0.3440.106 Safari/537.36 OPR/55.0.2994.61',
  'accept' => 'text/html,application/xhtml+xml,application/xml;q=0.9,image/webp,image/apng,*/*;q=0.8',
  'referer' => 'http://www.perject.com/index/index/top.html',
  'accept-encoding' => 'gzip, deflate',
  'accept-language' => 'zh-CN,zh;q=0.9',
  'cookie' => 'PHPSESSID=qafc42nggc7dvq21m5kgdq7h41',
)
[ info ] [ PARAM ] array (
)
[ info ] [ RUN ] app\index\controller\Order->orders_list[ G:\CodeFile\WWW\month12\perject\ecshop\ThinkPHP\application\index\controller\Order.php ]
[ info ] [ DB ] INIT mysql
[ info ] [ LOG ] INIT File
[ sql ] [ DB ] CONNECT:[ UseTime:0.010790s ] mysql:host=127.0.0.1;dbname=ecsp;charset=utf8
[ error ] [10501]SQLSTATE[42S02]: Base table or view not found: 1146 Table 'ecsp.order' doesn't exist[G:\CodeFile\WWW\month12\perject\ecshop\ThinkPHP\thinkphp\library\think\db\Connection.php:390]
---------------------------------------------------------------
[ 2018-09-20T09:37:02+08:00 ] 127.0.0.1 GET /index/index/main.html
[ info ] www.perject.com/index/index/main.html [运行时间：0.030184s][吞吐率：33.13req/s] [内存消耗：1,337.19kb] [文件加载：35]
[ info ] [ LANG ] G:\CodeFile\WWW\month12\perject\ecshop\ThinkPHP\thinkphp\lang\zh-cn.php
[ info ] [ ROUTE ] array (
  'type' => 'module',
  'module' => 
  array (
    0 => 'index',
    1 => 'index',
    2 => 'main',
  ),
)
[ info ] [ HEADER ] array (
  'host' => 'www.perject.com',
  'connection' => 'keep-alive',
  'upgrade-insecure-requests' => '1',
  'user-agent' => 'Mozilla/5.0 (Windows NT 10.0; Win64; x64) AppleWebKit/537.36 (KHTML, like Gecko) Chrome/68.0.3440.106 Safari/537.36 OPR/55.0.2994.61',
  'accept' => 'text/html,application/xhtml+xml,application/xml;q=0.9,image/webp,image/apng,*/*;q=0.8',
  'referer' => 'http://www.perject.com/index/index/index.html',
  'accept-encoding' => 'gzip, deflate',
  'accept-language' => 'zh-CN,zh;q=0.9',
  'cookie' => 'PHPSESSID=qafc42nggc7dvq21m5kgdq7h41',
)
[ info ] [ PARAM ] array (
)
[ info ] [ SESSION ] INIT array (
  'id' => '',
  'var_session_id' => '',
  'prefix' => 'think',
  'type' => '',
  'auto_start' => true,
)
[ info ] [ RUN ] app\index\controller\Index->main[ G:\CodeFile\WWW\month12\perject\ecshop\ThinkPHP\application\index\controller\Index.php ]
[ info ] [ VIEW ] G:\CodeFile\WWW\month12\perject\ecshop\ThinkPHP\public/../application/index\view\index\index_main.html [ array (
) ]
[ info ] [ LOG ] INIT File
---------------------------------------------------------------
[ 2018-09-20T09:37:04+08:00 ] 127.0.0.1 GET /index/goods/goods.html
[ info ] www.perject.com/index/goods/goods.html [运行时间：0.244834s][吞吐率：4.08req/s] [内存消耗：3,037.94kb] [文件加载：50]
[ info ] [ LANG ] G:\CodeFile\WWW\month12\perject\ecshop\ThinkPHP\thinkphp\lang\zh-cn.php
[ info ] [ ROUTE ] array (
  'type' => 'module',
  'module' => 
  array (
    0 => 'index',
    1 => 'goods',
    2 => 'goods',
  ),
)
[ info ] [ HEADER ] array (
  'host' => 'www.perject.com',
  'connection' => 'keep-alive',
  'upgrade-insecure-requests' => '1',
  'user-agent' => 'Mozilla/5.0 (Windows NT 10.0; Win64; x64) AppleWebKit/537.36 (KHTML, like Gecko) Chrome/68.0.3440.106 Safari/537.36 OPR/55.0.2994.61',
  'accept' => 'text/html,application/xhtml+xml,application/xml;q=0.9,image/webp,image/apng,*/*;q=0.8',
  'referer' => 'http://www.perject.com/index/index/index.html',
  'accept-encoding' => 'gzip, deflate',
  'accept-language' => 'zh-CN,zh;q=0.9',
  'cookie' => 'ECS_LastCheckOrder=Sat%2C%2015%20Sep%202018%2001%3A03%3A15%20GMT; PHPSESSID=qafc42nggc7dvq21m5kgdq7h41',
)
[ info ] [ PARAM ] array (
)
[ info ] [ RUN ] app\index\controller\Goods->goods[ G:\CodeFile\WWW\month12\perject\ecshop\ThinkPHP\application\index\controller\Goods.php ]
[ info ] [ DB ] INIT mysql
[ info ] [ VIEW ] G:\CodeFile\WWW\month12\perject\ecshop\ThinkPHP\public/../application/index\view\goods\goods_list.html [ array (
  0 => 'data',
  1 => 'arr',
  2 => 'res',
) ]
[ info ] [ LOG ] INIT File
[ sql ] [ DB ] CONNECT:[ UseTime:0.010681s ] mysql:host=127.0.0.1;dbname=ecsp;charset=utf8
[ sql ] [ SQL ] SHOW COLUMNS FROM `good` [ RunTime:0.012164s ]
[ sql ] [ SQL ] SELECT COUNT(*) AS tp_count FROM `good` WHERE  `is_delete` = 1 LIMIT 1 [ RunTime:0.000591s ]
[ sql ] [ SQL ] SELECT * FROM `good` WHERE  `is_delete` = 1 LIMIT 0,3 [ RunTime:0.000686s ]
[ sql ] [ SQL ] SELECT *,CONCAT(path,'-',cat_id) as new FROM classify ORDER BY new [ RunTime:0.001459s ]
[ sql ] [ SQL ] SHOW COLUMNS FROM `brand` [ RunTime:0.008134s ]
[ sql ] [ SQL ] SELECT * FROM `brand` [ RunTime:0.000557s ]
---------------------------------------------------------------
[ 2018-09-20T09:37:51+08:00 ] 127.0.0.1 GET /index/goods/goods_show.html?status=2&g_id=1
[ info ] www.perject.com/index/goods/goods_show.html?status=2&g_id=1 [运行时间：0.082884s][吞吐率：12.07req/s] [内存消耗：2,301.09kb] [文件加载：42]
[ info ] [ LANG ] G:\CodeFile\WWW\month12\perject\ecshop\ThinkPHP\thinkphp\lang\zh-cn.php
[ info ] [ ROUTE ] array (
  'type' => 'module',
  'module' => 
  array (
    0 => 'index',
    1 => 'goods',
    2 => 'goods_show',
  ),
)
[ info ] [ HEADER ] array (
  'host' => 'www.perject.com',
  'connection' => 'keep-alive',
  'accept' => 'application/json, text/javascript, */*; q=0.01',
  'x-requested-with' => 'XMLHttpRequest',
  'user-agent' => 'Mozilla/5.0 (Windows NT 10.0; Win64; x64) AppleWebKit/537.36 (KHTML, like Gecko) Chrome/68.0.3440.106 Safari/537.36 OPR/55.0.2994.61',
  'referer' => 'http://www.perject.com/index/goods/goods.html',
  'accept-encoding' => 'gzip, deflate',
  'accept-language' => 'zh-CN,zh;q=0.9',
  'cookie' => 'ECS_LastCheckOrder=Sat%2C%2015%20Sep%202018%2001%3A03%3A15%20GMT; PHPSESSID=qafc42nggc7dvq21m5kgdq7h41',
)
[ info ] [ PARAM ] array (
  'status' => '2',
  'g_id' => '1',
)
[ info ] [ RUN ] app\index\controller\Goods->goods_show[ G:\CodeFile\WWW\month12\perject\ecshop\ThinkPHP\application\index\controller\Goods.php ]
[ info ] [ DB ] INIT mysql
[ info ] [ CACHE ] INIT File
[ info ] [ LOG ] INIT File
[ sql ] [ DB ] CONNECT:[ UseTime:0.001874s ] mysql:host=127.0.0.1;dbname=ecsp;charset=utf8
[ sql ] [ SQL ] SHOW COLUMNS FROM `good` [ RunTime:0.035785s ]
[ sql ] [ SQL ] UPDATE `good`  SET `is_put`=1  WHERE  `g_id` = 1 [ RunTime:0.000672s ]
---------------------------------------------------------------
[ 2018-09-20T09:37:52+08:00 ] 127.0.0.1 GET /index/goods/goods_shows.html?status=1&g_id=1
[ info ] www.perject.com/index/goods/goods_shows.html?status=1&g_id=1 [运行时间：0.152900s][吞吐率：6.54req/s] [内存消耗：2,301.16kb] [文件加载：42]
[ info ] [ LANG ] G:\CodeFile\WWW\month12\perject\ecshop\ThinkPHP\thinkphp\lang\zh-cn.php
[ info ] [ ROUTE ] array (
  'type' => 'module',
  'module' => 
  array (
    0 => 'index',
    1 => 'goods',
    2 => 'goods_shows',
  ),
)
[ info ] [ HEADER ] array (
  'host' => 'www.perject.com',
  'connection' => 'keep-alive',
  'accept' => 'application/json, text/javascript, */*; q=0.01',
  'x-requested-with' => 'XMLHttpRequest',
  'user-agent' => 'Mozilla/5.0 (Windows NT 10.0; Win64; x64) AppleWebKit/537.36 (KHTML, like Gecko) Chrome/68.0.3440.106 Safari/537.36 OPR/55.0.2994.61',
  'referer' => 'http://www.perject.com/index/goods/goods.html',
  'accept-encoding' => 'gzip, deflate',
  'accept-language' => 'zh-CN,zh;q=0.9',
  'cookie' => 'ECS_LastCheckOrder=Sat%2C%2015%20Sep%202018%2001%3A03%3A15%20GMT; PHPSESSID=qafc42nggc7dvq21m5kgdq7h41',
)
[ info ] [ PARAM ] array (
  'status' => '1',
  'g_id' => '1',
)
[ info ] [ RUN ] app\index\controller\Goods->goods_shows[ G:\CodeFile\WWW\month12\perject\ecshop\ThinkPHP\application\index\controller\Goods.php ]
[ info ] [ DB ] INIT mysql
[ info ] [ CACHE ] INIT File
[ info ] [ LOG ] INIT File
[ sql ] [ DB ] CONNECT:[ UseTime:0.010882s ] mysql:host=127.0.0.1;dbname=ecsp;charset=utf8
[ sql ] [ SQL ] SHOW COLUMNS FROM `good` [ RunTime:0.065826s ]
[ sql ] [ SQL ] UPDATE `good`  SET `is_best`=0  WHERE  `g_id` = 1 [ RunTime:0.002534s ]
---------------------------------------------------------------
[ 2018-09-20T09:37:53+08:00 ] 127.0.0.1 GET /index/goods/goods_list.html?status=1&g_id=1
[ info ] www.perject.com/index/goods/goods_list.html?status=1&g_id=1 [运行时间：0.062792s][吞吐率：15.93req/s] [内存消耗：2,301.08kb] [文件加载：42]
[ info ] [ LANG ] G:\CodeFile\WWW\month12\perject\ecshop\ThinkPHP\thinkphp\lang\zh-cn.php
[ info ] [ ROUTE ] array (
  'type' => 'module',
  'module' => 
  array (
    0 => 'index',
    1 => 'goods',
    2 => 'goods_list',
  ),
)
[ info ] [ HEADER ] array (
  'host' => 'www.perject.com',
  'connection' => 'keep-alive',
  'accept' => 'application/json, text/javascript, */*; q=0.01',
  'x-requested-with' => 'XMLHttpRequest',
  'user-agent' => 'Mozilla/5.0 (Windows NT 10.0; Win64; x64) AppleWebKit/537.36 (KHTML, like Gecko) Chrome/68.0.3440.106 Safari/537.36 OPR/55.0.2994.61',
  'referer' => 'http://www.perject.com/index/goods/goods.html',
  'accept-encoding' => 'gzip, deflate',
  'accept-language' => 'zh-CN,zh;q=0.9',
  'cookie' => 'ECS_LastCheckOrder=Sat%2C%2015%20Sep%202018%2001%3A03%3A15%20GMT; PHPSESSID=qafc42nggc7dvq21m5kgdq7h41',
)
[ info ] [ PARAM ] array (
  'status' => '1',
  'g_id' => '1',
)
[ info ] [ RUN ] app\index\controller\Goods->goods_list[ G:\CodeFile\WWW\month12\perject\ecshop\ThinkPHP\application\index\controller\Goods.php ]
[ info ] [ DB ] INIT mysql
[ info ] [ CACHE ] INIT File
[ info ] [ LOG ] INIT File
[ sql ] [ DB ] CONNECT:[ UseTime:0.002049s ] mysql:host=127.0.0.1;dbname=ecsp;charset=utf8
[ sql ] [ SQL ] SHOW COLUMNS FROM `good` [ RunTime:0.014891s ]
[ sql ] [ SQL ] UPDATE `good`  SET `is_new`=0  WHERE  `g_id` = 1 [ RunTime:0.000567s ]
---------------------------------------------------------------
[ 2018-09-20T09:37:54+08:00 ] 127.0.0.1 GET /index/goods/goods_lists.html?g_id=1&status=1
[ info ] www.perject.com/index/goods/goods_lists.html?g_id=1&status=1 [运行时间：0.089318s][吞吐率：11.20req/s] [内存消耗：2,301.16kb] [文件加载：42]
[ info ] [ LANG ] G:\CodeFile\WWW\month12\perject\ecshop\ThinkPHP\thinkphp\lang\zh-cn.php
[ info ] [ ROUTE ] array (
  'type' => 'module',
  'module' => 
  array (
    0 => 'index',
    1 => 'goods',
    2 => 'goods_lists',
  ),
)
[ info ] [ HEADER ] array (
  'host' => 'www.perject.com',
  'connection' => 'keep-alive',
  'accept' => 'application/json, text/javascript, */*; q=0.01',
  'x-requested-with' => 'XMLHttpRequest',
  'user-agent' => 'Mozilla/5.0 (Windows NT 10.0; Win64; x64) AppleWebKit/537.36 (KHTML, like Gecko) Chrome/68.0.3440.106 Safari/537.36 OPR/55.0.2994.61',
  'referer' => 'http://www.perject.com/index/goods/goods.html',
  'accept-encoding' => 'gzip, deflate',
  'accept-language' => 'zh-CN,zh;q=0.9',
  'cookie' => 'ECS_LastCheckOrder=Sat%2C%2015%20Sep%202018%2001%3A03%3A15%20GMT; PHPSESSID=qafc42nggc7dvq21m5kgdq7h41',
)
[ info ] [ PARAM ] array (
  'g_id' => '1',
  'status' => '1',
)
[ info ] [ RUN ] app\index\controller\Goods->goods_lists[ G:\CodeFile\WWW\month12\perject\ecshop\ThinkPHP\application\index\controller\Goods.php ]
[ info ] [ DB ] INIT mysql
[ info ] [ CACHE ] INIT File
[ info ] [ LOG ] INIT File
[ sql ] [ DB ] CONNECT:[ UseTime:0.010300s ] mysql:host=127.0.0.1;dbname=ecsp;charset=utf8
[ sql ] [ SQL ] SHOW COLUMNS FROM `good` [ RunTime:0.034920s ]
[ sql ] [ SQL ] UPDATE `good`  SET `is_hot`=0  WHERE  `g_id` = 1 [ RunTime:0.000604s ]
---------------------------------------------------------------
[ 2018-09-20T09:37:57+08:00 ] 127.0.0.1 GET /index/goods.php?id=1
[ info ] www.perject.com/index/goods.php?id=1 [运行时间：0.029727s][吞吐率：33.64req/s] [内存消耗：1,057.44kb] [文件加载：29]
[ info ] [ LANG ] G:\CodeFile\WWW\month12\perject\ecshop\ThinkPHP\thinkphp\lang\zh-cn.php
[ info ] [ ROUTE ] array (
  'type' => 'module',
  'module' => 
  array (
    0 => 'index',
    1 => 'goods.php',
    2 => NULL,
  ),
)
[ info ] [ HEADER ] array (
  'host' => 'www.perject.com',
  'connection' => 'keep-alive',
  'upgrade-insecure-requests' => '1',
  'user-agent' => 'Mozilla/5.0 (Windows NT 10.0; Win64; x64) AppleWebKit/537.36 (KHTML, like Gecko) Chrome/68.0.3440.106 Safari/537.36 OPR/55.0.2994.61',
  'accept' => 'text/html,application/xhtml+xml,application/xml;q=0.9,image/webp,image/apng,*/*;q=0.8',
  'referer' => 'http://www.perject.com/index/goods/goods.html',
  'accept-encoding' => 'gzip, deflate',
  'accept-language' => 'zh-CN,zh;q=0.9',
  'cookie' => 'PHPSESSID=qafc42nggc7dvq21m5kgdq7h41',
)
[ info ] [ PARAM ] array (
  'id' => '1',
)
[ info ] [ LOG ] INIT File
---------------------------------------------------------------
[ 2018-09-20T09:38:07+08:00 ] 127.0.0.1 GET /index/goods/goods_a
[ info ] www.perject.com/index/goods/goods_a [运行时间：0.187903s][吞吐率：5.32req/s] [内存消耗：2,976.18kb] [文件加载：45]
[ info ] [ LANG ] G:\CodeFile\WWW\month12\perject\ecshop\ThinkPHP\thinkphp\lang\zh-cn.php
[ info ] [ ROUTE ] array (
  'type' => 'module',
  'module' => 
  array (
    0 => 'index',
    1 => 'goods',
    2 => 'goods_a',
  ),
)
[ info ] [ HEADER ] array (
  'host' => 'www.perject.com',
  'connection' => 'keep-alive',
  'upgrade-insecure-requests' => '1',
  'user-agent' => 'Mozilla/5.0 (Windows NT 10.0; Win64; x64) AppleWebKit/537.36 (KHTML, like Gecko) Chrome/68.0.3440.106 Safari/537.36 OPR/55.0.2994.61',
  'accept' => 'text/html,application/xhtml+xml,application/xml;q=0.9,image/webp,image/apng,*/*;q=0.8',
  'referer' => 'http://www.perject.com/index/goods/goods.html',
  'accept-encoding' => 'gzip, deflate',
  'accept-language' => 'zh-CN,zh;q=0.9',
  'cookie' => 'ECS_LastCheckOrder=Sat%2C%2015%20Sep%202018%2001%3A03%3A15%20GMT; PHPSESSID=qafc42nggc7dvq21m5kgdq7h41',
)
[ info ] [ PARAM ] array (
)
[ info ] [ RUN ] app\index\controller\Goods->goods_a[ G:\CodeFile\WWW\month12\perject\ecshop\ThinkPHP\application\index\controller\Goods.php ]
[ info ] [ DB ] INIT mysql
[ info ] [ VIEW ] G:\CodeFile\WWW\month12\perject\ecshop\ThinkPHP\public/../application/index\view\goods\goods.html [ array (
  0 => 'data',
  1 => 'arr',
  2 => 'res',
) ]
[ info ] [ LOG ] INIT File
[ sql ] [ DB ] CONNECT:[ UseTime:0.002267s ] mysql:host=127.0.0.1;dbname=ecsp;charset=utf8
[ sql ] [ SQL ] SELECT *,CONCAT(path,'-',cat_id) as new FROM classify ORDER BY new [ RunTime:0.000723s ]
[ sql ] [ SQL ] SHOW COLUMNS FROM `brand` [ RunTime:0.007752s ]
[ sql ] [ SQL ] SELECT * FROM `brand` [ RunTime:0.000545s ]
[ sql ] [ SQL ] SHOW COLUMNS FROM `good` [ RunTime:0.009473s ]
[ sql ] [ SQL ] SELECT * FROM `good` LIMIT 1 [ RunTime:0.000607s ]
---------------------------------------------------------------
[ 2018-09-20T10:09:44+08:00 ] 127.0.0.1 GET /index/index/index.html
[ info ] www.perject.com/index/index/index.html [运行时间：0.041109s][吞吐率：24.33req/s] [内存消耗：1,382.79kb] [文件加载：36]
[ info ] [ LANG ] G:\CodeFile\WWW\month12\perject\ecshop\ThinkPHP\thinkphp\lang\zh-cn.php
[ info ] [ ROUTE ] array (
  'type' => 'module',
  'module' => 
  array (
    0 => 'index',
    1 => 'index',
    2 => 'index',
  ),
)
[ info ] [ HEADER ] array (
  'host' => 'www.perject.com',
  'connection' => 'keep-alive',
  'cache-control' => 'max-age=0',
  'upgrade-insecure-requests' => '1',
  'user-agent' => 'Mozilla/5.0 (Windows NT 10.0; Win64; x64) AppleWebKit/537.36 (KHTML, like Gecko) Chrome/68.0.3440.106 Safari/537.36 OPR/55.0.2994.61',
  'accept' => 'text/html,application/xhtml+xml,application/xml;q=0.9,image/webp,image/apng,*/*;q=0.8',
  'referer' => 'http://www.perject.com/index/login/login',
  'accept-encoding' => 'gzip, deflate',
  'accept-language' => 'zh-CN,zh;q=0.9',
  'cookie' => 'PHPSESSID=qafc42nggc7dvq21m5kgdq7h41',
)
[ info ] [ PARAM ] array (
)
[ info ] [ SESSION ] INIT array (
  'id' => '',
  'var_session_id' => '',
  'prefix' => 'think',
  'type' => '',
  'auto_start' => true,
)
[ info ] [ RUN ] app\index\controller\Index->index[ G:\CodeFile\WWW\month12\perject\ecshop\ThinkPHP\application\index\controller\Index.php ]
[ info ] [ VIEW ] G:\CodeFile\WWW\month12\perject\ecshop\ThinkPHP\public/../application/index\view\index\index.html [ array (
) ]
[ info ] [ LOG ] INIT File
---------------------------------------------------------------
[ 2018-09-20T10:09:44+08:00 ] 127.0.0.1 GET /index/index/menu.html
[ info ] www.perject.com/index/index/menu.html [运行时间：0.042985s][吞吐率：23.26req/s] [内存消耗：1,402.38kb] [文件加载：36]
[ info ] [ LANG ] G:\CodeFile\WWW\month12\perject\ecshop\ThinkPHP\thinkphp\lang\zh-cn.php
[ info ] [ ROUTE ] array (
  'type' => 'module',
  'module' => 
  array (
    0 => 'index',
    1 => 'index',
    2 => 'menu',
  ),
)
[ info ] [ HEADER ] array (
  'host' => 'www.perject.com',
  'connection' => 'keep-alive',
  'upgrade-insecure-requests' => '1',
  'user-agent' => 'Mozilla/5.0 (Windows NT 10.0; Win64; x64) AppleWebKit/537.36 (KHTML, like Gecko) Chrome/68.0.3440.106 Safari/537.36 OPR/55.0.2994.61',
  'accept' => 'text/html,application/xhtml+xml,application/xml;q=0.9,image/webp,image/apng,*/*;q=0.8',
  'referer' => 'http://www.perject.com/index/index/index.html',
  'accept-encoding' => 'gzip, deflate',
  'accept-language' => 'zh-CN,zh;q=0.9',
  'cookie' => 'PHPSESSID=qafc42nggc7dvq21m5kgdq7h41',
)
[ info ] [ PARAM ] array (
)
[ info ] [ SESSION ] INIT array (
  'id' => '',
  'var_session_id' => '',
  'prefix' => 'think',
  'type' => '',
  'auto_start' => true,
)
[ info ] [ RUN ] app\index\controller\Index->menu[ G:\CodeFile\WWW\month12\perject\ecshop\ThinkPHP\application\index\controller\Index.php ]
[ info ] [ VIEW ] G:\CodeFile\WWW\month12\perject\ecshop\ThinkPHP\public/../application/index\view\index\index_menu.html [ array (
) ]
[ info ] [ LOG ] INIT File
---------------------------------------------------------------
[ 2018-09-20T10:09:44+08:00 ] 127.0.0.1 GET /index/index/top.html
[ info ] www.perject.com/index/index/top.html [运行时间：0.059815s][吞吐率：16.72req/s] [内存消耗：1,382.53kb] [文件加载：36]
[ info ] [ LANG ] G:\CodeFile\WWW\month12\perject\ecshop\ThinkPHP\thinkphp\lang\zh-cn.php
[ info ] [ ROUTE ] array (
  'type' => 'module',
  'module' => 
  array (
    0 => 'index',
    1 => 'index',
    2 => 'top',
  ),
)
[ info ] [ HEADER ] array (
  'host' => 'www.perject.com',
  'connection' => 'keep-alive',
  'upgrade-insecure-requests' => '1',
  'user-agent' => 'Mozilla/5.0 (Windows NT 10.0; Win64; x64) AppleWebKit/537.36 (KHTML, like Gecko) Chrome/68.0.3440.106 Safari/537.36 OPR/55.0.2994.61',
  'accept' => 'text/html,application/xhtml+xml,application/xml;q=0.9,image/webp,image/apng,*/*;q=0.8',
  'referer' => 'http://www.perject.com/index/index/index.html',
  'accept-encoding' => 'gzip, deflate',
  'accept-language' => 'zh-CN,zh;q=0.9',
  'cookie' => 'PHPSESSID=qafc42nggc7dvq21m5kgdq7h41',
)
[ info ] [ PARAM ] array (
)
[ info ] [ SESSION ] INIT array (
  'id' => '',
  'var_session_id' => '',
  'prefix' => 'think',
  'type' => '',
  'auto_start' => true,
)
[ info ] [ RUN ] app\index\controller\Index->top[ G:\CodeFile\WWW\month12\perject\ecshop\ThinkPHP\application\index\controller\Index.php ]
[ info ] [ VIEW ] G:\CodeFile\WWW\month12\perject\ecshop\ThinkPHP\public/../application/index\view\index\index_top.html [ array (
) ]
[ info ] [ LOG ] INIT File
---------------------------------------------------------------
[ 2018-09-20T10:09:44+08:00 ] 127.0.0.1 GET /index/index/main.html
[ info ] www.perject.com/index/index/main.html [运行时间：0.073242s][吞吐率：13.65req/s] [内存消耗：1,509.72kb] [文件加载：37]
[ info ] [ LANG ] G:\CodeFile\WWW\month12\perject\ecshop\ThinkPHP\thinkphp\lang\zh-cn.php
[ info ] [ ROUTE ] array (
  'type' => 'module',
  'module' => 
  array (
    0 => 'index',
    1 => 'index',
    2 => 'main',
  ),
)
[ info ] [ HEADER ] array (
  'host' => 'www.perject.com',
  'connection' => 'keep-alive',
  'upgrade-insecure-requests' => '1',
  'user-agent' => 'Mozilla/5.0 (Windows NT 10.0; Win64; x64) AppleWebKit/537.36 (KHTML, like Gecko) Chrome/68.0.3440.106 Safari/537.36 OPR/55.0.2994.61',
  'accept' => 'text/html,application/xhtml+xml,application/xml;q=0.9,image/webp,image/apng,*/*;q=0.8',
  'referer' => 'http://www.perject.com/index/index/index.html',
  'accept-encoding' => 'gzip, deflate',
  'accept-language' => 'zh-CN,zh;q=0.9',
  'cookie' => 'PHPSESSID=qafc42nggc7dvq21m5kgdq7h41',
)
[ info ] [ PARAM ] array (
)
[ info ] [ SESSION ] INIT array (
  'id' => '',
  'var_session_id' => '',
  'prefix' => 'think',
  'type' => '',
  'auto_start' => true,
)
[ info ] [ RUN ] app\index\controller\Index->main[ G:\CodeFile\WWW\month12\perject\ecshop\ThinkPHP\application\index\controller\Index.php ]
[ info ] [ VIEW ] G:\CodeFile\WWW\month12\perject\ecshop\ThinkPHP\public/../application/index\view\index\index_main.html [ array (
) ]
[ info ] [ LOG ] INIT File
---------------------------------------------------------------
[ 2018-09-20T10:09:44+08:00 ] 127.0.0.1 GET /index.php
[ info ] www.perject.com/index.php [运行时间：0.117343s][吞吐率：8.52req/s] [内存消耗：2,610.61kb] [文件加载：44]
[ info ] [ LANG ] G:\CodeFile\WWW\month12\perject\ecshop\ThinkPHP\thinkphp\lang\zh-cn.php
[ info ] [ ROUTE ] array (
  'type' => 'module',
  'module' => 
  array (
    0 => '',
    1 => NULL,
    2 => NULL,
  ),
)
[ info ] [ HEADER ] array (
  'host' => 'www.perject.com',
  'accept-encoding' => 'compress,gzip',
  'connection' => 'Close',
)
[ info ] [ PARAM ] array (
)
[ info ] [ RUN ] app\admin\controller\admin->index[ G:\CodeFile\WWW\month12\perject\ecshop\ThinkPHP\application\admin\controller\Admin.php ]
[ info ] [ DB ] INIT mysql
[ info ] [ VIEW ] G:\CodeFile\WWW\month12\perject\ecshop\ThinkPHP\public/../application/admin\view\admin\index.html [ array (
  0 => 'list',
  1 => 'goods',
  2 => 'goods1',
  3 => 'goods2',
  4 => 'goods_hot',
  5 => 'cat_data',
) ]
[ info ] [ LOG ] INIT File
[ sql ] [ DB ] CONNECT:[ UseTime:0.002486s ] mysql:host=127.0.0.1;dbname=ecsp;charset=utf8
[ sql ] [ SQL ] SHOW COLUMNS FROM `good` [ RunTime:0.021117s ]
[ sql ] [ SQL ] SELECT * FROM `good` WHERE  `b_id` = 4 LIMIT 8 [ RunTime:0.001000s ]
[ sql ] [ SQL ] SELECT * FROM `good` WHERE  `b_id` = 5 LIMIT 8 [ RunTime:0.000691s ]
[ sql ] [ SQL ] SELECT * FROM `good` WHERE  `b_id` = 11 LIMIT 8 [ RunTime:0.000699s ]
[ sql ] [ SQL ] SELECT * FROM `good` ORDER BY `is_hot` DESC LIMIT 5 [ RunTime:0.001683s ]
[ sql ] [ SQL ] SHOW COLUMNS FROM `ad` [ RunTime:0.010302s ]
[ sql ] [ SQL ] SELECT * FROM `ad` [ RunTime:0.000543s ]
[ sql ] [ SQL ] SHOW COLUMNS FROM `classify` [ RunTime:0.010830s ]
[ sql ] [ SQL ] SELECT * FROM `classify` [ RunTime:0.000419s ]
---------------------------------------------------------------
[ 2018-09-20T10:09:55+08:00 ] 127.0.0.1 GET /index/login/login
[ info ] www.perject.com/index/login/login [运行时间：0.036688s][吞吐率：27.26req/s] [内存消耗：1,377.83kb] [文件加载：35]
[ info ] [ LANG ] G:\CodeFile\WWW\month12\perject\ecshop\ThinkPHP\thinkphp\lang\zh-cn.php
[ info ] [ ROUTE ] array (
  'type' => 'module',
  'module' => 
  array (
    0 => 'index',
    1 => 'login',
    2 => 'login',
  ),
)
[ info ] [ HEADER ] array (
  'host' => 'www.perject.com',
  'connection' => 'keep-alive',
  'upgrade-insecure-requests' => '1',
  'user-agent' => 'Mozilla/5.0 (Windows NT 10.0; Win64; x64) AppleWebKit/537.36 (KHTML, like Gecko) Chrome/68.0.3440.106 Safari/537.36 OPR/55.0.2994.61',
  'accept' => 'text/html,application/xhtml+xml,application/xml;q=0.9,image/webp,image/apng,*/*;q=0.8',
  'accept-encoding' => 'gzip, deflate',
  'accept-language' => 'zh-CN,zh;q=0.9',
  'cookie' => 'PHPSESSID=qafc42nggc7dvq21m5kgdq7h41',
)
[ info ] [ PARAM ] array (
)
[ info ] [ RUN ] app\index\controller\Login->login[ G:\CodeFile\WWW\month12\perject\ecshop\ThinkPHP\application\index\controller\Login.php ]
[ info ] [ VIEW ] G:\CodeFile\WWW\month12\perject\ecshop\ThinkPHP\public/../application/index\view\login\login.html [ array (
) ]
[ info ] [ LOG ] INIT File
---------------------------------------------------------------
[ 2018-09-20T14:16:00+08:00 ] 127.0.0.1 GET /index/login/login
[ info ] www.perject.com/index/login/login [运行时间：0.035520s][吞吐率：28.15req/s] [内存消耗：1,378.05kb] [文件加载：35]
[ info ] [ LANG ] G:\CodeFile\WWW\month12\perject\ecshop\ThinkPHP\thinkphp\lang\zh-cn.php
[ info ] [ ROUTE ] array (
  'type' => 'module',
  'module' => 
  array (
    0 => 'index',
    1 => 'login',
    2 => 'login',
  ),
)
[ info ] [ HEADER ] array (
  'host' => 'www.perject.com',
  'connection' => 'keep-alive',
  'cache-control' => 'max-age=0',
  'upgrade-insecure-requests' => '1',
  'user-agent' => 'Mozilla/5.0 (Windows NT 10.0; Win64; x64) AppleWebKit/537.36 (KHTML, like Gecko) Chrome/68.0.3440.106 Safari/537.36 OPR/55.0.2994.61',
  'accept' => 'text/html,application/xhtml+xml,application/xml;q=0.9,image/webp,image/apng,*/*;q=0.8',
  'accept-encoding' => 'gzip, deflate',
  'accept-language' => 'zh-CN,zh;q=0.9',
  'cookie' => 'PHPSESSID=qafc42nggc7dvq21m5kgdq7h41',
)
[ info ] [ PARAM ] array (
)
[ info ] [ RUN ] app\index\controller\Login->login[ G:\CodeFile\WWW\month12\perject\ecshop\ThinkPHP\application\index\controller\Login.php ]
[ info ] [ VIEW ] G:\CodeFile\WWW\month12\perject\ecshop\ThinkPHP\public/../application/index\view\login\login.html [ array (
) ]
[ info ] [ LOG ] INIT File
---------------------------------------------------------------
[ 2018-09-20T14:23:52+08:00 ] 127.0.0.1 GET /index/login/login
[ info ] www.perject.com/index/login/login [运行时间：0.045134s][吞吐率：22.16req/s] [内存消耗：1,465.30kb] [文件加载：36]
[ info ] [ LANG ] G:\CodeFile\WWW\month12\perject\ecshop\ThinkPHP\thinkphp\lang\zh-cn.php
[ info ] [ ROUTE ] array (
  'type' => 'module',
  'module' => 
  array (
    0 => 'index',
    1 => 'login',
    2 => 'login',
  ),
)
[ info ] [ HEADER ] array (
  'host' => 'www.perject.com',
  'connection' => 'keep-alive',
  'cache-control' => 'max-age=0',
  'upgrade-insecure-requests' => '1',
  'user-agent' => 'Mozilla/5.0 (Windows NT 10.0; Win64; x64) AppleWebKit/537.36 (KHTML, like Gecko) Chrome/68.0.3440.106 Safari/537.36 OPR/55.0.2994.61',
  'accept' => 'text/html,application/xhtml+xml,application/xml;q=0.9,image/webp,image/apng,*/*;q=0.8',
  'accept-encoding' => 'gzip, deflate',
  'accept-language' => 'zh-CN,zh;q=0.9',
  'cookie' => 'PHPSESSID=qafc42nggc7dvq21m5kgdq7h41',
)
[ info ] [ PARAM ] array (
)
[ info ] [ RUN ] app\index\controller\Login->login[ G:\CodeFile\WWW\month12\perject\ecshop\ThinkPHP\application\index\controller\Login.php ]
[ info ] [ VIEW ] G:\CodeFile\WWW\month12\perject\ecshop\ThinkPHP\public/../application/index\view\login\login.html [ array (
) ]
[ info ] [ LOG ] INIT File
---------------------------------------------------------------
[ 2018-09-20T14:23:52+08:00 ] 127.0.0.1 GET /static/js/prefixfree.min.js
[ info ] www.perject.com/static/js/prefixfree.min.js [运行时间：0.037149s][吞吐率：26.92req/s] [内存消耗：1,050.68kb] [文件加载：28]
[ info ] [ LANG ] G:\CodeFile\WWW\month12\perject\ecshop\ThinkPHP\thinkphp\lang\zh-cn.php
[ info ] [ ROUTE ] array (
  'type' => 'module',
  'module' => 
  array (
    0 => 'static',
    1 => 'js',
    2 => 'prefixfree.min.js',
  ),
)
[ info ] [ HEADER ] array (
  'host' => 'www.perject.com',
  'connection' => 'keep-alive',
  'user-agent' => 'Mozilla/5.0 (Windows NT 10.0; Win64; x64) AppleWebKit/537.36 (KHTML, like Gecko) Chrome/68.0.3440.106 Safari/537.36 OPR/55.0.2994.61',
  'accept' => '*/*',
  'referer' => 'http://www.perject.com/index/login/login',
  'accept-encoding' => 'gzip, deflate',
  'accept-language' => 'zh-CN,zh;q=0.9',
  'cookie' => 'PHPSESSID=qafc42nggc7dvq21m5kgdq7h41',
)
[ info ] [ PARAM ] array (
)
[ info ] [ LOG ] INIT File
---------------------------------------------------------------
[ 2018-09-20T14:30:19+08:00 ] 127.0.0.1 GET /index/login/login
[ info ] www.perject.com/index/login/login [运行时间：0.061742s][吞吐率：16.20req/s] [内存消耗：1,528.68kb] [文件加载：37]
[ info ] [ LANG ] G:\CodeFile\WWW\month12\perject\ecshop\ThinkPHP\thinkphp\lang\zh-cn.php
[ info ] [ ROUTE ] array (
  'type' => 'module',
  'module' => 
  array (
    0 => 'index',
    1 => 'login',
    2 => 'login',
  ),
)
[ info ] [ HEADER ] array (
  'host' => 'www.perject.com',
  'connection' => 'keep-alive',
  'cache-control' => 'max-age=0',
  'upgrade-insecure-requests' => '1',
  'user-agent' => 'Mozilla/5.0 (Windows NT 10.0; Win64; x64) AppleWebKit/537.36 (KHTML, like Gecko) Chrome/68.0.3440.106 Safari/537.36 OPR/55.0.2994.61',
  'accept' => 'text/html,application/xhtml+xml,application/xml;q=0.9,image/webp,image/apng,*/*;q=0.8',
  'accept-encoding' => 'gzip, deflate',
  'accept-language' => 'zh-CN,zh;q=0.9',
  'cookie' => 'PHPSESSID=qafc42nggc7dvq21m5kgdq7h41',
)
[ info ] [ PARAM ] array (
)
[ info ] [ RUN ] app\index\controller\Login->login[ G:\CodeFile\WWW\month12\perject\ecshop\ThinkPHP\application\index\controller\Login.php ]
[ info ] [ VIEW ] G:\CodeFile\WWW\month12\perject\ecshop\ThinkPHP\public/../application/index\view\login\login.html [ array (
) ]
[ info ] [ LOG ] INIT File
---------------------------------------------------------------
[ 2018-09-20T14:30:19+08:00 ] 127.0.0.1 GET /static/js/prefixfree.min.js
[ info ] www.perject.com/static/js/prefixfree.min.js [运行时间：0.032765s][吞吐率：30.52req/s] [内存消耗：1,050.68kb] [文件加载：28]
[ info ] [ LANG ] G:\CodeFile\WWW\month12\perject\ecshop\ThinkPHP\thinkphp\lang\zh-cn.php
[ info ] [ ROUTE ] array (
  'type' => 'module',
  'module' => 
  array (
    0 => 'static',
    1 => 'js',
    2 => 'prefixfree.min.js',
  ),
)
[ info ] [ HEADER ] array (
  'host' => 'www.perject.com',
  'connection' => 'keep-alive',
  'user-agent' => 'Mozilla/5.0 (Windows NT 10.0; Win64; x64) AppleWebKit/537.36 (KHTML, like Gecko) Chrome/68.0.3440.106 Safari/537.36 OPR/55.0.2994.61',
  'accept' => '*/*',
  'referer' => 'http://www.perject.com/index/login/login',
  'accept-encoding' => 'gzip, deflate',
  'accept-language' => 'zh-CN,zh;q=0.9',
  'cookie' => 'PHPSESSID=qafc42nggc7dvq21m5kgdq7h41',
)
[ info ] [ PARAM ] array (
)
[ info ] [ LOG ] INIT File
---------------------------------------------------------------
[ 2018-09-20T14:30:25+08:00 ] 127.0.0.1 POST /index/login/login
[ info ] www.perject.com/index/login/login [运行时间：0.040037s][吞吐率：24.98req/s] [内存消耗：1,379.55kb] [文件加载：35]
[ info ] [ LANG ] G:\CodeFile\WWW\month12\perject\ecshop\ThinkPHP\thinkphp\lang\zh-cn.php
[ info ] [ ROUTE ] array (
  'type' => 'module',
  'module' => 
  array (
    0 => 'index',
    1 => 'login',
    2 => 'login',
  ),
)
[ info ] [ HEADER ] array (
  'host' => 'www.perject.com',
  'connection' => 'keep-alive',
  'content-length' => '11',
  'cache-control' => 'max-age=0',
  'origin' => 'http://www.perject.com',
  'upgrade-insecure-requests' => '1',
  'content-type' => 'application/x-www-form-urlencoded',
  'user-agent' => 'Mozilla/5.0 (Windows NT 10.0; Win64; x64) AppleWebKit/537.36 (KHTML, like Gecko) Chrome/68.0.3440.106 Safari/537.36 OPR/55.0.2994.61',
  'accept' => 'text/html,application/xhtml+xml,application/xml;q=0.9,image/webp,image/apng,*/*;q=0.8',
  'referer' => 'http://www.perject.com/index/login/login',
  'accept-encoding' => 'gzip, deflate',
  'accept-language' => 'zh-CN,zh;q=0.9',
  'cookie' => 'PHPSESSID=qafc42nggc7dvq21m5kgdq7h41',
)
[ info ] [ PARAM ] array (
  'u' => 'asdf',
  'p' => 'df',
)
[ info ] [ RUN ] app\index\controller\Login->login[ G:\CodeFile\WWW\month12\perject\ecshop\ThinkPHP\application\index\controller\Login.php ]
[ info ] [ VIEW ] G:\CodeFile\WWW\month12\perject\ecshop\ThinkPHP\public/../application/index\view\login\login.html [ array (
) ]
[ info ] [ LOG ] INIT File
---------------------------------------------------------------
[ 2018-09-20T14:30:25+08:00 ] 127.0.0.1 GET /static/js/prefixfree.min.js
[ info ] www.perject.com/static/js/prefixfree.min.js [运行时间：0.030376s][吞吐率：32.92req/s] [内存消耗：1,050.68kb] [文件加载：28]
[ info ] [ LANG ] G:\CodeFile\WWW\month12\perject\ecshop\ThinkPHP\thinkphp\lang\zh-cn.php
[ info ] [ ROUTE ] array (
  'type' => 'module',
  'module' => 
  array (
    0 => 'static',
    1 => 'js',
    2 => 'prefixfree.min.js',
  ),
)
[ info ] [ HEADER ] array (
  'host' => 'www.perject.com',
  'connection' => 'keep-alive',
  'user-agent' => 'Mozilla/5.0 (Windows NT 10.0; Win64; x64) AppleWebKit/537.36 (KHTML, like Gecko) Chrome/68.0.3440.106 Safari/537.36 OPR/55.0.2994.61',
  'accept' => '*/*',
  'referer' => 'http://www.perject.com/index/login/login',
  'accept-encoding' => 'gzip, deflate',
  'accept-language' => 'zh-CN,zh;q=0.9',
  'cookie' => 'PHPSESSID=qafc42nggc7dvq21m5kgdq7h41',
)
[ info ] [ PARAM ] array (
)
[ info ] [ LOG ] INIT File
---------------------------------------------------------------
[ 2018-09-20T14:30:56+08:00 ] 127.0.0.1 POST /index/login/login
[ info ] www.perject.com/index/login/login [运行时间：0.037561s][吞吐率：26.62req/s] [内存消耗：1,530.23kb] [文件加载：37]
[ info ] [ LANG ] G:\CodeFile\WWW\month12\perject\ecshop\ThinkPHP\thinkphp\lang\zh-cn.php
[ info ] [ ROUTE ] array (
  'type' => 'module',
  'module' => 
  array (
    0 => 'index',
    1 => 'login',
    2 => 'login',
  ),
)
[ info ] [ HEADER ] array (
  'host' => 'www.perject.com',
  'connection' => 'keep-alive',
  'content-length' => '11',
  'cache-control' => 'max-age=0',
  'upgrade-insecure-requests' => '1',
  'user-agent' => 'Mozilla/5.0 (Windows NT 10.0; Win64; x64) AppleWebKit/537.36 (KHTML, like Gecko) Chrome/68.0.3440.106 Safari/537.36 OPR/55.0.2994.61',
  'origin' => 'http://www.perject.com',
  'content-type' => 'application/x-www-form-urlencoded',
  'accept' => 'text/html,application/xhtml+xml,application/xml;q=0.9,image/webp,image/apng,*/*;q=0.8',
  'referer' => 'http://www.perject.com/index/login/login',
  'accept-encoding' => 'gzip, deflate',
  'accept-language' => 'zh-CN,zh;q=0.9',
  'cookie' => 'PHPSESSID=qafc42nggc7dvq21m5kgdq7h41',
)
[ info ] [ PARAM ] array (
  'u' => 'asdf',
  'p' => 'df',
)
[ info ] [ RUN ] app\index\controller\Login->login[ G:\CodeFile\WWW\month12\perject\ecshop\ThinkPHP\application\index\controller\Login.php ]
[ info ] [ VIEW ] G:\CodeFile\WWW\month12\perject\ecshop\ThinkPHP\public/../application/index\view\login\login.html [ array (
) ]
[ info ] [ LOG ] INIT File
---------------------------------------------------------------
[ 2018-09-20T14:30:56+08:00 ] 127.0.0.1 GET /static/js/prefixfree.min.js
[ info ] www.perject.com/static/js/prefixfree.min.js [运行时间：0.037776s][吞吐率：26.47req/s] [内存消耗：1,050.68kb] [文件加载：28]
[ info ] [ LANG ] G:\CodeFile\WWW\month12\perject\ecshop\ThinkPHP\thinkphp\lang\zh-cn.php
[ info ] [ ROUTE ] array (
  'type' => 'module',
  'module' => 
  array (
    0 => 'static',
    1 => 'js',
    2 => 'prefixfree.min.js',
  ),
)
[ info ] [ HEADER ] array (
  'host' => 'www.perject.com',
  'connection' => 'keep-alive',
  'user-agent' => 'Mozilla/5.0 (Windows NT 10.0; Win64; x64) AppleWebKit/537.36 (KHTML, like Gecko) Chrome/68.0.3440.106 Safari/537.36 OPR/55.0.2994.61',
  'accept' => '*/*',
  'referer' => 'http://www.perject.com/index/login/login',
  'accept-encoding' => 'gzip, deflate',
  'accept-language' => 'zh-CN,zh;q=0.9',
  'cookie' => 'PHPSESSID=qafc42nggc7dvq21m5kgdq7h41',
)
[ info ] [ PARAM ] array (
)
[ info ] [ LOG ] INIT File
---------------------------------------------------------------
[ 2018-09-20T14:31:01+08:00 ] 127.0.0.1 POST /index/login/login
[ info ] www.perject.com/index/login/login [运行时间：0.032796s][吞吐率：30.49req/s] [内存消耗：1,379.54kb] [文件加载：35]
[ info ] [ LANG ] G:\CodeFile\WWW\month12\perject\ecshop\ThinkPHP\thinkphp\lang\zh-cn.php
[ info ] [ ROUTE ] array (
  'type' => 'module',
  'module' => 
  array (
    0 => 'index',
    1 => 'login',
    2 => 'login',
  ),
)
[ info ] [ HEADER ] array (
  'host' => 'www.perject.com',
  'connection' => 'keep-alive',
  'content-length' => '12',
  'cache-control' => 'max-age=0',
  'origin' => 'http://www.perject.com',
  'upgrade-insecure-requests' => '1',
  'content-type' => 'application/x-www-form-urlencoded',
  'user-agent' => 'Mozilla/5.0 (Windows NT 10.0; Win64; x64) AppleWebKit/537.36 (KHTML, like Gecko) Chrome/68.0.3440.106 Safari/537.36 OPR/55.0.2994.61',
  'accept' => 'text/html,application/xhtml+xml,application/xml;q=0.9,image/webp,image/apng,*/*;q=0.8',
  'referer' => 'http://www.perject.com/index/login/login',
  'accept-encoding' => 'gzip, deflate',
  'accept-language' => 'zh-CN,zh;q=0.9',
  'cookie' => 'PHPSESSID=qafc42nggc7dvq21m5kgdq7h41',
)
[ info ] [ PARAM ] array (
  'u' => 'asdf',
  'p' => 'dsf',
)
[ info ] [ RUN ] app\index\controller\Login->login[ G:\CodeFile\WWW\month12\perject\ecshop\ThinkPHP\application\index\controller\Login.php ]
[ info ] [ VIEW ] G:\CodeFile\WWW\month12\perject\ecshop\ThinkPHP\public/../application/index\view\login\login.html [ array (
) ]
[ info ] [ LOG ] INIT File
---------------------------------------------------------------
[ 2018-09-20T14:31:01+08:00 ] 127.0.0.1 GET /static/js/prefixfree.min.js
[ info ] www.perject.com/static/js/prefixfree.min.js [运行时间：0.036530s][吞吐率：27.37req/s] [内存消耗：1,050.68kb] [文件加载：28]
[ info ] [ LANG ] G:\CodeFile\WWW\month12\perject\ecshop\ThinkPHP\thinkphp\lang\zh-cn.php
[ info ] [ ROUTE ] array (
  'type' => 'module',
  'module' => 
  array (
    0 => 'static',
    1 => 'js',
    2 => 'prefixfree.min.js',
  ),
)
[ info ] [ HEADER ] array (
  'host' => 'www.perject.com',
  'connection' => 'keep-alive',
  'user-agent' => 'Mozilla/5.0 (Windows NT 10.0; Win64; x64) AppleWebKit/537.36 (KHTML, like Gecko) Chrome/68.0.3440.106 Safari/537.36 OPR/55.0.2994.61',
  'accept' => '*/*',
  'referer' => 'http://www.perject.com/index/login/login',
  'accept-encoding' => 'gzip, deflate',
  'accept-language' => 'zh-CN,zh;q=0.9',
  'cookie' => 'PHPSESSID=qafc42nggc7dvq21m5kgdq7h41',
)
[ info ] [ PARAM ] array (
)
[ info ] [ LOG ] INIT File
---------------------------------------------------------------
[ 2018-09-20T14:31:07+08:00 ] 127.0.0.1 POST /index/login/login
[ info ] www.perject.com/index/login/login [运行时间：0.036394s][吞吐率：27.48req/s] [内存消耗：1,379.59kb] [文件加载：35]
[ info ] [ LANG ] G:\CodeFile\WWW\month12\perject\ecshop\ThinkPHP\thinkphp\lang\zh-cn.php
[ info ] [ ROUTE ] array (
  'type' => 'module',
  'module' => 
  array (
    0 => 'index',
    1 => 'login',
    2 => 'login',
  ),
)
[ info ] [ HEADER ] array (
  'host' => 'www.perject.com',
  'connection' => 'keep-alive',
  'content-length' => '15',
  'cache-control' => 'max-age=0',
  'origin' => 'http://www.perject.com',
  'upgrade-insecure-requests' => '1',
  'content-type' => 'application/x-www-form-urlencoded',
  'user-agent' => 'Mozilla/5.0 (Windows NT 10.0; Win64; x64) AppleWebKit/537.36 (KHTML, like Gecko) Chrome/68.0.3440.106 Safari/537.36 OPR/55.0.2994.61',
  'accept' => 'text/html,application/xhtml+xml,application/xml;q=0.9,image/webp,image/apng,*/*;q=0.8',
  'referer' => 'http://www.perject.com/index/login/login',
  'accept-encoding' => 'gzip, deflate',
  'accept-language' => 'zh-CN,zh;q=0.9',
  'cookie' => 'PHPSESSID=qafc42nggc7dvq21m5kgdq7h41',
)
[ info ] [ PARAM ] array (
  'u' => 'asdf',
  'p' => 'sdfsdf',
)
[ info ] [ RUN ] app\index\controller\Login->login[ G:\CodeFile\WWW\month12\perject\ecshop\ThinkPHP\application\index\controller\Login.php ]
[ info ] [ VIEW ] G:\CodeFile\WWW\month12\perject\ecshop\ThinkPHP\public/../application/index\view\login\login.html [ array (
) ]
[ info ] [ LOG ] INIT File
---------------------------------------------------------------
[ 2018-09-20T14:31:07+08:00 ] 127.0.0.1 GET /static/js/prefixfree.min.js
[ info ] www.perject.com/static/js/prefixfree.min.js [运行时间：0.030512s][吞吐率：32.77req/s] [内存消耗：1,050.68kb] [文件加载：28]
[ info ] [ LANG ] G:\CodeFile\WWW\month12\perject\ecshop\ThinkPHP\thinkphp\lang\zh-cn.php
[ info ] [ ROUTE ] array (
  'type' => 'module',
  'module' => 
  array (
    0 => 'static',
    1 => 'js',
    2 => 'prefixfree.min.js',
  ),
)
[ info ] [ HEADER ] array (
  'host' => 'www.perject.com',
  'connection' => 'keep-alive',
  'user-agent' => 'Mozilla/5.0 (Windows NT 10.0; Win64; x64) AppleWebKit/537.36 (KHTML, like Gecko) Chrome/68.0.3440.106 Safari/537.36 OPR/55.0.2994.61',
  'accept' => '*/*',
  'referer' => 'http://www.perject.com/index/login/login',
  'accept-encoding' => 'gzip, deflate',
  'accept-language' => 'zh-CN,zh;q=0.9',
  'cookie' => 'PHPSESSID=qafc42nggc7dvq21m5kgdq7h41',
)
[ info ] [ PARAM ] array (
)
[ info ] [ LOG ] INIT File
---------------------------------------------------------------
[ 2018-09-20T14:31:58+08:00 ] 127.0.0.1 POST /index/login/login
[ info ] www.perject.com/index/login/login [运行时间：0.059455s][吞吐率：16.82req/s] [内存消耗：1,530.22kb] [文件加载：37]
[ info ] [ LANG ] G:\CodeFile\WWW\month12\perject\ecshop\ThinkPHP\thinkphp\lang\zh-cn.php
[ info ] [ ROUTE ] array (
  'type' => 'module',
  'module' => 
  array (
    0 => 'index',
    1 => 'login',
    2 => 'login',
  ),
)
[ info ] [ HEADER ] array (
  'host' => 'www.perject.com',
  'connection' => 'keep-alive',
  'content-length' => '15',
  'cache-control' => 'max-age=0',
  'upgrade-insecure-requests' => '1',
  'user-agent' => 'Mozilla/5.0 (Windows NT 10.0; Win64; x64) AppleWebKit/537.36 (KHTML, like Gecko) Chrome/68.0.3440.106 Safari/537.36 OPR/55.0.2994.61',
  'origin' => 'http://www.perject.com',
  'content-type' => 'application/x-www-form-urlencoded',
  'accept' => 'text/html,application/xhtml+xml,application/xml;q=0.9,image/webp,image/apng,*/*;q=0.8',
  'referer' => 'http://www.perject.com/index/login/login',
  'accept-encoding' => 'gzip, deflate',
  'accept-language' => 'zh-CN,zh;q=0.9',
  'cookie' => 'PHPSESSID=qafc42nggc7dvq21m5kgdq7h41',
)
[ info ] [ PARAM ] array (
  'u' => 'asdf',
  'p' => 'sdfsdf',
)
[ info ] [ RUN ] app\index\controller\Login->login[ G:\CodeFile\WWW\month12\perject\ecshop\ThinkPHP\application\index\controller\Login.php ]
[ info ] [ VIEW ] G:\CodeFile\WWW\month12\perject\ecshop\ThinkPHP\public/../application/index\view\login\login.html [ array (
) ]
[ info ] [ LOG ] INIT File
---------------------------------------------------------------
[ 2018-09-20T14:31:58+08:00 ] 127.0.0.1 GET /static/js/prefixfree.min.js
[ info ] www.perject.com/static/js/prefixfree.min.js [运行时间：0.038146s][吞吐率：26.22req/s] [内存消耗：1,050.68kb] [文件加载：28]
[ info ] [ LANG ] G:\CodeFile\WWW\month12\perject\ecshop\ThinkPHP\thinkphp\lang\zh-cn.php
[ info ] [ ROUTE ] array (
  'type' => 'module',
  'module' => 
  array (
    0 => 'static',
    1 => 'js',
    2 => 'prefixfree.min.js',
  ),
)
[ info ] [ HEADER ] array (
  'host' => 'www.perject.com',
  'connection' => 'keep-alive',
  'user-agent' => 'Mozilla/5.0 (Windows NT 10.0; Win64; x64) AppleWebKit/537.36 (KHTML, like Gecko) Chrome/68.0.3440.106 Safari/537.36 OPR/55.0.2994.61',
  'accept' => '*/*',
  'referer' => 'http://www.perject.com/index/login/login',
  'accept-encoding' => 'gzip, deflate',
  'accept-language' => 'zh-CN,zh;q=0.9',
  'cookie' => 'PHPSESSID=qafc42nggc7dvq21m5kgdq7h41',
)
[ info ] [ PARAM ] array (
)
[ info ] [ LOG ] INIT File
---------------------------------------------------------------
[ 2018-09-20T14:32:01+08:00 ] 127.0.0.1 POST /index/login/login
[ info ] www.perject.com/index/login/login [运行时间：0.035213s][吞吐率：28.40req/s] [内存消耗：1,379.54kb] [文件加载：35]
[ info ] [ LANG ] G:\CodeFile\WWW\month12\perject\ecshop\ThinkPHP\thinkphp\lang\zh-cn.php
[ info ] [ ROUTE ] array (
  'type' => 'module',
  'module' => 
  array (
    0 => 'index',
    1 => 'login',
    2 => 'login',
  ),
)
[ info ] [ HEADER ] array (
  'host' => 'www.perject.com',
  'connection' => 'keep-alive',
  'content-length' => '7',
  'cache-control' => 'max-age=0',
  'origin' => 'http://www.perject.com',
  'upgrade-insecure-requests' => '1',
  'content-type' => 'application/x-www-form-urlencoded',
  'user-agent' => 'Mozilla/5.0 (Windows NT 10.0; Win64; x64) AppleWebKit/537.36 (KHTML, like Gecko) Chrome/68.0.3440.106 Safari/537.36 OPR/55.0.2994.61',
  'accept' => 'text/html,application/xhtml+xml,application/xml;q=0.9,image/webp,image/apng,*/*;q=0.8',
  'referer' => 'http://www.perject.com/index/login/login',
  'accept-encoding' => 'gzip, deflate',
  'accept-language' => 'zh-CN,zh;q=0.9',
  'cookie' => 'PHPSESSID=qafc42nggc7dvq21m5kgdq7h41',
)
[ info ] [ PARAM ] array (
  'u' => 's',
  'p' => 's',
)
[ info ] [ RUN ] app\index\controller\Login->login[ G:\CodeFile\WWW\month12\perject\ecshop\ThinkPHP\application\index\controller\Login.php ]
[ info ] [ VIEW ] G:\CodeFile\WWW\month12\perject\ecshop\ThinkPHP\public/../application/index\view\login\login.html [ array (
) ]
[ info ] [ LOG ] INIT File
---------------------------------------------------------------
[ 2018-09-20T14:32:01+08:00 ] 127.0.0.1 GET /static/js/prefixfree.min.js
[ info ] www.perject.com/static/js/prefixfree.min.js [运行时间：0.034721s][吞吐率：28.80req/s] [内存消耗：1,050.68kb] [文件加载：28]
[ info ] [ LANG ] G:\CodeFile\WWW\month12\perject\ecshop\ThinkPHP\thinkphp\lang\zh-cn.php
[ info ] [ ROUTE ] array (
  'type' => 'module',
  'module' => 
  array (
    0 => 'static',
    1 => 'js',
    2 => 'prefixfree.min.js',
  ),
)
[ info ] [ HEADER ] array (
  'host' => 'www.perject.com',
  'connection' => 'keep-alive',
  'user-agent' => 'Mozilla/5.0 (Windows NT 10.0; Win64; x64) AppleWebKit/537.36 (KHTML, like Gecko) Chrome/68.0.3440.106 Safari/537.36 OPR/55.0.2994.61',
  'accept' => '*/*',
  'referer' => 'http://www.perject.com/index/login/login',
  'accept-encoding' => 'gzip, deflate',
  'accept-language' => 'zh-CN,zh;q=0.9',
  'cookie' => 'PHPSESSID=qafc42nggc7dvq21m5kgdq7h41',
)
[ info ] [ PARAM ] array (
)
[ info ] [ LOG ] INIT File
---------------------------------------------------------------
[ 2018-09-20T14:32:17+08:00 ] 127.0.0.1 GET /index/login/login
[ info ] www.perject.com/index/login/login [运行时间：0.045647s][吞吐率：21.91req/s] [内存消耗：1,377.83kb] [文件加载：35]
[ info ] [ LANG ] G:\CodeFile\WWW\month12\perject\ecshop\ThinkPHP\thinkphp\lang\zh-cn.php
[ info ] [ ROUTE ] array (
  'type' => 'module',
  'module' => 
  array (
    0 => 'index',
    1 => 'login',
    2 => 'login',
  ),
)
[ info ] [ HEADER ] array (
  'host' => 'www.perject.com',
  'connection' => 'keep-alive',
  'upgrade-insecure-requests' => '1',
  'user-agent' => 'Mozilla/5.0 (Windows NT 10.0; Win64; x64) AppleWebKit/537.36 (KHTML, like Gecko) Chrome/68.0.3440.106 Safari/537.36 OPR/55.0.2994.61',
  'accept' => 'text/html,application/xhtml+xml,application/xml;q=0.9,image/webp,image/apng,*/*;q=0.8',
  'accept-encoding' => 'gzip, deflate',
  'accept-language' => 'zh-CN,zh;q=0.9',
  'cookie' => 'PHPSESSID=qafc42nggc7dvq21m5kgdq7h41',
)
[ info ] [ PARAM ] array (
)
[ info ] [ RUN ] app\index\controller\Login->login[ G:\CodeFile\WWW\month12\perject\ecshop\ThinkPHP\application\index\controller\Login.php ]
[ info ] [ VIEW ] G:\CodeFile\WWW\month12\perject\ecshop\ThinkPHP\public/../application/index\view\login\login.html [ array (
) ]
[ info ] [ LOG ] INIT File
---------------------------------------------------------------
[ 2018-09-20T14:33:04+08:00 ] 127.0.0.1 POST /index/login/login
[ info ] www.perject.com/index/login/login [运行时间：0.035385s][吞吐率：28.26req/s] [内存消耗：1,530.20kb] [文件加载：37]
[ info ] [ LANG ] G:\CodeFile\WWW\month12\perject\ecshop\ThinkPHP\thinkphp\lang\zh-cn.php
[ info ] [ ROUTE ] array (
  'type' => 'module',
  'module' => 
  array (
    0 => 'index',
    1 => 'login',
    2 => 'login',
  ),
)
[ info ] [ HEADER ] array (
  'host' => 'www.perject.com',
  'connection' => 'keep-alive',
  'content-length' => '7',
  'cache-control' => 'max-age=0',
  'origin' => 'http://www.perject.com',
  'upgrade-insecure-requests' => '1',
  'content-type' => 'application/x-www-form-urlencoded',
  'user-agent' => 'Mozilla/5.0 (Windows NT 10.0; Win64; x64) AppleWebKit/537.36 (KHTML, like Gecko) Chrome/68.0.3440.106 Safari/537.36 OPR/55.0.2994.61',
  'accept' => 'text/html,application/xhtml+xml,application/xml;q=0.9,image/webp,image/apng,*/*;q=0.8',
  'referer' => 'http://www.perject.com/index/login/login',
  'accept-encoding' => 'gzip, deflate',
  'accept-language' => 'zh-CN,zh;q=0.9',
  'cookie' => 'PHPSESSID=qafc42nggc7dvq21m5kgdq7h41',
)
[ info ] [ PARAM ] array (
  'u' => 's',
  'p' => 's',
)
[ info ] [ RUN ] app\index\controller\Login->login[ G:\CodeFile\WWW\month12\perject\ecshop\ThinkPHP\application\index\controller\Login.php ]
[ info ] [ VIEW ] G:\CodeFile\WWW\month12\perject\ecshop\ThinkPHP\public/../application/index\view\login\login.html [ array (
) ]
[ info ] [ LOG ] INIT File
---------------------------------------------------------------
[ 2018-09-20T14:33:10+08:00 ] 127.0.0.1 POST /index/login/login
[ info ] www.perject.com/index/login/login [运行时间：0.035918s][吞吐率：27.84req/s] [内存消耗：1,379.54kb] [文件加载：35]
[ info ] [ LANG ] G:\CodeFile\WWW\month12\perject\ecshop\ThinkPHP\thinkphp\lang\zh-cn.php
[ info ] [ ROUTE ] array (
  'type' => 'module',
  'module' => 
  array (
    0 => 'index',
    1 => 'login',
    2 => 'login',
  ),
)
[ info ] [ HEADER ] array (
  'host' => 'www.perject.com',
  'connection' => 'keep-alive',
  'content-length' => '12',
  'cache-control' => 'max-age=0',
  'origin' => 'http://www.perject.com',
  'upgrade-insecure-requests' => '1',
  'content-type' => 'application/x-www-form-urlencoded',
  'user-agent' => 'Mozilla/5.0 (Windows NT 10.0; Win64; x64) AppleWebKit/537.36 (KHTML, like Gecko) Chrome/68.0.3440.106 Safari/537.36 OPR/55.0.2994.61',
  'accept' => 'text/html,application/xhtml+xml,application/xml;q=0.9,image/webp,image/apng,*/*;q=0.8',
  'referer' => 'http://www.perject.com/index/login/login',
  'accept-encoding' => 'gzip, deflate',
  'accept-language' => 'zh-CN,zh;q=0.9',
  'cookie' => 'PHPSESSID=qafc42nggc7dvq21m5kgdq7h41',
)
[ info ] [ PARAM ] array (
  'u' => 'asdf',
  'p' => 'sdf',
)
[ info ] [ RUN ] app\index\controller\Login->login[ G:\CodeFile\WWW\month12\perject\ecshop\ThinkPHP\application\index\controller\Login.php ]
[ info ] [ VIEW ] G:\CodeFile\WWW\month12\perject\ecshop\ThinkPHP\public/../application/index\view\login\login.html [ array (
) ]
[ info ] [ LOG ] INIT File
---------------------------------------------------------------
[ 2018-09-20T14:33:50+08:00 ] 127.0.0.1 POST /index/login/login
[ info ] www.perject.com/index/login/login [运行时间：0.050979s][吞吐率：19.62req/s] [内存消耗：1,530.20kb] [文件加载：37]
[ info ] [ LANG ] G:\CodeFile\WWW\month12\perject\ecshop\ThinkPHP\thinkphp\lang\zh-cn.php
[ info ] [ ROUTE ] array (
  'type' => 'module',
  'module' => 
  array (
    0 => 'index',
    1 => 'login',
    2 => 'login',
  ),
)
[ info ] [ HEADER ] array (
  'host' => 'www.perject.com',
  'connection' => 'keep-alive',
  'content-length' => '12',
  'cache-control' => 'max-age=0',
  'upgrade-insecure-requests' => '1',
  'user-agent' => 'Mozilla/5.0 (Windows NT 10.0; Win64; x64) AppleWebKit/537.36 (KHTML, like Gecko) Chrome/68.0.3440.106 Safari/537.36 OPR/55.0.2994.61',
  'origin' => 'http://www.perject.com',
  'content-type' => 'application/x-www-form-urlencoded',
  'accept' => 'text/html,application/xhtml+xml,application/xml;q=0.9,image/webp,image/apng,*/*;q=0.8',
  'referer' => 'http://www.perject.com/index/login/login',
  'accept-encoding' => 'gzip, deflate',
  'accept-language' => 'zh-CN,zh;q=0.9',
  'cookie' => 'PHPSESSID=qafc42nggc7dvq21m5kgdq7h41',
)
[ info ] [ PARAM ] array (
  'u' => 'asdf',
  'p' => 'sdf',
)
[ info ] [ RUN ] app\index\controller\Login->login[ G:\CodeFile\WWW\month12\perject\ecshop\ThinkPHP\application\index\controller\Login.php ]
[ info ] [ VIEW ] G:\CodeFile\WWW\month12\perject\ecshop\ThinkPHP\public/../application/index\view\login\login.html [ array (
) ]
[ info ] [ LOG ] INIT File
---------------------------------------------------------------
[ 2018-09-20T14:34:06+08:00 ] 127.0.0.1 POST /index/login/login
[ info ] www.perject.com/index/login/login [运行时间：0.048512s][吞吐率：20.61req/s] [内存消耗：1,379.56kb] [文件加载：35]
[ info ] [ LANG ] G:\CodeFile\WWW\month12\perject\ecshop\ThinkPHP\thinkphp\lang\zh-cn.php
[ info ] [ ROUTE ] array (
  'type' => 'module',
  'module' => 
  array (
    0 => 'index',
    1 => 'login',
    2 => 'login',
  ),
)
[ info ] [ HEADER ] array (
  'host' => 'www.perject.com',
  'connection' => 'keep-alive',
  'content-length' => '12',
  'cache-control' => 'max-age=0',
  'origin' => 'http://www.perject.com',
  'upgrade-insecure-requests' => '1',
  'content-type' => 'application/x-www-form-urlencoded',
  'user-agent' => 'Mozilla/5.0 (Windows NT 10.0; Win64; x64) AppleWebKit/537.36 (KHTML, like Gecko) Chrome/68.0.3440.106 Safari/537.36 OPR/55.0.2994.61',
  'accept' => 'text/html,application/xhtml+xml,application/xml;q=0.9,image/webp,image/apng,*/*;q=0.8',
  'referer' => 'http://www.perject.com/index/login/login',
  'accept-encoding' => 'gzip, deflate',
  'accept-language' => 'zh-CN,zh;q=0.9',
  'cookie' => 'PHPSESSID=qafc42nggc7dvq21m5kgdq7h41',
)
[ info ] [ PARAM ] array (
  'u' => 'asdf',
  'p' => 'sdf',
)
[ info ] [ RUN ] app\index\controller\Login->login[ G:\CodeFile\WWW\month12\perject\ecshop\ThinkPHP\application\index\controller\Login.php ]
[ info ] [ VIEW ] G:\CodeFile\WWW\month12\perject\ecshop\ThinkPHP\public/../application/index\view\login\login.html [ array (
) ]
[ info ] [ LOG ] INIT File
---------------------------------------------------------------
[ 2018-09-20T14:35:18+08:00 ] 127.0.0.1 POST /index/login/login
[ info ] www.perject.com/index/login/login [运行时间：0.053248s][吞吐率：18.78req/s] [内存消耗：1,530.12kb] [文件加载：37]
[ info ] [ LANG ] G:\CodeFile\WWW\month12\perject\ecshop\ThinkPHP\thinkphp\lang\zh-cn.php
[ info ] [ ROUTE ] array (
  'type' => 'module',
  'module' => 
  array (
    0 => 'index',
    1 => 'login',
    2 => 'login',
  ),
)
[ info ] [ HEADER ] array (
  'host' => 'www.perject.com',
  'connection' => 'keep-alive',
  'content-length' => '12',
  'cache-control' => 'max-age=0',
  'upgrade-insecure-requests' => '1',
  'user-agent' => 'Mozilla/5.0 (Windows NT 10.0; Win64; x64) AppleWebKit/537.36 (KHTML, like Gecko) Chrome/68.0.3440.106 Safari/537.36 OPR/55.0.2994.61',
  'origin' => 'http://www.perject.com',
  'content-type' => 'application/x-www-form-urlencoded',
  'accept' => 'text/html,application/xhtml+xml,application/xml;q=0.9,image/webp,image/apng,*/*;q=0.8',
  'referer' => 'http://www.perject.com/index/login/login',
  'accept-encoding' => 'gzip, deflate',
  'accept-language' => 'zh-CN,zh;q=0.9',
  'cookie' => 'PHPSESSID=qafc42nggc7dvq21m5kgdq7h41',
)
[ info ] [ PARAM ] array (
  'u' => 'asdf',
  'p' => 'sdf',
)
[ info ] [ RUN ] app\index\controller\Login->login[ G:\CodeFile\WWW\month12\perject\ecshop\ThinkPHP\application\index\controller\Login.php ]
[ info ] [ VIEW ] G:\CodeFile\WWW\month12\perject\ecshop\ThinkPHP\public/../application/index\view\login\login.html [ array (
) ]
[ info ] [ LOG ] INIT File
---------------------------------------------------------------
[ 2018-09-20T14:35:30+08:00 ] 127.0.0.1 POST /index/login/login
[ info ] www.perject.com/index/login/login [运行时间：0.050966s][吞吐率：19.62req/s] [内存消耗：1,379.55kb] [文件加载：35]
[ info ] [ LANG ] G:\CodeFile\WWW\month12\perject\ecshop\ThinkPHP\thinkphp\lang\zh-cn.php
[ info ] [ ROUTE ] array (
  'type' => 'module',
  'module' => 
  array (
    0 => 'index',
    1 => 'login',
    2 => 'login',
  ),
)
[ info ] [ HEADER ] array (
  'host' => 'www.perject.com',
  'connection' => 'keep-alive',
  'content-length' => '12',
  'cache-control' => 'max-age=0',
  'upgrade-insecure-requests' => '1',
  'user-agent' => 'Mozilla/5.0 (Windows NT 10.0; Win64; x64) AppleWebKit/537.36 (KHTML, like Gecko) Chrome/68.0.3440.106 Safari/537.36 OPR/55.0.2994.61',
  'origin' => 'http://www.perject.com',
  'content-type' => 'application/x-www-form-urlencoded',
  'accept' => 'text/html,application/xhtml+xml,application/xml;q=0.9,image/webp,image/apng,*/*;q=0.8',
  'referer' => 'http://www.perject.com/index/login/login',
  'accept-encoding' => 'gzip, deflate',
  'accept-language' => 'zh-CN,zh;q=0.9',
  'cookie' => 'PHPSESSID=qafc42nggc7dvq21m5kgdq7h41',
)
[ info ] [ PARAM ] array (
  'u' => 'asdf',
  'p' => 'sdf',
)
[ info ] [ RUN ] app\index\controller\Login->login[ G:\CodeFile\WWW\month12\perject\ecshop\ThinkPHP\application\index\controller\Login.php ]
[ info ] [ VIEW ] G:\CodeFile\WWW\month12\perject\ecshop\ThinkPHP\public/../application/index\view\login\login.html [ array (
) ]
[ info ] [ LOG ] INIT File
---------------------------------------------------------------
[ 2018-09-20T14:38:10+08:00 ] 127.0.0.1 POST /index/login/login
[ info ] www.perject.com/index/login/login [运行时间：0.058337s][吞吐率：17.14req/s] [内存消耗：1,530.12kb] [文件加载：37]
[ info ] [ LANG ] G:\CodeFile\WWW\month12\perject\ecshop\ThinkPHP\thinkphp\lang\zh-cn.php
[ info ] [ ROUTE ] array (
  'type' => 'module',
  'module' => 
  array (
    0 => 'index',
    1 => 'login',
    2 => 'login',
  ),
)
[ info ] [ HEADER ] array (
  'host' => 'www.perject.com',
  'connection' => 'keep-alive',
  'content-length' => '12',
  'cache-control' => 'max-age=0',
  'upgrade-insecure-requests' => '1',
  'user-agent' => 'Mozilla/5.0 (Windows NT 10.0; Win64; x64) AppleWebKit/537.36 (KHTML, like Gecko) Chrome/68.0.3440.106 Safari/537.36 OPR/55.0.2994.61',
  'origin' => 'http://www.perject.com',
  'content-type' => 'application/x-www-form-urlencoded',
  'accept' => 'text/html,application/xhtml+xml,application/xml;q=0.9,image/webp,image/apng,*/*;q=0.8',
  'referer' => 'http://www.perject.com/index/login/login',
  'accept-encoding' => 'gzip, deflate',
  'accept-language' => 'zh-CN,zh;q=0.9',
  'cookie' => 'PHPSESSID=qafc42nggc7dvq21m5kgdq7h41',
)
[ info ] [ PARAM ] array (
  'u' => 'asdf',
  'p' => 'sdf',
)
[ info ] [ RUN ] app\index\controller\Login->login[ G:\CodeFile\WWW\month12\perject\ecshop\ThinkPHP\application\index\controller\Login.php ]
[ info ] [ VIEW ] G:\CodeFile\WWW\month12\perject\ecshop\ThinkPHP\public/../application/index\view\login\login.html [ array (
) ]
[ info ] [ LOG ] INIT File
---------------------------------------------------------------
[ 2018-09-20T14:39:23+08:00 ] 127.0.0.1 POST /index/login/login
[ info ] www.perject.com/index/login/login [运行时间：0.048340s][吞吐率：20.69req/s] [内存消耗：1,379.54kb] [文件加载：35]
[ info ] [ LANG ] G:\CodeFile\WWW\month12\perject\ecshop\ThinkPHP\thinkphp\lang\zh-cn.php
[ info ] [ ROUTE ] array (
  'type' => 'module',
  'module' => 
  array (
    0 => 'index',
    1 => 'login',
    2 => 'login',
  ),
)
[ info ] [ HEADER ] array (
  'host' => 'www.perject.com',
  'connection' => 'keep-alive',
  'content-length' => '12',
  'cache-control' => 'max-age=0',
  'origin' => 'http://www.perject.com',
  'upgrade-insecure-requests' => '1',
  'content-type' => 'application/x-www-form-urlencoded',
  'user-agent' => 'Mozilla/5.0 (Windows NT 10.0; Win64; x64) AppleWebKit/537.36 (KHTML, like Gecko) Chrome/68.0.3440.106 Safari/537.36 OPR/55.0.2994.61',
  'accept' => 'text/html,application/xhtml+xml,application/xml;q=0.9,image/webp,image/apng,*/*;q=0.8',
  'referer' => 'http://www.perject.com/index/login/login',
  'accept-encoding' => 'gzip, deflate',
  'accept-language' => 'zh-CN,zh;q=0.9',
  'cookie' => 'PHPSESSID=qafc42nggc7dvq21m5kgdq7h41',
)
[ info ] [ PARAM ] array (
  'u' => 'asdf',
  'p' => 'sdf',
)
[ info ] [ RUN ] app\index\controller\Login->login[ G:\CodeFile\WWW\month12\perject\ecshop\ThinkPHP\application\index\controller\Login.php ]
[ info ] [ VIEW ] G:\CodeFile\WWW\month12\perject\ecshop\ThinkPHP\public/../application/index\view\login\login.html [ array (
) ]
[ info ] [ LOG ] INIT File
---------------------------------------------------------------
[ 2018-09-20T14:39:30+08:00 ] 127.0.0.1 POST /index/login/login_do.html
[ info ] www.perject.com/index/login/login_do.html [运行时间：0.069840s][吞吐率：14.32req/s] [内存消耗：2,095.85kb] [文件加载：40]
[ info ] [ LANG ] G:\CodeFile\WWW\month12\perject\ecshop\ThinkPHP\thinkphp\lang\zh-cn.php
[ info ] [ ROUTE ] array (
  'type' => 'module',
  'module' => 
  array (
    0 => 'index',
    1 => 'login',
    2 => 'login_do',
  ),
)
[ info ] [ HEADER ] array (
  'host' => 'www.perject.com',
  'connection' => 'keep-alive',
  'content-length' => '20',
  'accept' => 'application/json, text/javascript, */*; q=0.01',
  'origin' => 'http://www.perject.com',
  'x-requested-with' => 'XMLHttpRequest',
  'user-agent' => 'Mozilla/5.0 (Windows NT 10.0; Win64; x64) AppleWebKit/537.36 (KHTML, like Gecko) Chrome/68.0.3440.106 Safari/537.36 OPR/55.0.2994.61',
  'content-type' => 'application/x-www-form-urlencoded; charset=UTF-8',
  'referer' => 'http://www.perject.com/index/login/login',
  'accept-encoding' => 'gzip, deflate',
  'accept-language' => 'zh-CN,zh;q=0.9',
  'cookie' => 'PHPSESSID=qafc42nggc7dvq21m5kgdq7h41',
)
[ info ] [ PARAM ] array (
  'username' => 'asdf',
  'pwd' => 'sd',
)
[ info ] [ RUN ] app\index\controller\Login->login_do[ G:\CodeFile\WWW\month12\perject\ecshop\ThinkPHP\application\index\controller\Login.php ]
[ info ] [ DB ] INIT mysql
[ info ] [ LOG ] INIT File
[ sql ] [ DB ] CONNECT:[ UseTime:0.002504s ] mysql:host=127.0.0.1;dbname=ecsp;charset=utf8
[ sql ] [ SQL ] SHOW COLUMNS FROM `login` [ RunTime:0.016590s ]
[ sql ] [ SQL ] SELECT * FROM `login` WHERE  `username` = 'asdf' [ RunTime:0.000582s ]
---------------------------------------------------------------
[ 2018-09-20T14:39:34+08:00 ] 127.0.0.1 POST /index/login/login
[ info ] www.perject.com/index/login/login [运行时间：0.046525s][吞吐率：21.49req/s] [内存消耗：1,379.54kb] [文件加载：35]
[ info ] [ LANG ] G:\CodeFile\WWW\month12\perject\ecshop\ThinkPHP\thinkphp\lang\zh-cn.php
[ info ] [ ROUTE ] array (
  'type' => 'module',
  'module' => 
  array (
    0 => 'index',
    1 => 'login',
    2 => 'login',
  ),
)
[ info ] [ HEADER ] array (
  'host' => 'www.perject.com',
  'connection' => 'keep-alive',
  'content-length' => '12',
  'cache-control' => 'max-age=0',
  'upgrade-insecure-requests' => '1',
  'user-agent' => 'Mozilla/5.0 (Windows NT 10.0; Win64; x64) AppleWebKit/537.36 (KHTML, like Gecko) Chrome/68.0.3440.106 Safari/537.36 OPR/55.0.2994.61',
  'origin' => 'http://www.perject.com',
  'content-type' => 'application/x-www-form-urlencoded',
  'accept' => 'text/html,application/xhtml+xml,application/xml;q=0.9,image/webp,image/apng,*/*;q=0.8',
  'referer' => 'http://www.perject.com/index/login/login',
  'accept-encoding' => 'gzip, deflate',
  'accept-language' => 'zh-CN,zh;q=0.9',
  'cookie' => 'PHPSESSID=qafc42nggc7dvq21m5kgdq7h41',
)
[ info ] [ PARAM ] array (
  'u' => 'asdf',
  'p' => 'sdf',
)
[ info ] [ RUN ] app\index\controller\Login->login[ G:\CodeFile\WWW\month12\perject\ecshop\ThinkPHP\application\index\controller\Login.php ]
[ info ] [ VIEW ] G:\CodeFile\WWW\month12\perject\ecshop\ThinkPHP\public/../application/index\view\login\login.html [ array (
) ]
[ info ] [ LOG ] INIT File
---------------------------------------------------------------
[ 2018-09-20T14:39:35+08:00 ] 127.0.0.1 POST /index/login/login
[ info ] www.perject.com/index/login/login [运行时间：0.060450s][吞吐率：16.54req/s] [内存消耗：1,379.54kb] [文件加载：35]
[ info ] [ LANG ] G:\CodeFile\WWW\month12\perject\ecshop\ThinkPHP\thinkphp\lang\zh-cn.php
[ info ] [ ROUTE ] array (
  'type' => 'module',
  'module' => 
  array (
    0 => 'index',
    1 => 'login',
    2 => 'login',
  ),
)
[ info ] [ HEADER ] array (
  'host' => 'www.perject.com',
  'connection' => 'keep-alive',
  'content-length' => '12',
  'cache-control' => 'max-age=0',
  'upgrade-insecure-requests' => '1',
  'user-agent' => 'Mozilla/5.0 (Windows NT 10.0; Win64; x64) AppleWebKit/537.36 (KHTML, like Gecko) Chrome/68.0.3440.106 Safari/537.36 OPR/55.0.2994.61',
  'origin' => 'http://www.perject.com',
  'content-type' => 'application/x-www-form-urlencoded',
  'accept' => 'text/html,application/xhtml+xml,application/xml;q=0.9,image/webp,image/apng,*/*;q=0.8',
  'referer' => 'http://www.perject.com/index/login/login',
  'accept-encoding' => 'gzip, deflate',
  'accept-language' => 'zh-CN,zh;q=0.9',
  'cookie' => 'PHPSESSID=qafc42nggc7dvq21m5kgdq7h41',
)
[ info ] [ PARAM ] array (
  'u' => 'asdf',
  'p' => 'sdf',
)
[ info ] [ RUN ] app\index\controller\Login->login[ G:\CodeFile\WWW\month12\perject\ecshop\ThinkPHP\application\index\controller\Login.php ]
[ info ] [ VIEW ] G:\CodeFile\WWW\month12\perject\ecshop\ThinkPHP\public/../application/index\view\login\login.html [ array (
) ]
[ info ] [ LOG ] INIT File
---------------------------------------------------------------
[ 2018-09-20T14:39:39+08:00 ] 127.0.0.1 POST /index/login/login_do.html
[ info ] www.perject.com/index/login/login_do.html [运行时间：0.067679s][吞吐率：14.78req/s] [内存消耗：2,095.85kb] [文件加载：40]
[ info ] [ LANG ] G:\CodeFile\WWW\month12\perject\ecshop\ThinkPHP\thinkphp\lang\zh-cn.php
[ info ] [ ROUTE ] array (
  'type' => 'module',
  'module' => 
  array (
    0 => 'index',
    1 => 'login',
    2 => 'login_do',
  ),
)
[ info ] [ HEADER ] array (
  'host' => 'www.perject.com',
  'connection' => 'keep-alive',
  'content-length' => '20',
  'accept' => 'application/json, text/javascript, */*; q=0.01',
  'origin' => 'http://www.perject.com',
  'x-requested-with' => 'XMLHttpRequest',
  'user-agent' => 'Mozilla/5.0 (Windows NT 10.0; Win64; x64) AppleWebKit/537.36 (KHTML, like Gecko) Chrome/68.0.3440.106 Safari/537.36 OPR/55.0.2994.61',
  'content-type' => 'application/x-www-form-urlencoded; charset=UTF-8',
  'referer' => 'http://www.perject.com/index/login/login',
  'accept-encoding' => 'gzip, deflate',
  'accept-language' => 'zh-CN,zh;q=0.9',
  'cookie' => 'PHPSESSID=qafc42nggc7dvq21m5kgdq7h41',
)
[ info ] [ PARAM ] array (
  'username' => 'wer',
  'pwd' => 'wer',
)
[ info ] [ RUN ] app\index\controller\Login->login_do[ G:\CodeFile\WWW\month12\perject\ecshop\ThinkPHP\application\index\controller\Login.php ]
[ info ] [ DB ] INIT mysql
[ info ] [ LOG ] INIT File
[ sql ] [ DB ] CONNECT:[ UseTime:0.001869s ] mysql:host=127.0.0.1;dbname=ecsp;charset=utf8
[ sql ] [ SQL ] SHOW COLUMNS FROM `login` [ RunTime:0.014450s ]
[ sql ] [ SQL ] SELECT * FROM `login` WHERE  `username` = 'wer' [ RunTime:0.000459s ]
---------------------------------------------------------------
[ 2018-09-20T14:39:52+08:00 ] 127.0.0.1 POST /index/login/login
[ info ] www.perject.com/index/login/login [运行时间：0.056785s][吞吐率：17.61req/s] [内存消耗：1,530.06kb] [文件加载：37]
[ info ] [ LANG ] G:\CodeFile\WWW\month12\perject\ecshop\ThinkPHP\thinkphp\lang\zh-cn.php
[ info ] [ ROUTE ] array (
  'type' => 'module',
  'module' => 
  array (
    0 => 'index',
    1 => 'login',
    2 => 'login',
  ),
)
[ info ] [ HEADER ] array (
  'host' => 'www.perject.com',
  'connection' => 'keep-alive',
  'content-length' => '12',
  'cache-control' => 'max-age=0',
  'upgrade-insecure-requests' => '1',
  'user-agent' => 'Mozilla/5.0 (Windows NT 10.0; Win64; x64) AppleWebKit/537.36 (KHTML, like Gecko) Chrome/68.0.3440.106 Safari/537.36 OPR/55.0.2994.61',
  'origin' => 'http://www.perject.com',
  'content-type' => 'application/x-www-form-urlencoded',
  'accept' => 'text/html,application/xhtml+xml,application/xml;q=0.9,image/webp,image/apng,*/*;q=0.8',
  'referer' => 'http://www.perject.com/index/login/login',
  'accept-encoding' => 'gzip, deflate',
  'accept-language' => 'zh-CN,zh;q=0.9',
  'cookie' => 'PHPSESSID=qafc42nggc7dvq21m5kgdq7h41',
)
[ info ] [ PARAM ] array (
  'u' => 'asdf',
  'p' => 'sdf',
)
[ info ] [ RUN ] app\index\controller\Login->login[ G:\CodeFile\WWW\month12\perject\ecshop\ThinkPHP\application\index\controller\Login.php ]
[ info ] [ VIEW ] G:\CodeFile\WWW\month12\perject\ecshop\ThinkPHP\public/../application/index\view\login\login.html [ array (
) ]
[ info ] [ LOG ] INIT File
---------------------------------------------------------------
[ 2018-09-20T14:39:56+08:00 ] 127.0.0.1 POST /index/login/login_do.html
[ info ] www.perject.com/index/login/login_do.html [运行时间：0.061774s][吞吐率：16.19req/s] [内存消耗：2,095.85kb] [文件加载：40]
[ info ] [ LANG ] G:\CodeFile\WWW\month12\perject\ecshop\ThinkPHP\thinkphp\lang\zh-cn.php
[ info ] [ ROUTE ] array (
  'type' => 'module',
  'module' => 
  array (
    0 => 'index',
    1 => 'login',
    2 => 'login_do',
  ),
)
[ info ] [ HEADER ] array (
  'host' => 'www.perject.com',
  'connection' => 'keep-alive',
  'content-length' => '21',
  'accept' => 'application/json, text/javascript, */*; q=0.01',
  'origin' => 'http://www.perject.com',
  'x-requested-with' => 'XMLHttpRequest',
  'user-agent' => 'Mozilla/5.0 (Windows NT 10.0; Win64; x64) AppleWebKit/537.36 (KHTML, like Gecko) Chrome/68.0.3440.106 Safari/537.36 OPR/55.0.2994.61',
  'content-type' => 'application/x-www-form-urlencoded; charset=UTF-8',
  'referer' => 'http://www.perject.com/index/login/login',
  'accept-encoding' => 'gzip, deflate',
  'accept-language' => 'zh-CN,zh;q=0.9',
  'cookie' => 'PHPSESSID=qafc42nggc7dvq21m5kgdq7h41',
)
[ info ] [ PARAM ] array (
  'username' => 'asdf',
  'pwd' => 'wer',
)
[ info ] [ RUN ] app\index\controller\Login->login_do[ G:\CodeFile\WWW\month12\perject\ecshop\ThinkPHP\application\index\controller\Login.php ]
[ info ] [ DB ] INIT mysql
[ info ] [ LOG ] INIT File
[ sql ] [ DB ] CONNECT:[ UseTime:0.001854s ] mysql:host=127.0.0.1;dbname=ecsp;charset=utf8
[ sql ] [ SQL ] SHOW COLUMNS FROM `login` [ RunTime:0.012720s ]
[ sql ] [ SQL ] SELECT * FROM `login` WHERE  `username` = 'asdf' [ RunTime:0.000747s ]
---------------------------------------------------------------
[ 2018-09-20T14:39:59+08:00 ] 127.0.0.1 GET /index/login/login.html
[ info ] www.perject.com/index/login/login.html [运行时间：0.043392s][吞吐率：23.05req/s] [内存消耗：1,378.12kb] [文件加载：35]
[ info ] [ LANG ] G:\CodeFile\WWW\month12\perject\ecshop\ThinkPHP\thinkphp\lang\zh-cn.php
[ info ] [ ROUTE ] array (
  'type' => 'module',
  'module' => 
  array (
    0 => 'index',
    1 => 'login',
    2 => 'login',
  ),
)
[ info ] [ HEADER ] array (
  'host' => 'www.perject.com',
  'connection' => 'keep-alive',
  'upgrade-insecure-requests' => '1',
  'user-agent' => 'Mozilla/5.0 (Windows NT 10.0; Win64; x64) AppleWebKit/537.36 (KHTML, like Gecko) Chrome/68.0.3440.106 Safari/537.36 OPR/55.0.2994.61',
  'accept' => 'text/html,application/xhtml+xml,application/xml;q=0.9,image/webp,image/apng,*/*;q=0.8',
  'referer' => 'http://www.perject.com/index/login/login',
  'accept-encoding' => 'gzip, deflate',
  'accept-language' => 'zh-CN,zh;q=0.9',
  'cookie' => 'PHPSESSID=qafc42nggc7dvq21m5kgdq7h41',
)
[ info ] [ PARAM ] array (
)
[ info ] [ RUN ] app\index\controller\Login->login[ G:\CodeFile\WWW\month12\perject\ecshop\ThinkPHP\application\index\controller\Login.php ]
[ info ] [ VIEW ] G:\CodeFile\WWW\month12\perject\ecshop\ThinkPHP\public/../application/index\view\login\login.html [ array (
) ]
[ info ] [ LOG ] INIT File
